#
# A fatal error has been detected by the Java Runtime Environment:
#
#  SIGSEGV (0xb) at pc=0x00007f43dda230de, pid=9982, tid=139930489333504
#
# JRE version: Java(TM) SE Runtime Environment (7.0_40-b43) (build 1.7.0_40-b43)
# Java VM: Java HotSpot(TM) 64-Bit Server VM (24.0-b56 mixed mode linux-amd64 compressed oops)
# Problematic frame:
# C  [fglrx_dri.so+0x10400de]  ctime+0x10400de
#
# Failed to write core dump. Core dumps have been disabled. To enable core dumping, try "ulimit -c unlimited" before starting Java again
#
# If you would like to submit a bug report, please visit:
#   http://bugreport.sun.com/bugreport/crash.jsp
# The crash happened outside the Java Virtual Machine in native code.
# See problematic frame for where to report the bug.
#

---------------  T H R E A D  ---------------

Current thread (0x00007f442825d000):  JavaThread "AWT-EventQueue-0" [_thread_in_native, id=10011, stack(0x00007f441b0c2000,0x00007f441b1c3000)]

siginfo:si_signo=SIGSEGV: si_errno=0, si_code=1 (SEGV_MAPERR), si_addr=0x0000000000000028

Registers:
RAX=0x0000000000000000, RBX=0x00007f43f04186a0, RCX=0x0000000000000000, RDX=0x0000000000000000
RSP=0x00007f441b1bfca0, RBP=0x00007f43f04186a0, RSI=0x0000000000000080, RDI=0x00007f43f04186a0
R8 =0x00007f43f066be20, R9 =0x0000000000000000, R10=0x0000000000000000, R11=0x0000000000000000
R12=0x00007f441b1c2700, R13=0x00007f43f066bb40, R14=0x00000000eed76801, R15=0x00007f43f000c400
RIP=0x00007f43dda230de, EFLAGS=0x0000000000010202, CSGSFS=0x0000000000000033, ERR=0x0000000000000004
  TRAPNO=0x000000000000000e

Top of Stack: (sp=0x00007f441b1bfca0)
0x00007f441b1bfca0:   0000000000000000 00007f43dd9f7dbd
0x00007f441b1bfcb0:   0000000000000001 0000000000000000
0x00007f441b1bfcc0:   00007f43f034c200 0000000000000001
0x00007f441b1bfcd0:   00007f43f034ecf0 0000000000000000
0x00007f441b1bfce0:   00007f43f034ecf0 00007f43f034ecf0
0x00007f441b1bfcf0:   0000000000000001 00007f43f034c200
0x00007f441b1bfd00:   00007f441b1c2700 0000000000000000
0x00007f441b1bfd10:   00007f43f002e8c0 ffffc0f800000000
0x00007f441b1bfd20:   00007f43f034c200 00007f43f04186a0
0x00007f441b1bfd30:   00007f43f034e2e0 0000000000000000
0x00007f441b1bfd40:   00007f43f066bb40 00007f442f15c68b
0x00007f441b1bfd50:   00007f43f066be20 00007f43de7ff95c
0x00007f441b1bfd60:   00007f43f034c200 0000000000000000
0x00007f441b1bfd70:   0000000000000000 00007f43f0829d90
0x00007f441b1bfd80:   00007f43f04186a0 00007f441b1c2700
0x00007f441b1bfd90:   00007f43f066bb40 00007f43dda255aa
0x00007f441b1bfda0:   00007f43f066bb40 00007f43dd6741ae
0x00007f441b1bfdb0:   00007f43f000c400 00007f43f000c400
0x00007f441b1bfdc0:   0000000000000000 0000000000000004
0x00007f441b1bfdd0:   0000000000000001 00007f43dd00b12c
0x00007f441b1bfde0:   0000000000000018 0000000000000000
0x00007f441b1bfdf0:   0000000000001406 00000000eed768e8
0x00007f441b1bfe00:   0000000000001403 00007f43f000c3c0
0x00007f441b1bfe10:   0000000000000004 00007f43dd003c90
0x00007f441b1bfe20:   00007f43f0839890 00007f43dcd32bfc
0x00007f441b1bfe30:   00007f4300000000 0000000000000000
0x00007f441b1bfe40:   00007f441b1bfe80 00007f442e13ad42
0x00007f441b1bfe50:   0000000000001406 00007f442825d1e8
0x00007f441b1bfe60:   00007f441b1bfea0 00007f4419bcbe11
0x00007f441b1bfe70:   00007f4419ff5610 0000889200000003
0x00007f441b1bfe80:   00007f441b1bfeb0 000000002825d1e8
0x00007f441b1bfe90:   0000000000000000 0000001e19ff5610 

Instructions: (pc=0x00007f43dda230de)
0x00007f43dda230be:   00 48 81 c4 f8 00 00 00 c3 f6 83 98 15 03 00 10
0x00007f43dda230ce:   0f 84 dc fd ff ff 48 8b 83 d8 18 03 00 48 89 df
0x00007f43dda230de:   ff 50 28 44 8b ab b8 1a 03 00 45 85 ed 0f 85 cf
0x00007f43dda230ee:   fd ff ff 48 8d bb 50 07 00 00 e8 a3 ba ff ff e9 

Register to memory mapping:

RAX=0x0000000000000000 is an unknown value
RBX=0x00007f43f04186a0 is an unknown value
RCX=0x0000000000000000 is an unknown value
RDX=0x0000000000000000 is an unknown value
RSP=0x00007f441b1bfca0 is pointing into the stack for thread: 0x00007f442825d000
RBP=0x00007f43f04186a0 is an unknown value
RSI=0x0000000000000080 is an unknown value
RDI=0x00007f43f04186a0 is an unknown value
R8 =0x00007f43f066be20 is an unknown value
R9 =0x0000000000000000 is an unknown value
R10=0x0000000000000000 is an unknown value
R11=0x0000000000000000 is an unknown value
R12=0x00007f441b1c2700 is pointing into the stack for thread: 0x00007f442825d000
R13=0x00007f43f066bb40 is an unknown value
R14=0x00000000eed76801 is an unknown value
R15=0x00007f43f000c400 is an unknown value


Stack: [0x00007f441b0c2000,0x00007f441b1c3000],  sp=0x00007f441b1bfca0,  free space=1015k
Native frames: (J=compiled Java code, j=interpreted, Vv=VM code, C=native code)
C  [fglrx_dri.so+0x10400de]  ctime+0x10400de

Java frames: (J=compiled Java code, j=interpreted, Vv=VM code)
J  jogamp.opengl.gl4.GL4bcImpl.dispatch_glDrawElements1(IIIJJ)V
J  processing.opengl.PShapeOpenGL.renderPolys(Lprocessing/opengl/PGraphicsOpenGL;Lprocessing/core/PImage;)V
J  flollock.dot(DDD)V
J  flollock.draw()V
j  processing.core.PApplet.handleDraw()V+231
j  processing.opengl.PJOGL$PGLListener.display(Ljavax/media/opengl/GLAutoDrawable;)V+476
j  jogamp.opengl.GLDrawableHelper.displayImpl(Ljavax/media/opengl/GLAutoDrawable;)V+81
j  jogamp.opengl.GLDrawableHelper.display(Ljavax/media/opengl/GLAutoDrawable;)V+2
j  javax.media.opengl.awt.GLCanvas$10.run()V+118
j  jogamp.opengl.GLDrawableHelper.invokeGLImpl(Ljavax/media/opengl/GLDrawable;Ljavax/media/opengl/GLContext;Ljava/lang/Runnable;Ljava/lang/Runnable;)V+206
j  jogamp.opengl.GLDrawableHelper.invokeGL(Ljavax/media/opengl/GLDrawable;Ljavax/media/opengl/GLContext;Ljava/lang/Runnable;Ljava/lang/Runnable;)V+80
j  javax.media.opengl.awt.GLCanvas$11.run()V+73
j  java.awt.event.InvocationEvent.dispatch()V+11
j  java.awt.EventQueue.dispatchEventImpl(Ljava/awt/AWTEvent;Ljava/lang/Object;)V+21
j  java.awt.EventQueue.access$200(Ljava/awt/EventQueue;Ljava/awt/AWTEvent;Ljava/lang/Object;)V+3
j  java.awt.EventQueue$3.run()Ljava/lang/Void;+12
j  java.awt.EventQueue$3.run()Ljava/lang/Object;+1
v  ~StubRoutines::call_stub
j  java.security.AccessController.doPrivileged(Ljava/security/PrivilegedAction;Ljava/security/AccessControlContext;)Ljava/lang/Object;+0
j  java.security.ProtectionDomain$1.doIntersectionPrivilege(Ljava/security/PrivilegedAction;Ljava/security/AccessControlContext;Ljava/security/AccessControlContext;)Ljava/lang/Object;+28
j  java.awt.EventQueue.dispatchEvent(Ljava/awt/AWTEvent;)V+46
j  java.awt.EventDispatchThread.pumpOneEventForFilters(I)V+245
j  java.awt.EventDispatchThread.pumpEventsForFilter(ILjava/awt/Conditional;Ljava/awt/EventFilter;)V+35
j  java.awt.EventDispatchThread.pumpEventsForHierarchy(ILjava/awt/Conditional;Ljava/awt/Component;)V+11
j  java.awt.EventDispatchThread.pumpEvents(ILjava/awt/Conditional;)V+4
j  java.awt.EventDispatchThread.pumpEvents(Ljava/awt/Conditional;)V+3
j  java.awt.EventDispatchThread.run()V+9
v  ~StubRoutines::call_stub

---------------  P R O C E S S  ---------------

Java Threads: ( => current thread )
  0x00007f43e801e800 JavaThread "NativeWindowFactory_ShutdownHook" [_thread_in_native, id=10047, stack(0x00007f43dab00000,0x00007f43dac01000)]
  0x00007f43e801c800 JavaThread "XToolkt-Shutdown-Thread" [_thread_blocked, id=10046, stack(0x00007f43dac01000,0x00007f43dad02000)]
  0x00007f4408001000 JavaThread "SIGTERM handler" daemon [_thread_blocked, id=10041, stack(0x00007f441b2c4000,0x00007f441b3c5000)]
  0x00007f43ec03d000 JavaThread "process reaper" daemon [_thread_blocked, id=10016, stack(0x00007f441af88000,0x00007f441afc1000)]
  0x00007f442800f800 JavaThread "DestroyJavaVM" [_thread_blocked, id=9984, stack(0x00007f442f45e000,0x00007f442f55f000)]
  0x00007f4428265800 JavaThread "Animation Thread" [_thread_blocked, id=10012, stack(0x00007f441afc1000,0x00007f441b0c2000)]
=>0x00007f442825d000 JavaThread "AWT-EventQueue-0" [_thread_in_native, id=10011, stack(0x00007f441b0c2000,0x00007f441b1c3000)]
  0x00007f4428259000 JavaThread "AWT-Shutdown" [_thread_blocked, id=10010, stack(0x00007f441b1c3000,0x00007f441b2c4000)]
  0x00007f4428221000 JavaThread "AWT-XAWT" daemon [_thread_blocked, id=10008, stack(0x00007f441b3c5000,0x00007f441b4c6000)]
  0x00007f44281f0800 JavaThread "Java2D Disposer" daemon [_thread_blocked, id=10007, stack(0x00007f441b8d6000,0x00007f441b9d7000)]
  0x00007f44280a6000 JavaThread "Service Thread" daemon [_thread_blocked, id=10003, stack(0x00007f4421255000,0x00007f4421356000)]
  0x00007f44280a3800 JavaThread "C2 CompilerThread1" daemon [_thread_blocked, id=10002, stack(0x00007f4421356000,0x00007f4421457000)]
  0x00007f44280a1000 JavaThread "C2 CompilerThread0" daemon [_thread_blocked, id=10001, stack(0x00007f4421457000,0x00007f4421558000)]
  0x00007f43fc001000 JavaThread "JDWP Command Reader" daemon [_thread_in_native, id=9995, stack(0x00007f4421558000,0x00007f4421659000)]
  0x00007f442809e800 JavaThread "JDWP Event Helper Thread" daemon [_thread_blocked, id=9992, stack(0x00007f4421659000,0x00007f442175a000)]
  0x00007f442809b000 JavaThread "JDWP Transport Listener: dt_socket" daemon [_thread_blocked, id=9991, stack(0x00007f442175a000,0x00007f442185b000)]
  0x00007f4428085000 JavaThread "Signal Dispatcher" daemon [_thread_blocked, id=9990, stack(0x00007f4421a5f000,0x00007f4421b60000)]
  0x00007f442806f000 JavaThread "Finalizer" daemon [_thread_blocked, id=9989, stack(0x00007f4421b60000,0x00007f4421c61000)]
  0x00007f442806d000 JavaThread "Reference Handler" daemon [_thread_blocked, id=9988, stack(0x00007f4421c61000,0x00007f4421d62000)]

Other Threads:
  0x00007f442806a800 VMThread [stack: 0x00007f4421d62000,0x00007f4421e63000] [id=9987]
  0x00007f44280b0800 WatcherThread [stack: 0x00007f4421154000,0x00007f4421255000] [id=10004]

VM state:not at safepoint (normal execution)

VM Mutex/Monitor currently owned by a thread: None

Heap
 PSYoungGen      total 20992K, used 18539K [0x00000000ed700000, 0x00000000ef280000, 0x0000000100000000)
  eden space 14848K, 99% used [0x00000000ed700000,0x00000000ee571cf0,0x00000000ee580000)
  from space 6144K, 61% used [0x00000000eec80000,0x00000000ef0290b0,0x00000000ef280000)
  to   space 6656K, 0% used [0x00000000ee580000,0x00000000ee580000,0x00000000eec00000)
 ParOldGen       total 37888K, used 8098K [0x00000000c8600000, 0x00000000cab00000, 0x00000000ed700000)
  object space 37888K, 21% used [0x00000000c8600000,0x00000000c8de8b10,0x00000000cab00000)
 PSPermGen       total 21504K, used 17919K [0x00000000c3400000, 0x00000000c4900000, 0x00000000c8600000)
  object space 21504K, 83% used [0x00000000c3400000,0x00000000c457fd00,0x00000000c4900000)

Card table byte_map: [0x00007f4424e19000,0x00007f4425000000] byte_map_base: 0x00007f44247ff000

Polling page: 0x00007f442f58b000

Code Cache  [0x00007f4425000000, 0x00007f4425270000, 0x00007f4428000000)
 total_blobs=1130 nmethods=256 adapters=836 free_code_cache=47225Kb largest_free_block=48325504

Compilation events (10 events):
Event: 49.061 Thread 0x00007f44280a3800  254             sun.awt.IconInfo::intArrayToLongArray (28 bytes)
Event: 49.118 Thread 0x00007f44280a3800 nmethod 254 0x00007f44251da410 code [0x00007f44251da560, 0x00007f44251da778]
Event: 49.296 Thread 0x00007f44280a1000  255             sun.awt.X11.Native::getInt (8 bytes)
Event: 49.299 Thread 0x00007f44280a1000 nmethod 255 0x00007f44251da190 code [0x00007f44251da2e0, 0x00007f44251da378]
Event: 51.226 Thread 0x00007f44280a3800  256             java.awt.image.DirectColorModel::getDataElements (951 bytes)
Event: 51.460 Thread 0x00007f44280a3800 nmethod 256 0x00007f44251e71d0 code [0x00007f44251e74a0, 0x00007f44251e8bf8]
Event: 51.850 Thread 0x00007f44280a1000  257             sun.awt.image.IntegerComponentRaster::<init> (271 bytes)
Event: 51.853 Thread 0x00007f44280a3800  258             sun.awt.image.IntegerComponentRaster::verify (387 bytes)
Event: 51.947 Thread 0x00007f44280a3800 nmethod 258 0x00007f44251db950 code [0x00007f44251dbac0, 0x00007f44251dbe58]
Event: 51.978 Thread 0x00007f44280a1000 nmethod 257 0x00007f44251daad0 code [0x00007f44251dac80, 0x00007f44251db338]

GC Heap History (10 events):
Event: 19.361 GC heap before
{Heap before GC invocations=2 (full 0):
 PSYoungGen      total 16896K, used 15965K [0x00000000ed700000, 0x00000000ee980000, 0x0000000100000000)
  eden space 14848K, 93% used [0x00000000ed700000,0x00000000ee4981f8,0x00000000ee580000)
  from space 2048K, 99% used [0x00000000ee580000,0x00000000ee77f458,0x00000000ee780000)
  to   space 2048K, 0% used [0x00000000ee780000,0x00000000ee780000,0x00000000ee980000)
 ParOldGen       total 37888K, used 2000K [0x00000000c8600000, 0x00000000cab00000, 0x00000000ed700000)
  object space 37888K, 5% used [0x00000000c8600000,0x00000000c87f4308,0x00000000cab00000)
 PSPermGen       total 21504K, used 16815K [0x00000000c3400000, 0x00000000c4900000, 0x00000000c8600000)
  object space 21504K, 78% used [0x00000000c3400000,0x00000000c446bd78,0x00000000c4900000)
Event: 19.397 GC heap after
Heap after GC invocations=2 (full 0):
 PSYoungGen      total 16896K, used 2016K [0x00000000ed700000, 0x00000000ee980000, 0x0000000100000000)
  eden space 14848K, 0% used [0x00000000ed700000,0x00000000ed700000,0x00000000ee580000)
  from space 2048K, 98% used [0x00000000ee780000,0x00000000ee978060,0x00000000ee980000)
  to   space 2048K, 0% used [0x00000000ee580000,0x00000000ee580000,0x00000000ee780000)
 ParOldGen       total 37888K, used 6289K [0x00000000c8600000, 0x00000000cab00000, 0x00000000ed700000)
  object space 37888K, 16% used [0x00000000c8600000,0x00000000c8c24448,0x00000000cab00000)
 PSPermGen       total 21504K, used 16815K [0x00000000c3400000, 0x00000000c4900000, 0x00000000c8600000)
  object space 21504K, 78% used [0x00000000c3400000,0x00000000c446bd78,0x00000000c4900000)
}
Event: 35.231 GC heap before
{Heap before GC invocations=3 (full 0):
 PSYoungGen      total 16896K, used 16864K [0x00000000ed700000, 0x00000000ee980000, 0x0000000100000000)
  eden space 14848K, 100% used [0x00000000ed700000,0x00000000ee580000,0x00000000ee580000)
  from space 2048K, 98% used [0x00000000ee780000,0x00000000ee978060,0x00000000ee980000)
  to   space 2048K, 0% used [0x00000000ee580000,0x00000000ee580000,0x00000000ee780000)
 ParOldGen       total 37888K, used 6289K [0x00000000c8600000, 0x00000000cab00000, 0x00000000ed700000)
  object space 37888K, 16% used [0x00000000c8600000,0x00000000c8c24448,0x00000000cab00000)
 PSPermGen       total 21504K, used 17852K [0x00000000c3400000, 0x00000000c4900000, 0x00000000c8600000)
  object space 21504K, 83% used [0x00000000c3400000,0x00000000c456f1f0,0x00000000c4900000)
Event: 35.278 GC heap after
Heap after GC invocations=3 (full 0):
 PSYoungGen      total 16896K, used 2018K [0x00000000ed700000, 0x00000000ee980000, 0x0000000100000000)
  eden space 14848K, 0% used [0x00000000ed700000,0x00000000ed700000,0x00000000ee580000)
  from space 2048K, 98% used [0x00000000ee580000,0x00000000ee778870,0x00000000ee780000)
  to   space 2048K, 0% used [0x00000000ee780000,0x00000000ee780000,0x00000000ee980000)
 ParOldGen       total 37888K, used 8026K [0x00000000c8600000, 0x00000000cab00000, 0x00000000ed700000)
  object space 37888K, 21% used [0x00000000c8600000,0x00000000c8dd6ad0,0x00000000cab00000)
 PSPermGen       total 21504K, used 17852K [0x00000000c3400000, 0x00000000c4900000, 0x00000000c8600000)
  object space 21504K, 83% used [0x00000000c3400000,0x00000000c456f1f0,0x00000000c4900000)
}
Event: 40.797 GC heap before
{Heap before GC invocations=4 (full 0):
 PSYoungGen      total 16896K, used 16866K [0x00000000ed700000, 0x00000000ee980000, 0x0000000100000000)
  eden space 14848K, 100% used [0x00000000ed700000,0x00000000ee580000,0x00000000ee580000)
  from space 2048K, 98% used [0x00000000ee580000,0x00000000ee778870,0x00000000ee780000)
  to   space 2048K, 0% used [0x00000000ee780000,0x00000000ee780000,0x00000000ee980000)
 ParOldGen       total 37888K, used 8026K [0x00000000c8600000, 0x00000000cab00000, 0x00000000ed700000)
  object space 37888K, 21% used [0x00000000c8600000,0x00000000c8dd6ad0,0x00000000cab00000)
 PSPermGen       total 21504K, used 17855K [0x00000000c3400000, 0x00000000c4900000, 0x00000000c8600000)
  object space 21504K, 83% used [0x00000000c3400000,0x00000000c456ff88,0x00000000c4900000)
Event: 40.814 GC heap after
Heap after GC invocations=4 (full 0):
 PSYoungGen      total 16896K, used 2018K [0x00000000ed700000, 0x00000000ee980000, 0x0000000100000000)
  eden space 14848K, 0% used [0x00000000ed700000,0x00000000ed700000,0x00000000ee580000)
  from space 2048K, 98% used [0x00000000ee780000,0x00000000ee978870,0x00000000ee980000)
  to   space 2048K, 0% used [0x00000000ee580000,0x00000000ee580000,0x00000000ee780000)
 ParOldGen       total 37888K, used 8066K [0x00000000c8600000, 0x00000000cab00000, 0x00000000ed700000)
  object space 37888K, 21% used [0x00000000c8600000,0x00000000c8de0af0,0x00000000cab00000)
 PSPermGen       total 21504K, used 17855K [0x00000000c3400000, 0x00000000c4900000, 0x00000000c8600000)
  object space 21504K, 83% used [0x00000000c3400000,0x00000000c456ff88,0x00000000c4900000)
}
Event: 44.766 GC heap before
{Heap before GC invocations=5 (full 0):
 PSYoungGen      total 16896K, used 16170K [0x00000000ed700000, 0x00000000ee980000, 0x0000000100000000)
  eden space 14848K, 95% used [0x00000000ed700000,0x00000000ee4d2020,0x00000000ee580000)
  from space 2048K, 98% used [0x00000000ee780000,0x00000000ee978870,0x00000000ee980000)
  to   space 2048K, 0% used [0x00000000ee580000,0x00000000ee580000,0x00000000ee780000)
 ParOldGen       total 37888K, used 8066K [0x00000000c8600000, 0x00000000cab00000, 0x00000000ed700000)
  object space 37888K, 21% used [0x00000000c8600000,0x00000000c8de0af0,0x00000000cab00000)
 PSPermGen       total 21504K, used 17863K [0x00000000c3400000, 0x00000000c4900000, 0x00000000c8600000)
  object space 21504K, 83% used [0x00000000c3400000,0x00000000c4571e80,0x00000000c4900000)
Event: 44.784 GC heap after
Heap after GC invocations=5 (full 0):
 PSYoungGen      total 16896K, used 2018K [0x00000000ed700000, 0x00000000ef380000, 0x0000000100000000)
  eden space 14848K, 0% used [0x00000000ed700000,0x00000000ed700000,0x00000000ee580000)
  from space 2048K, 98% used [0x00000000ee580000,0x00000000ee778870,0x00000000ee780000)
  to   space 7168K, 0% used [0x00000000eec80000,0x00000000eec80000,0x00000000ef380000)
 ParOldGen       total 37888K, used 8098K [0x00000000c8600000, 0x00000000cab00000, 0x00000000ed700000)
  object space 37888K, 21% used [0x00000000c8600000,0x00000000c8de8b10,0x00000000cab00000)
 PSPermGen       total 21504K, used 17863K [0x00000000c3400000, 0x00000000c4900000, 0x00000000c8600000)
  object space 21504K, 83% used [0x00000000c3400000,0x00000000c4571e80,0x00000000c4900000)
}
Event: 51.675 GC heap before
{Heap before GC invocations=6 (full 0):
 PSYoungGen      total 16896K, used 16866K [0x00000000ed700000, 0x00000000ef380000, 0x0000000100000000)
  eden space 14848K, 100% used [0x00000000ed700000,0x00000000ee580000,0x00000000ee580000)
  from space 2048K, 98% used [0x00000000ee580000,0x00000000ee778870,0x00000000ee780000)
  to   space 7168K, 0% used [0x00000000eec80000,0x00000000eec80000,0x00000000ef380000)
 ParOldGen       total 37888K, used 8098K [0x00000000c8600000, 0x00000000cab00000, 0x00000000ed700000)
  object space 37888K, 21% used [0x00000000c8600000,0x00000000c8de8b10,0x00000000cab00000)
 PSPermGen       total 21504K, used 17899K [0x00000000c3400000, 0x00000000c4900000, 0x00000000c8600000)
  object space 21504K, 83% used [0x00000000c3400000,0x00000000c457ac38,0x00000000c4900000)
Event: 51.709 GC heap after
Heap after GC invocations=6 (full 0):
 PSYoungGen      total 20992K, used 3748K [0x00000000ed700000, 0x00000000ef280000, 0x0000000100000000)
  eden space 14848K, 0% used [0x00000000ed700000,0x00000000ed700000,0x00000000ee580000)
  from space 6144K, 61% used [0x00000000eec80000,0x00000000ef0290b0,0x00000000ef280000)
  to   space 6656K, 0% used [0x00000000ee580000,0x00000000ee580000,0x00000000eec00000)
 ParOldGen       total 37888K, used 8098K [0x00000000c8600000, 0x00000000cab00000, 0x00000000ed700000)
  object space 37888K, 21% used [0x00000000c8600000,0x00000000c8de8b10,0x00000000cab00000)
 PSPermGen       total 21504K, used 17899K [0x00000000c3400000, 0x00000000c4900000, 0x00000000c8600000)
  object space 21504K, 83% used [0x00000000c3400000,0x00000000c457ac38,0x00000000c4900000)
}

Deoptimization events (8 events):
Event: 17.377 Thread 0x00007f43ec3c0000 Uncommon trap: reason=unreached action=reinterpret pc=0x00007f44250cb154 method=java.lang.Class.searchFields([Ljava/lang/reflect/Field;Ljava/lang/String;)Ljava/lang/reflect/Field; @ 23
Event: 18.710 Thread 0x00007f442825d000 Uncommon trap: reason=unreached action=reinterpret pc=0x00007f44250d4d78 method=com.jogamp.common.util.IntIntHashMap.get(I)I @ 19
Event: 33.024 Thread 0x00007f442825d000 Uncommon trap: reason=unloaded action=reinterpret pc=0x00007f44251b1274 method=flollock.draw()V @ 11
Event: 38.877 Thread 0x00007f442825d000 Uncommon trap: reason=unreached action=reinterpret pc=0x00007f44251b1fac method=java.awt.image.DirectColorModel.getDataElements(ILjava/lang/Object;)Ljava/lang/Object; @ 11
Event: 39.378 Thread 0x00007f442825d000 Uncommon trap: reason=intrinsic action=make_not_entrant pc=0x00007f44251cb750 method=flollock.draw()V @ 581
Event: 49.109 Thread 0x00007f442825d000 Uncommon trap: reason=unreached action=reinterpret pc=0x00007f44251cea00 method=java.awt.image.DirectColorModel.getDataElements(ILjava/lang/Object;)Ljava/lang/Object; @ 41
Event: 49.184 Thread 0x00007f442825d000 Uncommon trap: reason=unreached action=reinterpret pc=0x00007f44250e6ef8 method=com.jogamp.common.util.IntIntHashMap.put(II)I @ 21
Event: 49.184 Thread 0x00007f442825d000 Uncommon trap: reason=unreached action=reinterpret pc=0x00007f44250d608c method=com.jogamp.common.util.IntIntHashMap.put(II)I @ 21

Internal exceptions (10 events):
Event: 18.863 Thread 0x00007f4428265800 Threw 0x00000000ee2863e0 at /HUDSON/workspace/jdk7u40-2-build-linux-amd64-product/jdk7u40/hotspot/src/share/vm/prims/jvm.cpp:1244
Event: 18.910 Thread 0x00007f4428265800 Threw 0x00000000ee289268 at /HUDSON/workspace/jdk7u40-2-build-linux-amd64-product/jdk7u40/hotspot/src/share/vm/runtime/reflection.cpp:1030
Event: 18.993 Thread 0x00007f4428265800 Threw 0x00000000ee289668 at /HUDSON/workspace/jdk7u40-2-build-linux-amd64-product/jdk7u40/hotspot/src/share/vm/runtime/reflection.cpp:1030
Event: 18.993 Thread 0x00007f4428265800 Threw 0x00000000ee2898b0 at /HUDSON/workspace/jdk7u40-2-build-linux-amd64-product/jdk7u40/hotspot/src/share/vm/runtime/reflection.cpp:1030
Event: 19.003 Thread 0x00007f4428265800 Threw 0x00000000ee28bff8 at /HUDSON/workspace/jdk7u40-2-build-linux-amd64-product/jdk7u40/hotspot/src/share/vm/runtime/reflection.cpp:1030
Event: 19.004 Thread 0x00007f4428265800 Threw 0x00000000ee28c6b8 at /HUDSON/workspace/jdk7u40-2-build-linux-amd64-product/jdk7u40/hotspot/src/share/vm/prims/jvm.cpp:1244
Event: 19.412 Thread 0x00007f442806f000 Threw 0x00000000ed880580 at /HUDSON/workspace/jdk7u40-2-build-linux-amd64-product/jdk7u40/hotspot/src/share/vm/prims/jvm.cpp:1244
Event: 19.509 Thread 0x00007f442825d000 Threw 0x00000000ed8a7118 at /HUDSON/workspace/jdk7u40-2-build-linux-amd64-product/jdk7u40/hotspot/src/share/vm/prims/jvm.cpp:1244
Event: 38.875 Thread 0x00007f442825d000 Implicit null exception at 0x00007f44251b1e38 to 0x00007f44251b1f95
Event: 52.179 Thread 0x00007f442825d000 Threw 0x00000000ed968970 at /HUDSON/workspace/jdk7u40-2-build-linux-amd64-product/jdk7u40/hotspot/src/share/vm/prims/jvm.cpp:1244

Events (10 events):
Event: 57.673 Executing VM operation: RevokeBias done
Event: 57.674 Executing VM operation: RevokeBias
Event: 57.674 Executing VM operation: RevokeBias done
Event: 57.674 Thread 0x00007f43e801b000 Thread exited: 0x00007f43e801b000
Event: 57.681 loading class 0x00007f4428018f80 done
Event: 57.682 Thread 0x00007f43e8017000 Thread exited: 0x00007f43e8017000
Event: 57.683 loading class 0x00007f43ec18cde0 done
Event: 57.736 Executing VM operation: RevokeBias
Event: 57.736 Executing VM operation: RevokeBias done
Event: 57.736 Thread 0x00007f43ec3c0000 Thread exited: 0x00007f43ec3c0000


Dynamic libraries:
00400000-00401000 r-xp 00000000 00:19 17446011                           /home/ritz/apps/processing-2.2.1/java/bin/java
00600000-00601000 rw-p 00000000 00:19 17446011                           /home/ritz/apps/processing-2.2.1/java/bin/java
0235b000-0237c000 rw-p 00000000 00:00 0                                  [heap]
c3400000-c4900000 rw-p 00000000 00:00 0 
c4900000-c8600000 rw-p 00000000 00:00 0 
c8600000-cab00000 rw-p 00000000 00:00 0 
cab00000-ed700000 rw-p 00000000 00:00 0 
ed700000-ef280000 rw-p 00000000 00:00 0 
ef280000-ef380000 ---p 00000000 00:00 0 
ef380000-100000000 rw-p 00000000 00:00 0 
7f43dab00000-7f43dab03000 ---p 00000000 00:00 0 
7f43dab03000-7f43dac01000 rw-p 00000000 00:00 0                          [stack:10047]
7f43dac01000-7f43dac04000 ---p 00000000 00:00 0 
7f43dac04000-7f43dad02000 rw-p 00000000 00:00 0                          [stack:10046]
7f43dad02000-7f43dad05000 ---p 00000000 00:00 0 
7f43dad05000-7f43dae03000 rw-p 00000000 00:00 0 
7f43dae03000-7f43dae06000 ---p 00000000 00:00 0 
7f43dae06000-7f43daf04000 rw-p 00000000 00:00 0 
7f43db005000-7f43dc006000 rw-s 078a8000 00:05 12076                      /dev/ati/card0
7f43dc006000-7f43dc706000 rw-s 00006000 00:05 12076                      /dev/ati/card0
7f43dc706000-7f43dc7b1000 r-xp 00000000 08:05 8192                       /usr/lib/libatiadlxx.so
7f43dc7b1000-7f43dc8b0000 ---p 000ab000 08:05 8192                       /usr/lib/libatiadlxx.so
7f43dc8b0000-7f43dc8b3000 rw-p 000aa000 08:05 8192                       /usr/lib/libatiadlxx.so
7f43dc8b3000-7f43dc8c3000 rw-p 00000000 00:00 0 
7f43dc8c3000-7f43dc8d3000 r-xp 00000000 08:05 9733                       /usr/lib/libatiuki.so.1.0
7f43dc8d3000-7f43dc9d2000 ---p 00010000 08:05 9733                       /usr/lib/libatiuki.so.1.0
7f43dc9d2000-7f43dc9e2000 rw-p 0000f000 08:05 9733                       /usr/lib/libatiuki.so.1.0
7f43dc9e2000-7f43dc9e3000 rw-p 00000000 00:00 0 
7f43dc9e3000-7f43ded1b000 r-xp 00000000 08:05 11641                      /usr/lib/dri/fglrx_dri.so
7f43ded1b000-7f43dee1b000 ---p 02338000 08:05 11641                      /usr/lib/dri/fglrx_dri.so
7f43dee1b000-7f43defdc000 rwxp 02338000 08:05 11641                      /usr/lib/dri/fglrx_dri.so
7f43defdc000-7f43df10e000 rwxp 00000000 00:00 0 
7f43df10e000-7f43df110000 r-xp 00000000 08:05 10128                      /usr/lib/x86_64-linux-gnu/libXinerama.so.1.0.0
7f43df110000-7f43df30f000 ---p 00002000 08:05 10128                      /usr/lib/x86_64-linux-gnu/libXinerama.so.1.0.0
7f43df30f000-7f43df310000 r--p 00001000 08:05 10128                      /usr/lib/x86_64-linux-gnu/libXinerama.so.1.0.0
7f43df310000-7f43df311000 rw-p 00002000 08:05 10128                      /usr/lib/x86_64-linux-gnu/libXinerama.so.1.0.0
7f43df311000-7f43df312000 ---p 00000000 00:00 0 
7f43df312000-7f43dfb12000 rw-p 00000000 00:00 0 
7f43dfb12000-7f43dfb13000 ---p 00000000 00:00 0 
7f43dfb13000-7f43e0313000 rw-p 00000000 00:00 0 
7f43e0aa1000-7f43e0ac6000 r-xp 00000000 08:05 920387                     /lib/x86_64-linux-gnu/libtinfo.so.5.9
7f43e0ac6000-7f43e0cc5000 ---p 00025000 08:05 920387                     /lib/x86_64-linux-gnu/libtinfo.so.5.9
7f43e0cc5000-7f43e0cc9000 r--p 00024000 08:05 920387                     /lib/x86_64-linux-gnu/libtinfo.so.5.9
7f43e0cc9000-7f43e0cca000 rw-p 00028000 08:05 920387                     /lib/x86_64-linux-gnu/libtinfo.so.5.9
7f43e0cca000-7f43e0ce0000 r-xp 00000000 08:05 918864                     /lib/x86_64-linux-gnu/libgcc_s.so.1
7f43e0ce0000-7f43e0edf000 ---p 00016000 08:05 918864                     /lib/x86_64-linux-gnu/libgcc_s.so.1
7f43e0edf000-7f43e0ee0000 rw-p 00015000 08:05 918864                     /lib/x86_64-linux-gnu/libgcc_s.so.1
7f43e0ee0000-7f43e0fc6000 r-xp 00000000 08:05 5703                       /usr/lib/x86_64-linux-gnu/libstdc++.so.6.0.19
7f43e0fc6000-7f43e11c5000 ---p 000e6000 08:05 5703                       /usr/lib/x86_64-linux-gnu/libstdc++.so.6.0.19
7f43e11c5000-7f43e11cd000 r--p 000e5000 08:05 5703                       /usr/lib/x86_64-linux-gnu/libstdc++.so.6.0.19
7f43e11cd000-7f43e11cf000 rw-p 000ed000 08:05 5703                       /usr/lib/x86_64-linux-gnu/libstdc++.so.6.0.19
7f43e11cf000-7f43e11e4000 rw-p 00000000 00:00 0 
7f43e11e4000-7f43e29e2000 r-xp 00000000 08:05 9968                       /usr/lib/x86_64-linux-gnu/libLLVM-3.4.so.1
7f43e29e2000-7f43e2b70000 r--p 017fd000 08:05 9968                       /usr/lib/x86_64-linux-gnu/libLLVM-3.4.so.1
7f43e2b70000-7f43e2b72000 rw-p 0198b000 08:05 9968                       /usr/lib/x86_64-linux-gnu/libLLVM-3.4.so.1
7f43e2b72000-7f43e2b85000 rw-p 00000000 00:00 0 
7f43e2b85000-7f43e2b91000 r-xp 00000000 08:05 2335                       /usr/lib/x86_64-linux-gnu/libdrm_radeon.so.1.0.1
7f43e2b91000-7f43e2d90000 ---p 0000c000 08:05 2335                       /usr/lib/x86_64-linux-gnu/libdrm_radeon.so.1.0.1
7f43e2d90000-7f43e2d91000 r--p 0000b000 08:05 2335                       /usr/lib/x86_64-linux-gnu/libdrm_radeon.so.1.0.1
7f43e2d91000-7f43e2d92000 rw-p 0000c000 08:05 2335                       /usr/lib/x86_64-linux-gnu/libdrm_radeon.so.1.0.1
7f43e2d92000-7f43e2da7000 r-xp 00000000 08:05 7484                       /usr/lib/x86_64-linux-gnu/libelf-0.158.so
7f43e2da7000-7f43e2fa6000 ---p 00015000 08:05 7484                       /usr/lib/x86_64-linux-gnu/libelf-0.158.so
7f43e2fa6000-7f43e2fa7000 r--p 00014000 08:05 7484                       /usr/lib/x86_64-linux-gnu/libelf-0.158.so
7f43e2fa7000-7f43e2fa8000 rw-p 00015000 08:05 7484                       /usr/lib/x86_64-linux-gnu/libelf-0.158.so
7f43e2fa8000-7f43e2fae000 r-xp 00000000 08:05 10383                      /usr/lib/x86_64-linux-gnu/libdrm_nouveau.so.2.0.0
7f43e2fae000-7f43e31ad000 ---p 00006000 08:05 10383                      /usr/lib/x86_64-linux-gnu/libdrm_nouveau.so.2.0.0
7f43e31ad000-7f43e31ae000 r--p 00005000 08:05 10383                      /usr/lib/x86_64-linux-gnu/libdrm_nouveau.so.2.0.0
7f43e31ae000-7f43e31af000 rw-p 00006000 08:05 10383                      /usr/lib/x86_64-linux-gnu/libdrm_nouveau.so.2.0.0
7f43e31af000-7f43e3398000 r-xp 00000000 08:05 7496                       /usr/lib/x86_64-linux-gnu/libgallium.so.0.0.0
7f43e3398000-7f43e3598000 ---p 001e9000 08:05 7496                       /usr/lib/x86_64-linux-gnu/libgallium.so.0.0.0
7f43e3598000-7f43e35a8000 r--p 001e9000 08:05 7496                       /usr/lib/x86_64-linux-gnu/libgallium.so.0.0.0
7f43e35a8000-7f43e35aa000 rw-p 001f9000 08:05 7496                       /usr/lib/x86_64-linux-gnu/libgallium.so.0.0.0
7f43e35aa000-7f43e3772000 rw-p 00000000 00:00 0 
7f43e3772000-7f43e3d92000 r-xp 00000000 08:05 263086                     /usr/lib/x86_64-linux-gnu/egl/egl_gallium.so
7f43e3d92000-7f43e3f91000 ---p 00620000 08:05 263086                     /usr/lib/x86_64-linux-gnu/egl/egl_gallium.so
7f43e3f91000-7f43e3fd2000 r--p 0061f000 08:05 263086                     /usr/lib/x86_64-linux-gnu/egl/egl_gallium.so
7f43e3fd2000-7f43e3fe0000 rw-p 00660000 08:05 263086                     /usr/lib/x86_64-linux-gnu/egl/egl_gallium.so
7f43e3fe0000-7f43e4000000 rw-p 00000000 00:00 0 
7f43e4000000-7f43e4021000 rw-p 00000000 00:00 0 
7f43e4021000-7f43e8000000 ---p 00000000 00:00 0 
7f43e8000000-7f43e8049000 rw-p 00000000 00:00 0 
7f43e8049000-7f43ec000000 ---p 00000000 00:00 0 
7f43ec000000-7f43edcbb000 rw-p 00000000 00:00 0 
7f43edcbb000-7f43f0000000 ---p 00000000 00:00 0 
7f43f0000000-7f43f0907000 rw-p 00000000 00:00 0 
7f43f0907000-7f43f4000000 ---p 00000000 00:00 0 
7f43f4000000-7f43f4d0c000 rw-p 00000000 00:00 0 
7f43f4d0c000-7f43f8000000 ---p 00000000 00:00 0 
7f43f8000000-7f43f9a18000 rw-p 00000000 00:00 0 
7f43f9a18000-7f43fc000000 ---p 00000000 00:00 0 
7f43fc000000-7f43fc021000 rw-p 00000000 00:00 0 
7f43fc021000-7f4400000000 ---p 00000000 00:00 0 
7f4400000000-7f4400021000 rw-p 00000000 00:00 0 
7f4400021000-7f4404000000 ---p 00000000 00:00 0 
7f4404000000-7f44040e3000 rw-p 00000000 00:00 0 
7f44040e3000-7f4408000000 ---p 00000000 00:00 0 
7f4408000000-7f4408021000 rw-p 00000000 00:00 0 
7f4408021000-7f440c000000 ---p 00000000 00:00 0 
7f440c000000-7f440c021000 rw-p 00000000 00:00 0 
7f440c021000-7f4410000000 ---p 00000000 00:00 0 
7f4410000000-7f4410021000 rw-p 00000000 00:00 0 
7f4410021000-7f4414000000 ---p 00000000 00:00 0 
7f4414000000-7f4414021000 rw-p 00000000 00:00 0 
7f4414021000-7f4418000000 ---p 00000000 00:00 0 
7f4418012000-7f4418052000 rw-s 07342000 00:05 12076                      /dev/ati/card0
7f4418052000-7f4418092000 rw-s 00004000 00:05 12076                      /dev/ati/card0
7f4418092000-7f4418099000 r-xp 00000000 08:05 263262                     /usr/lib/x86_64-linux-gnu/mesa-egl/libOpenVG.so.1.0.0
7f4418099000-7f4418298000 ---p 00007000 08:05 263262                     /usr/lib/x86_64-linux-gnu/mesa-egl/libOpenVG.so.1.0.0
7f4418298000-7f4418299000 r--p 00006000 08:05 263262                     /usr/lib/x86_64-linux-gnu/mesa-egl/libOpenVG.so.1.0.0
7f4418299000-7f441829a000 rw-p 00007000 08:05 263262                     /usr/lib/x86_64-linux-gnu/mesa-egl/libOpenVG.so.1.0.0
7f441829a000-7f441829c000 rw-p 00000000 00:00 0 
7f441829c000-7f44182be000 r-xp 00000000 08:05 7523                       /usr/lib/x86_64-linux-gnu/libglapi.so.0.0.0
7f44182be000-7f44184be000 ---p 00022000 08:05 7523                       /usr/lib/x86_64-linux-gnu/libglapi.so.0.0.0
7f44184be000-7f44184c1000 r--p 00022000 08:05 7523                       /usr/lib/x86_64-linux-gnu/libglapi.so.0.0.0
7f44184c1000-7f44184c2000 rw-p 00025000 08:05 7523                       /usr/lib/x86_64-linux-gnu/libglapi.so.0.0.0
7f44184c2000-7f44184c3000 rw-p 00000000 00:00 0 
7f44184c3000-7f44184c9000 r-xp 00000000 08:05 263256                     /usr/lib/x86_64-linux-gnu/mesa-egl/libGLESv2.so.2.0.0
7f44184c9000-7f44186c9000 ---p 00006000 08:05 263256                     /usr/lib/x86_64-linux-gnu/mesa-egl/libGLESv2.so.2.0.0
7f44186c9000-7f44186ca000 r--p 00006000 08:05 263256                     /usr/lib/x86_64-linux-gnu/mesa-egl/libGLESv2.so.2.0.0
7f44186ca000-7f44186cb000 rw-p 00007000 08:05 263256                     /usr/lib/x86_64-linux-gnu/mesa-egl/libGLESv2.so.2.0.0
7f44186cb000-7f4418711000 r-xp 00000000 08:05 264457                     /tmp/jogamp_0000/file_cache/jln2058160616895146770/jln3210940271918548008/libjogl_mobile.so
7f4418711000-7f4418911000 ---p 00046000 08:05 264457                     /tmp/jogamp_0000/file_cache/jln2058160616895146770/jln3210940271918548008/libjogl_mobile.so
7f4418911000-7f4418912000 rw-p 00046000 08:05 264457                     /tmp/jogamp_0000/file_cache/jln2058160616895146770/jln3210940271918548008/libjogl_mobile.so
7f4418912000-7f4418919000 r-xp 00000000 08:05 10432                      /usr/lib/x86_64-linux-gnu/libffi.so.6.0.1
7f4418919000-7f4418b18000 ---p 00007000 08:05 10432                      /usr/lib/x86_64-linux-gnu/libffi.so.6.0.1
7f4418b18000-7f4418b19000 r--p 00006000 08:05 10432                      /usr/lib/x86_64-linux-gnu/libffi.so.6.0.1
7f4418b19000-7f4418b1a000 rw-p 00007000 08:05 10432                      /usr/lib/x86_64-linux-gnu/libffi.so.6.0.1
7f4418b1a000-7f4418b25000 r-xp 00000000 08:05 18861                      /usr/lib/x86_64-linux-gnu/libdrm.so.2.4.0
7f4418b25000-7f4418d24000 ---p 0000b000 08:05 18861                      /usr/lib/x86_64-linux-gnu/libdrm.so.2.4.0
7f4418d24000-7f4418d25000 r--p 0000a000 08:05 18861                      /usr/lib/x86_64-linux-gnu/libdrm.so.2.4.0
7f4418d25000-7f4418d26000 rw-p 0000b000 08:05 18861                      /usr/lib/x86_64-linux-gnu/libdrm.so.2.4.0
7f4418d26000-7f4418d2d000 r-xp 00000000 08:05 15470                      /usr/lib/x86_64-linux-gnu/libgbm.so.1.0.0
7f4418d2d000-7f4418f2c000 ---p 00007000 08:05 15470                      /usr/lib/x86_64-linux-gnu/libgbm.so.1.0.0
7f4418f2c000-7f4418f2d000 r--p 00006000 08:05 15470                      /usr/lib/x86_64-linux-gnu/libgbm.so.1.0.0
7f4418f2d000-7f4418f2e000 rw-p 00007000 08:05 15470                      /usr/lib/x86_64-linux-gnu/libgbm.so.1.0.0
7f4418f2e000-7f4418f3d000 r-xp 00000000 08:05 11272                      /usr/lib/x86_64-linux-gnu/libwayland-server.so.0.1.0
7f4418f3d000-7f441913c000 ---p 0000f000 08:05 11272                      /usr/lib/x86_64-linux-gnu/libwayland-server.so.0.1.0
7f441913c000-7f441913e000 r--p 0000e000 08:05 11272                      /usr/lib/x86_64-linux-gnu/libwayland-server.so.0.1.0
7f441913e000-7f441913f000 rw-p 00010000 08:05 11272                      /usr/lib/x86_64-linux-gnu/libwayland-server.so.0.1.0
7f441913f000-7f441914a000 r-xp 00000000 08:05 11266                      /usr/lib/x86_64-linux-gnu/libwayland-client.so.0.2.0
7f441914a000-7f4419349000 ---p 0000b000 08:05 11266                      /usr/lib/x86_64-linux-gnu/libwayland-client.so.0.2.0
7f4419349000-7f441934b000 r--p 0000a000 08:05 11266                      /usr/lib/x86_64-linux-gnu/libwayland-client.so.0.2.0
7f441934b000-7f441934c000 rw-p 0000c000 08:05 11266                      /usr/lib/x86_64-linux-gnu/libwayland-client.so.0.2.0
7f441934c000-7f4419351000 r-xp 00000000 08:05 11329                      /usr/lib/x86_64-linux-gnu/libxcb-xfixes.so.0.0.0
7f4419351000-7f4419551000 ---p 00005000 08:05 11329                      /usr/lib/x86_64-linux-gnu/libxcb-xfixes.so.0.0.0
7f4419551000-7f4419552000 r--p 00005000 08:05 11329                      /usr/lib/x86_64-linux-gnu/libxcb-xfixes.so.0.0.0
7f4419552000-7f4419553000 rw-p 00006000 08:05 11329                      /usr/lib/x86_64-linux-gnu/libxcb-xfixes.so.0.0.0
7f4419553000-7f4419556000 r-xp 00000000 08:05 11299                      /usr/lib/x86_64-linux-gnu/libxcb-dri2.so.0.0.0
7f4419556000-7f4419756000 ---p 00003000 08:05 11299                      /usr/lib/x86_64-linux-gnu/libxcb-dri2.so.0.0.0
7f4419756000-7f4419757000 r--p 00003000 08:05 11299                      /usr/lib/x86_64-linux-gnu/libxcb-dri2.so.0.0.0
7f4419757000-7f4419758000 rw-p 00004000 08:05 11299                      /usr/lib/x86_64-linux-gnu/libxcb-dri2.so.0.0.0
7f4419758000-7f4419759000 r-xp 00000000 08:05 10093                      /usr/lib/x86_64-linux-gnu/libX11-xcb.so.1.0.0
7f4419759000-7f4419958000 ---p 00001000 08:05 10093                      /usr/lib/x86_64-linux-gnu/libX11-xcb.so.1.0.0
7f4419958000-7f4419959000 r--p 00000000 08:05 10093                      /usr/lib/x86_64-linux-gnu/libX11-xcb.so.1.0.0
7f4419959000-7f441995a000 rw-p 00001000 08:05 10093                      /usr/lib/x86_64-linux-gnu/libX11-xcb.so.1.0.0
7f441995a000-7f441997d000 r-xp 00000000 08:05 263544                     /usr/lib/x86_64-linux-gnu/mesa-egl/libEGL.so.1.0.0
7f441997d000-7f4419b7d000 ---p 00023000 08:05 263544                     /usr/lib/x86_64-linux-gnu/mesa-egl/libEGL.so.1.0.0
7f4419b7d000-7f4419b7e000 r--p 00023000 08:05 263544                     /usr/lib/x86_64-linux-gnu/mesa-egl/libEGL.so.1.0.0
7f4419b7e000-7f4419b7f000 rw-p 00024000 08:05 263544                     /usr/lib/x86_64-linux-gnu/mesa-egl/libEGL.so.1.0.0
7f4419b7f000-7f4419c27000 r-xp 00000000 08:05 264455                     /tmp/jogamp_0000/file_cache/jln2058160616895146770/jln3210940271918548008/libjogl_desktop.so
7f4419c27000-7f4419e27000 ---p 000a8000 08:05 264455                     /tmp/jogamp_0000/file_cache/jln2058160616895146770/jln3210940271918548008/libjogl_desktop.so
7f4419e27000-7f4419e28000 rw-p 000a8000 08:05 264455                     /tmp/jogamp_0000/file_cache/jln2058160616895146770/jln3210940271918548008/libjogl_desktop.so
7f4419e28000-7f4419ed1000 r-xp 00000000 08:05 655405                     /usr/lib/fglrx/libGL.so.1.2
7f4419ed1000-7f4419fd1000 ---p 000a9000 08:05 655405                     /usr/lib/fglrx/libGL.so.1.2
7f4419fd1000-7f441a007000 rwxp 000a9000 08:05 655405                     /usr/lib/fglrx/libGL.so.1.2
7f441a007000-7f441a024000 rwxp 00000000 00:00 0 
7f441a024000-7f441a02b000 r-xp 00000000 08:05 264461                     /tmp/jogamp_0000/file_cache/jln2058160616895146770/jln3210940271918548008/libnativewindow_x11.so
7f441a02b000-7f441a22a000 ---p 00007000 08:05 264461                     /tmp/jogamp_0000/file_cache/jln2058160616895146770/jln3210940271918548008/libnativewindow_x11.so
7f441a22a000-7f441a22b000 rw-p 00006000 08:05 264461                     /tmp/jogamp_0000/file_cache/jln2058160616895146770/jln3210940271918548008/libnativewindow_x11.so
7f441a22b000-7f441a22f000 r-xp 00000000 08:05 10154                      /usr/lib/x86_64-linux-gnu/libXxf86vm.so.1.0.0
7f441a22f000-7f441a42f000 ---p 00004000 08:05 10154                      /usr/lib/x86_64-linux-gnu/libXxf86vm.so.1.0.0
7f441a42f000-7f441a430000 r--p 00004000 08:05 10154                      /usr/lib/x86_64-linux-gnu/libXxf86vm.so.1.0.0
7f441a430000-7f441a431000 rw-p 00005000 08:05 10154                      /usr/lib/x86_64-linux-gnu/libXxf86vm.so.1.0.0
7f441a45a000-7f441a45c000 r-xp 00000000 08:05 264459                     /tmp/jogamp_0000/file_cache/jln2058160616895146770/jln3210940271918548008/libnativewindow_awt.so
7f441a45c000-7f441a65b000 ---p 00002000 08:05 264459                     /tmp/jogamp_0000/file_cache/jln2058160616895146770/jln3210940271918548008/libnativewindow_awt.so
7f441a65b000-7f441a65c000 rw-p 00001000 08:05 264459                     /tmp/jogamp_0000/file_cache/jln2058160616895146770/jln3210940271918548008/libnativewindow_awt.so
7f441a65c000-7f441a65d000 r-xp 00000000 00:19 17447406                   /home/ritz/apps/processing-2.2.1/java/lib/amd64/libjawt.so
7f441a65d000-7f441a85c000 ---p 00001000 00:19 17447406                   /home/ritz/apps/processing-2.2.1/java/lib/amd64/libjawt.so
7f441a85c000-7f441a85d000 rw-p 00000000 00:19 17447406                   /home/ritz/apps/processing-2.2.1/java/lib/amd64/libjawt.so
7f441a85d000-7f441a85f000 r-xp 00000000 08:05 264454                     /tmp/jogamp_0000/file_cache/jln2058160616895146770/jln3210940271918548008/libgluegen-rt.so
7f441a85f000-7f441aa5f000 ---p 00002000 08:05 264454                     /tmp/jogamp_0000/file_cache/jln2058160616895146770/jln3210940271918548008/libgluegen-rt.so
7f441aa5f000-7f441aa60000 rw-p 00002000 08:05 264454                     /tmp/jogamp_0000/file_cache/jln2058160616895146770/jln3210940271918548008/libgluegen-rt.so
7f441aa60000-7f441aa63000 ---p 00000000 00:00 0 
7f441aa63000-7f441ab61000 rw-p 00000000 00:00 0 
7f441ab61000-7f441ab71000 r-xp 00000000 00:19 17447441                   /home/ritz/apps/processing-2.2.1/java/lib/amd64/libnio.so
7f441ab71000-7f441ad71000 ---p 00010000 00:19 17447441                   /home/ritz/apps/processing-2.2.1/java/lib/amd64/libnio.so
7f441ad71000-7f441ad72000 rw-p 00010000 00:19 17447441                   /home/ritz/apps/processing-2.2.1/java/lib/amd64/libnio.so
7f441ad72000-7f441ad87000 r-xp 00000000 00:19 17447403                   /home/ritz/apps/processing-2.2.1/java/lib/amd64/libnet.so
7f441ad87000-7f441af87000 ---p 00015000 00:19 17447403                   /home/ritz/apps/processing-2.2.1/java/lib/amd64/libnet.so
7f441af87000-7f441af88000 rw-p 00015000 00:19 17447403                   /home/ritz/apps/processing-2.2.1/java/lib/amd64/libnet.so
7f441af88000-7f441af8b000 ---p 00000000 00:00 0 
7f441af8b000-7f441afc1000 rw-p 00000000 00:00 0                          [stack:10016]
7f441afc1000-7f441afc4000 ---p 00000000 00:00 0 
7f441afc4000-7f441b0c2000 rw-p 00000000 00:00 0                          [stack:10012]
7f441b0c2000-7f441b0c5000 ---p 00000000 00:00 0 
7f441b0c5000-7f441b1c3000 rw-p 00000000 00:00 0                          [stack:10011]
7f441b1c3000-7f441b1c6000 ---p 00000000 00:00 0 
7f441b1c6000-7f441b2c4000 rw-p 00000000 00:00 0                          [stack:10010]
7f441b2c4000-7f441b2c7000 ---p 00000000 00:00 0 
7f441b2c7000-7f441b3c5000 rw-p 00000000 00:00 0                          [stack:10041]
7f441b3c5000-7f441b3c8000 ---p 00000000 00:00 0 
7f441b3c8000-7f441b4c6000 rw-p 00000000 00:00 0                          [stack:10008]
7f441b4c6000-7f441b4cb000 r-xp 00000000 08:05 11030                      /usr/lib/x86_64-linux-gnu/libXfixes.so.3.1.0
7f441b4cb000-7f441b6ca000 ---p 00005000 08:05 11030                      /usr/lib/x86_64-linux-gnu/libXfixes.so.3.1.0
7f441b6ca000-7f441b6cb000 r--p 00004000 08:05 11030                      /usr/lib/x86_64-linux-gnu/libXfixes.so.3.1.0
7f441b6cb000-7f441b6cc000 rw-p 00005000 08:05 11030                      /usr/lib/x86_64-linux-gnu/libXfixes.so.3.1.0
7f441b6cc000-7f441b6d5000 r-xp 00000000 08:05 10110                      /usr/lib/x86_64-linux-gnu/libXcursor.so.1.0.2
7f441b6d5000-7f441b8d4000 ---p 00009000 08:05 10110                      /usr/lib/x86_64-linux-gnu/libXcursor.so.1.0.2
7f441b8d4000-7f441b8d5000 r--p 00008000 08:05 10110                      /usr/lib/x86_64-linux-gnu/libXcursor.so.1.0.2
7f441b8d5000-7f441b8d6000 rw-p 00009000 08:05 10110                      /usr/lib/x86_64-linux-gnu/libXcursor.so.1.0.2
7f441b8d6000-7f441b8d9000 ---p 00000000 00:00 0 
7f441b8d9000-7f441b9d7000 rw-p 00000000 00:00 0                          [stack:10007]
7f441b9d7000-7f441b9dc000 r-xp 00000000 08:05 10116                      /usr/lib/x86_64-linux-gnu/libXdmcp.so.6.0.0
7f441b9dc000-7f441bbdb000 ---p 00005000 08:05 10116                      /usr/lib/x86_64-linux-gnu/libXdmcp.so.6.0.0
7f441bbdb000-7f441bbdc000 r--p 00004000 08:05 10116                      /usr/lib/x86_64-linux-gnu/libXdmcp.so.6.0.0
7f441bbdc000-7f441bbdd000 rw-p 00005000 08:05 10116                      /usr/lib/x86_64-linux-gnu/libXdmcp.so.6.0.0
7f441bbdd000-7f441bbdf000 r-xp 00000000 08:05 10103                      /usr/lib/x86_64-linux-gnu/libXau.so.6.0.0
7f441bbdf000-7f441bddf000 ---p 00002000 08:05 10103                      /usr/lib/x86_64-linux-gnu/libXau.so.6.0.0
7f441bddf000-7f441bde0000 r--p 00002000 08:05 10103                      /usr/lib/x86_64-linux-gnu/libXau.so.6.0.0
7f441bde0000-7f441bde1000 rw-p 00003000 08:05 10103                      /usr/lib/x86_64-linux-gnu/libXau.so.6.0.0
7f441bde1000-7f441bdfe000 r-xp 00000000 08:05 11337                      /usr/lib/x86_64-linux-gnu/libxcb.so.1.1.0
7f441bdfe000-7f441bffe000 ---p 0001d000 08:05 11337                      /usr/lib/x86_64-linux-gnu/libxcb.so.1.1.0
7f441bffe000-7f441bfff000 r--p 0001d000 08:05 11337                      /usr/lib/x86_64-linux-gnu/libxcb.so.1.1.0
7f441bfff000-7f441c000000 rw-p 0001e000 08:05 11337                      /usr/lib/x86_64-linux-gnu/libxcb.so.1.1.0
7f441c000000-7f441c021000 rw-p 00000000 00:00 0 
7f441c021000-7f4420000000 ---p 00000000 00:00 0 
7f4420001000-7f4420002000 rw-p 00000000 00:00 0 
7f4420002000-7f4420003000 rw-s 00000000 00:14 1010407                    /run/shm/sem.NUHP9E (deleted)
7f4420003000-7f442000a000 r--s 00000000 08:05 290247                     /usr/lib/x86_64-linux-gnu/gconv/gconv-modules.cache
7f442000a000-7f442001e000 r--s 00141000 00:19 17445999                   /home/ritz/apps/processing-2.2.1/lib/org.eclipse.osgi_3.8.1.v20120830-144521.jar
7f442001e000-7f4420032000 r--s 00127000 00:19 17445969                   /home/ritz/apps/processing-2.2.1/lib/jna.jar
7f4420032000-7f442003f000 r--s 000c6000 00:19 17445971                   /home/ritz/apps/processing-2.2.1/lib/jdimodel.jar
7f442003f000-7f442007b000 r--s 00629000 00:19 17445966                   /home/ritz/apps/processing-2.2.1/lib/com.ibm.icu_4.4.2.v20110823.jar
7f442007b000-7f442008a000 r-xp 00000000 08:05 13084                      /usr/lib/x86_64-linux-gnu/libXi.so.6.1.0
7f442008a000-7f4420289000 ---p 0000f000 08:05 13084                      /usr/lib/x86_64-linux-gnu/libXi.so.6.1.0
7f4420289000-7f442028a000 r--p 0000e000 08:05 13084                      /usr/lib/x86_64-linux-gnu/libXi.so.6.1.0
7f442028a000-7f442028b000 rw-p 0000f000 08:05 13084                      /usr/lib/x86_64-linux-gnu/libXi.so.6.1.0
7f442028b000-7f4420290000 r-xp 00000000 08:05 10144                      /usr/lib/x86_64-linux-gnu/libXtst.so.6.1.0
7f4420290000-7f442048f000 ---p 00005000 08:05 10144                      /usr/lib/x86_64-linux-gnu/libXtst.so.6.1.0
7f442048f000-7f4420490000 r--p 00004000 08:05 10144                      /usr/lib/x86_64-linux-gnu/libXtst.so.6.1.0
7f4420490000-7f4420491000 rw-p 00005000 08:05 10144                      /usr/lib/x86_64-linux-gnu/libXtst.so.6.1.0
7f4420491000-7f442049a000 r-xp 00000000 08:05 13087                      /usr/lib/x86_64-linux-gnu/libXrender.so.1.3.0
7f442049a000-7f4420699000 ---p 00009000 08:05 13087                      /usr/lib/x86_64-linux-gnu/libXrender.so.1.3.0
7f4420699000-7f442069a000 r--p 00008000 08:05 13087                      /usr/lib/x86_64-linux-gnu/libXrender.so.1.3.0
7f442069a000-7f442069b000 rw-p 00009000 08:05 13087                      /usr/lib/x86_64-linux-gnu/libXrender.so.1.3.0
7f442069b000-7f44207cb000 r-xp 00000000 08:05 10097                      /usr/lib/x86_64-linux-gnu/libX11.so.6.3.0
7f44207cb000-7f44209cb000 ---p 00130000 08:05 10097                      /usr/lib/x86_64-linux-gnu/libX11.so.6.3.0
7f44209cb000-7f44209cc000 r--p 00130000 08:05 10097                      /usr/lib/x86_64-linux-gnu/libX11.so.6.3.0
7f44209cc000-7f44209d0000 rw-p 00131000 08:05 10097                      /usr/lib/x86_64-linux-gnu/libX11.so.6.3.0
7f44209d0000-7f44209e1000 r-xp 00000000 08:05 8428                       /usr/lib/x86_64-linux-gnu/libXext.so.6.4.0
7f44209e1000-7f4420be0000 ---p 00011000 08:05 8428                       /usr/lib/x86_64-linux-gnu/libXext.so.6.4.0
7f4420be0000-7f4420be1000 r--p 00010000 08:05 8428                       /usr/lib/x86_64-linux-gnu/libXext.so.6.4.0
7f4420be1000-7f4420be2000 rw-p 00011000 08:05 8428                       /usr/lib/x86_64-linux-gnu/libXext.so.6.4.0
7f4420be2000-7f4420be4000 rw-s 00002000 00:05 12076                      /dev/ati/card0
7f4420be4000-7f4420bed000 r--s 0009f000 00:19 17445964                   /home/ritz/apps/processing-2.2.1/lib/pde.jar
7f4420bed000-7f4420c0b000 r--s 001bb000 00:19 17445986                   /home/ritz/apps/processing-2.2.1/lib/ant.jar
7f4420c0b000-7f4420c5b000 r-xp 00000000 00:19 17447420                   /home/ritz/apps/processing-2.2.1/java/lib/amd64/xawt/libmawt.so
7f4420c5b000-7f4420e5b000 ---p 00050000 00:19 17447420                   /home/ritz/apps/processing-2.2.1/java/lib/amd64/xawt/libmawt.so
7f4420e5b000-7f4420e5f000 rw-p 00050000 00:19 17447420                   /home/ritz/apps/processing-2.2.1/java/lib/amd64/xawt/libmawt.so
7f4420e5f000-7f4420e60000 rw-p 00000000 00:00 0 
7f4420e60000-7f4420f03000 r-xp 00000000 00:19 17447421                   /home/ritz/apps/processing-2.2.1/java/lib/amd64/libawt.so
7f4420f03000-7f4421103000 ---p 000a3000 00:19 17447421                   /home/ritz/apps/processing-2.2.1/java/lib/amd64/libawt.so
7f4421103000-7f442110f000 rw-p 000a3000 00:19 17447421                   /home/ritz/apps/processing-2.2.1/java/lib/amd64/libawt.so
7f442110f000-7f4421133000 rw-p 00000000 00:00 0 
7f4421133000-7f4421154000 r--s 002d0000 00:19 17445718                   /home/ritz/apps/processing-2.2.1/core/library/jogl-all.jar
7f4421154000-7f4421155000 ---p 00000000 00:00 0 
7f4421155000-7f4421255000 rw-p 00000000 00:00 0                          [stack:10004]
7f4421255000-7f4421258000 ---p 00000000 00:00 0 
7f4421258000-7f4421356000 rw-p 00000000 00:00 0                          [stack:10003]
7f4421356000-7f4421359000 ---p 00000000 00:00 0 
7f4421359000-7f4421457000 rw-p 00000000 00:00 0                          [stack:10002]
7f4421457000-7f442145a000 ---p 00000000 00:00 0 
7f442145a000-7f4421558000 rw-p 00000000 00:00 0                          [stack:10001]
7f4421558000-7f442155b000 ---p 00000000 00:00 0 
7f442155b000-7f4421659000 rw-p 00000000 00:00 0                          [stack:10052]
7f4421659000-7f442165c000 ---p 00000000 00:00 0 
7f442165c000-7f442175a000 rw-p 00000000 00:00 0                          [stack:9992]
7f442175a000-7f442175d000 ---p 00000000 00:00 0 
7f442175d000-7f442185b000 rw-p 00000000 00:00 0 
7f442185b000-7f442185f000 r-xp 00000000 00:19 17447422                   /home/ritz/apps/processing-2.2.1/java/lib/amd64/libdt_socket.so
7f442185f000-7f4421a5e000 ---p 00004000 00:19 17447422                   /home/ritz/apps/processing-2.2.1/java/lib/amd64/libdt_socket.so
7f4421a5e000-7f4421a5f000 rw-p 00003000 00:19 17447422                   /home/ritz/apps/processing-2.2.1/java/lib/amd64/libdt_socket.so
7f4421a5f000-7f4421a62000 ---p 00000000 00:00 0 
7f4421a62000-7f4421b60000 rw-p 00000000 00:00 0                          [stack:9990]
7f4421b60000-7f4421b63000 ---p 00000000 00:00 0 
7f4421b63000-7f4421c61000 rw-p 00000000 00:00 0                          [stack:9989]
7f4421c61000-7f4421c64000 ---p 00000000 00:00 0 
7f4421c64000-7f4421d62000 rw-p 00000000 00:00 0                          [stack:9988]
7f4421d62000-7f4421d63000 ---p 00000000 00:00 0 
7f4421d63000-7f442281a000 rw-p 00000000 00:00 0                          [stack:9987]
7f442281a000-7f44229d7000 r--s 031b5000 00:19 17446081                   /home/ritz/apps/processing-2.2.1/java/lib/rt.jar
7f44229d7000-7f4424aee000 rw-p 00000000 00:00 0 
7f4424aee000-7f4424aef000 ---p 00000000 00:00 0 
7f4424aef000-7f4424bef000 rw-p 00000000 00:00 0                          [stack:9986]
7f4424bef000-7f4424bf0000 ---p 00000000 00:00 0 
7f4424bf0000-7f4424d03000 rw-p 00000000 00:00 0                          [stack:9985]
7f4424d03000-7f4424e19000 rw-p 00000000 00:00 0 
7f4424e19000-7f4424e24000 rw-p 00000000 00:00 0 
7f4424e24000-7f4424e42000 rw-p 00000000 00:00 0 
7f4424e42000-7f4424e55000 rw-p 00000000 00:00 0 
7f4424e55000-7f4424f6a000 rw-p 00000000 00:00 0 
7f4424f6a000-7f4424f79000 rw-p 00000000 00:00 0 
7f4424f79000-7f4424fff000 rw-p 00000000 00:00 0 
7f4424fff000-7f4425000000 rw-p 00000000 00:00 0 
7f4425000000-7f4425270000 rwxp 00000000 00:00 0 
7f4425270000-7f442827b000 rw-p 00000000 00:00 0 
7f442827b000-7f442c000000 ---p 00000000 00:00 0 
7f442c000000-7f442c001000 rw-s 00005000 00:05 12076                      /dev/ati/card0
7f442c001000-7f442c005000 r--s 0007d000 00:19 17447445                   /home/ritz/apps/processing-2.2.1/java/lib/jsse.jar
7f442c005000-7f442c008000 r--s 00041000 00:19 17445968                   /home/ritz/apps/processing-2.2.1/lib/org-netbeans-swing-outline.jar
7f442c008000-7f442c00c000 r--s 0000e000 00:19 17445967                   /home/ritz/apps/processing-2.2.1/lib/jdi.jar
7f442c00c000-7f442c011000 r--s 00068000 00:19 17445997                   /home/ritz/apps/processing-2.2.1/lib/antlr.jar
7f442c011000-7f442c044000 rw-p 00000000 00:00 0 
7f442c044000-7f442c062000 rw-p 00000000 00:00 0 
7f442c062000-7f442c07c000 r-xp 00000000 00:19 17447431                   /home/ritz/apps/processing-2.2.1/java/lib/amd64/libzip.so
7f442c07c000-7f442c27c000 ---p 0001a000 00:19 17447431                   /home/ritz/apps/processing-2.2.1/java/lib/amd64/libzip.so
7f442c27c000-7f442c27d000 rw-p 0001a000 00:19 17447431                   /home/ritz/apps/processing-2.2.1/java/lib/amd64/libzip.so
7f442c27d000-7f442c288000 r-xp 00000000 08:05 917059                     /lib/x86_64-linux-gnu/libnss_files-2.19.so
7f442c288000-7f442c487000 ---p 0000b000 08:05 917059                     /lib/x86_64-linux-gnu/libnss_files-2.19.so
7f442c487000-7f442c488000 r--p 0000a000 08:05 917059                     /lib/x86_64-linux-gnu/libnss_files-2.19.so
7f442c488000-7f442c489000 rw-p 0000b000 08:05 917059                     /lib/x86_64-linux-gnu/libnss_files-2.19.so
7f442c489000-7f442c494000 r-xp 00000000 08:05 920032                     /lib/x86_64-linux-gnu/libnss_nis-2.19.so
7f442c494000-7f442c693000 ---p 0000b000 08:05 920032                     /lib/x86_64-linux-gnu/libnss_nis-2.19.so
7f442c693000-7f442c694000 r--p 0000a000 08:05 920032                     /lib/x86_64-linux-gnu/libnss_nis-2.19.so
7f442c694000-7f442c695000 rw-p 0000b000 08:05 920032                     /lib/x86_64-linux-gnu/libnss_nis-2.19.so
7f442c695000-7f442c6ac000 r-xp 00000000 08:05 917077                     /lib/x86_64-linux-gnu/libnsl-2.19.so
7f442c6ac000-7f442c8ab000 ---p 00017000 08:05 917077                     /lib/x86_64-linux-gnu/libnsl-2.19.so
7f442c8ab000-7f442c8ac000 r--p 00016000 08:05 917077                     /lib/x86_64-linux-gnu/libnsl-2.19.so
7f442c8ac000-7f442c8ad000 rw-p 00017000 08:05 917077                     /lib/x86_64-linux-gnu/libnsl-2.19.so
7f442c8ad000-7f442c8af000 rw-p 00000000 00:00 0 
7f442c8af000-7f442c8b8000 r-xp 00000000 08:05 917075                     /lib/x86_64-linux-gnu/libnss_compat-2.19.so
7f442c8b8000-7f442cab7000 ---p 00009000 08:05 917075                     /lib/x86_64-linux-gnu/libnss_compat-2.19.so
7f442cab7000-7f442cab8000 r--p 00008000 08:05 917075                     /lib/x86_64-linux-gnu/libnss_compat-2.19.so
7f442cab8000-7f442cab9000 rw-p 00009000 08:05 917075                     /lib/x86_64-linux-gnu/libnss_compat-2.19.so
7f442cab9000-7f442cd83000 r--p 00000000 08:05 8530                       /usr/lib/locale/locale-archive
7f442cd83000-7f442cd86000 r-xp 00000000 00:19 17447416                   /home/ritz/apps/processing-2.2.1/java/lib/amd64/libnpt.so
7f442cd86000-7f442cf85000 ---p 00003000 00:19 17447416                   /home/ritz/apps/processing-2.2.1/java/lib/amd64/libnpt.so
7f442cf85000-7f442cf86000 rw-p 00002000 00:19 17447416                   /home/ritz/apps/processing-2.2.1/java/lib/amd64/libnpt.so
7f442cf86000-7f442cfbf000 r-xp 00000000 00:19 17447429                   /home/ritz/apps/processing-2.2.1/java/lib/amd64/libjdwp.so
7f442cfbf000-7f442d1bf000 ---p 00039000 00:19 17447429                   /home/ritz/apps/processing-2.2.1/java/lib/amd64/libjdwp.so
7f442d1bf000-7f442d1c0000 rw-p 00039000 00:19 17447429                   /home/ritz/apps/processing-2.2.1/java/lib/amd64/libjdwp.so
7f442d1c0000-7f442d1c1000 rw-p 00000000 00:00 0 
7f442d1c1000-7f442d1ea000 r-xp 00000000 00:19 17447442                   /home/ritz/apps/processing-2.2.1/java/lib/amd64/libjava.so
7f442d1ea000-7f442d3ea000 ---p 00029000 00:19 17447442                   /home/ritz/apps/processing-2.2.1/java/lib/amd64/libjava.so
7f442d3ea000-7f442d3ec000 rw-p 00029000 00:19 17447442                   /home/ritz/apps/processing-2.2.1/java/lib/amd64/libjava.so
7f442d3ec000-7f442d3f9000 r-xp 00000000 00:19 17447401                   /home/ritz/apps/processing-2.2.1/java/lib/amd64/libverify.so
7f442d3f9000-7f442d5f8000 ---p 0000d000 00:19 17447401                   /home/ritz/apps/processing-2.2.1/java/lib/amd64/libverify.so
7f442d5f8000-7f442d5fa000 rw-p 0000c000 00:19 17447401                   /home/ritz/apps/processing-2.2.1/java/lib/amd64/libverify.so
7f442d5fa000-7f442d601000 r-xp 00000000 08:05 919103                     /lib/x86_64-linux-gnu/librt-2.19.so
7f442d601000-7f442d800000 ---p 00007000 08:05 919103                     /lib/x86_64-linux-gnu/librt-2.19.so
7f442d800000-7f442d801000 r--p 00006000 08:05 919103                     /lib/x86_64-linux-gnu/librt-2.19.so
7f442d801000-7f442d802000 rw-p 00007000 08:05 919103                     /lib/x86_64-linux-gnu/librt-2.19.so
7f442d802000-7f442d907000 r-xp 00000000 08:05 917058                     /lib/x86_64-linux-gnu/libm-2.19.so
7f442d907000-7f442db06000 ---p 00105000 08:05 917058                     /lib/x86_64-linux-gnu/libm-2.19.so
7f442db06000-7f442db07000 r--p 00104000 08:05 917058                     /lib/x86_64-linux-gnu/libm-2.19.so
7f442db07000-7f442db08000 rw-p 00105000 08:05 917058                     /lib/x86_64-linux-gnu/libm-2.19.so
7f442db08000-7f442e66a000 r-xp 00000000 00:19 17447414                   /home/ritz/apps/processing-2.2.1/java/lib/amd64/server/libjvm.so
7f442e66a000-7f442e86a000 ---p 00b62000 00:19 17447414                   /home/ritz/apps/processing-2.2.1/java/lib/amd64/server/libjvm.so
7f442e86a000-7f442e92d000 rw-p 00b62000 00:19 17447414                   /home/ritz/apps/processing-2.2.1/java/lib/amd64/server/libjvm.so
7f442e92d000-7f442e96e000 rw-p 00000000 00:00 0 
7f442e96e000-7f442eb29000 r-xp 00000000 08:05 917088                     /lib/x86_64-linux-gnu/libc-2.19.so
7f442eb29000-7f442ed28000 ---p 001bb000 08:05 917088                     /lib/x86_64-linux-gnu/libc-2.19.so
7f442ed28000-7f442ed2c000 r--p 001ba000 08:05 917088                     /lib/x86_64-linux-gnu/libc-2.19.so
7f442ed2c000-7f442ed2e000 rw-p 001be000 08:05 917088                     /lib/x86_64-linux-gnu/libc-2.19.so
7f442ed2e000-7f442ed33000 rw-p 00000000 00:00 0 
7f442ed33000-7f442ed36000 r-xp 00000000 08:05 917065                     /lib/x86_64-linux-gnu/libdl-2.19.so
7f442ed36000-7f442ef35000 ---p 00003000 08:05 917065                     /lib/x86_64-linux-gnu/libdl-2.19.so
7f442ef35000-7f442ef36000 r--p 00002000 08:05 917065                     /lib/x86_64-linux-gnu/libdl-2.19.so
7f442ef36000-7f442ef37000 rw-p 00003000 08:05 917065                     /lib/x86_64-linux-gnu/libdl-2.19.so
7f442ef37000-7f442ef4d000 r-xp 00000000 00:19 17447398                   /home/ritz/apps/processing-2.2.1/java/lib/amd64/jli/libjli.so
7f442ef4d000-7f442f14d000 ---p 00016000 00:19 17447398                   /home/ritz/apps/processing-2.2.1/java/lib/amd64/jli/libjli.so
7f442f14d000-7f442f14e000 rw-p 00016000 00:19 17447398                   /home/ritz/apps/processing-2.2.1/java/lib/amd64/jli/libjli.so
7f442f14e000-7f442f167000 r-xp 00000000 08:05 917931                     /lib/x86_64-linux-gnu/libpthread-2.19.so
7f442f167000-7f442f366000 ---p 00019000 08:05 917931                     /lib/x86_64-linux-gnu/libpthread-2.19.so
7f442f366000-7f442f367000 r--p 00018000 08:05 917931                     /lib/x86_64-linux-gnu/libpthread-2.19.so
7f442f367000-7f442f368000 rw-p 00019000 08:05 917931                     /lib/x86_64-linux-gnu/libpthread-2.19.so
7f442f368000-7f442f36c000 rw-p 00000000 00:00 0 
7f442f36c000-7f442f38f000 r-xp 00000000 08:05 917081                     /lib/x86_64-linux-gnu/ld-2.19.so
7f442f38f000-7f442f390000 r--p 00000000 00:00 0 
7f442f390000-7f442f392000 r--s 00002000 00:19 17445985                   /home/ritz/apps/processing-2.2.1/lib/ant-launcher.jar
7f442f392000-7f442f393000 r--s 00000000 00:19 17445719                   /home/ritz/apps/processing-2.2.1/core/library/gluegen-rt-natives-linux-armv6hf.jar
7f442f393000-7f442f395000 r--s 00030000 00:19 17445710                   /home/ritz/apps/processing-2.2.1/core/library/jogl-all-natives-linux-i586.jar
7f442f395000-7f442f396000 r--s 00001000 00:19 17445720                   /home/ritz/apps/processing-2.2.1/core/library/gluegen-rt-natives-windows-i586.jar
7f442f396000-7f442f397000 r--s 00063000 00:19 17445677                   /home/ritz/apps/processing-2.2.1/core/library/jogl-all-natives-macosx-universal.jar
7f442f397000-7f442f398000 r--s 0002d000 00:19 17445676                   /home/ritz/apps/processing-2.2.1/core/library/jogl-all-natives-windows-i586.jar
7f442f398000-7f442f39e000 r--s 00041000 00:19 17445698                   /home/ritz/apps/processing-2.2.1/core/library/gluegen-rt.jar
7f442f39e000-7f442f3a8000 rw-p 00000000 00:00 0 
7f442f3a8000-7f442f45e000 rw-p 00000000 00:00 0 
7f442f45e000-7f442f461000 ---p 00000000 00:00 0 
7f442f461000-7f442f563000 rw-p 00000000 00:00 0                          [stack:9984]
7f442f563000-7f442f567000 r--s 00097000 00:19 17445712                   /home/ritz/apps/processing-2.2.1/core/library/core.jar
7f442f567000-7f442f568000 r--s 00001000 00:19 17445717                   /home/ritz/apps/processing-2.2.1/core/library/gluegen-rt-natives-macosx-universal.jar
7f442f568000-7f442f569000 r--s 00000000 00:19 17445711                   /home/ritz/apps/processing-2.2.1/core/library/gluegen-rt-natives-linux-amd64.jar
7f442f569000-7f442f56a000 r--s 00001000 00:19 17445705                   /home/ritz/apps/processing-2.2.1/core/library/gluegen-rt-natives-windows-amd64.jar
7f442f56a000-7f442f56b000 r--s 00000000 00:19 17445709                   /home/ritz/apps/processing-2.2.1/core/library/gluegen-rt-natives-linux-i586.jar
7f442f56b000-7f442f56c000 r--s 00031000 00:19 17445715                   /home/ritz/apps/processing-2.2.1/core/library/jogl-all-natives-linux-amd64.jar
7f442f56c000-7f442f56d000 r--s 00034000 00:19 17445716                   /home/ritz/apps/processing-2.2.1/core/library/jogl-all-natives-windows-amd64.jar
7f442f56d000-7f442f56e000 r--s 00022000 00:19 17445713                   /home/ritz/apps/processing-2.2.1/core/library/jogl-all-natives-linux-armv6hf.jar
7f442f56e000-7f442f582000 rw-p 00000000 00:00 0 
7f442f582000-7f442f58a000 rw-s 00000000 08:05 263804                     /tmp/hsperfdata_ritz/9982
7f442f58a000-7f442f58b000 rw-p 00000000 00:00 0 
7f442f58b000-7f442f58c000 r--p 00000000 00:00 0 
7f442f58c000-7f442f58e000 rw-p 00000000 00:00 0 
7f442f58e000-7f442f58f000 r--p 00022000 08:05 917081                     /lib/x86_64-linux-gnu/ld-2.19.so
7f442f58f000-7f442f590000 rw-p 00023000 08:05 917081                     /lib/x86_64-linux-gnu/ld-2.19.so
7f442f590000-7f442f591000 rw-p 00000000 00:00 0 
7fffab0c7000-7fffab0e9000 rw-p 00000000 00:00 0                          [stack]
7fffab1fe000-7fffab200000 r-xp 00000000 00:00 0                          [vdso]
ffffffffff600000-ffffffffff601000 r-xp 00000000 00:00 0                  [vsyscall]

VM Arguments:
jvm_args: -agentlib:jdwp=transport=dt_socket,address=8810,server=y,suspend=y -Djava.library.path=:/usr/java/packages/lib/amd64:/usr/lib64:/lib64:/lib:/usr/lib -ea 
java_command: processing.core.PApplet --display=1 flollock --sketch-path=/home/ritz/git/tripzilch/processing/flollock
Launcher Type: SUN_STANDARD

Environment Variables:
CLASSPATH=/home/ritz/apps/processing-2.2.1/java/lib/rt.jar:/home/ritz/apps/processing-2.2.1/lib/ant-launcher.jar:/home/ritz/apps/processing-2.2.1/lib/ant.jar:/home/ritz/apps/processing-2.2.1/lib/antlr.jar:/home/ritz/apps/processing-2.2.1/lib/com.ibm.icu_4.4.2.v20110823.jar:/home/ritz/apps/processing-2.2.1/lib/jdi.jar:/home/ritz/apps/processing-2.2.1/lib/jdimodel.jar:/home/ritz/apps/processing-2.2.1/lib/jna.jar:/home/ritz/apps/processing-2.2.1/lib/org-netbeans-swing-outline.jar:/home/ritz/apps/processing-2.2.1/lib/org.eclipse.osgi_3.8.1.v20120830-144521.jar:/home/ritz/apps/processing-2.2.1/lib/pde.jar:/home/ritz/apps/processing-2.2.1/core/library/core.jar:/home/ritz/apps/processing-2.2.1/core/library/gluegen-rt-natives-linux-amd64.jar:/home/ritz/apps/processing-2.2.1/core/library/gluegen-rt-natives-linux-armv6hf.jar:/home/ritz/apps/processing-2.2.1/core/library/gluegen-rt-natives-linux-i586.jar:/home/ritz/apps/processing-2.2.1/core/library/gluegen-rt-natives-macosx-universal.jar:/home/ritz/apps/processing-2.2.1/core/library/gluegen-rt-natives-windows-amd64.jar:/home/ritz/apps/processing-2.2.1/core/library/gluegen-rt-natives-windows-i586.jar:/home/ritz/apps/processing-2.2.1/core/library/gluegen-rt.jar:/home/ritz/apps/processing-2.2.1/core/library/jogl-all-natives-linux-amd64.jar:/home/ritz/apps/processing-2.2.1/core/library/jogl-all-natives-linux-armv6hf.jar:/home/ritz/apps/processing-2.2.1/core/library/jogl-all-natives-linux-i586.jar:/home/ritz/apps/processing-2.2.1/core/library/jogl-all-natives-macosx-universal.jar:/home/ritz/apps/processing-2.2.1/core/library/jogl-all-natives-windows-amd64.jar:/home/ritz/apps/processing-2.2.1/core/library/jogl-all-natives-windows-i586.jar:/home/ritz/apps/processing-2.2.1/core/library/jogl-all.jar
PATH=/home/ritz/apps/processing-2.2.1/java/bin:/home/ritz/bin:/usr/local/sbin:/usr/local/bin:/usr/sbin:/usr/bin:/sbin:/bin:/usr/games:/usr/local/games:/home/ritz/apps/processing-2.2.1
USERNAME=ritz
SHELL=/usr/bin/zsh
DISPLAY=:0.0

Signal Handlers:
SIGSEGV: [libjvm.so+0x992d50], sa_mask[0]=0x7ffbfeff, sa_flags=0x10000004
SIGBUS: [libjvm.so+0x992d50], sa_mask[0]=0x7ffbfeff, sa_flags=0x10000004
SIGFPE: [libjvm.so+0x80fb00], sa_mask[0]=0x7ffbfeff, sa_flags=0x10000004
SIGPIPE: [libjvm.so+0x80fb00], sa_mask[0]=0x7ffbfeff, sa_flags=0x10000004
SIGXFSZ: [libjvm.so+0x80fb00], sa_mask[0]=0x7ffbfeff, sa_flags=0x10000004
SIGILL: [libjvm.so+0x80fb00], sa_mask[0]=0x7ffbfeff, sa_flags=0x10000004
SIGUSR1: SIG_DFL, sa_mask[0]=0x00000000, sa_flags=0x00000000
SIGUSR2: [libjvm.so+0x810ff0], sa_mask[0]=0x00000004, sa_flags=0x10000004
SIGHUP: [libjvm.so+0x811f60], sa_mask[0]=0x7ffbfeff, sa_flags=0x10000004
SIGINT: [libjvm.so+0x811f60], sa_mask[0]=0x7ffbfeff, sa_flags=0x10000004
SIGTERM: [libjvm.so+0x811f60], sa_mask[0]=0x7ffbfeff, sa_flags=0x10000004
SIGQUIT: [libjvm.so+0x811f60], sa_mask[0]=0x7ffbfeff, sa_flags=0x10000004


---------------  S Y S T E M  ---------------

OS:jessie/sid

uname:Linux 3.13.0-24-generic #47-Ubuntu SMP Fri May 2 23:30:00 UTC 2014 x86_64
libc:glibc 2.19 NPTL 2.19 
rlimit: STACK 8192k, CORE 0k, NPROC 28222, NOFILE 4096, AS infinity
load average:2.04 1.43 1.13

/proc/meminfo:
MemTotal:        3641608 kB
MemFree:          237956 kB
Buffers:           33560 kB
Cached:          1004848 kB
SwapCached:        99420 kB
Active:          1075760 kB
Inactive:        1307392 kB
Active(anon):     797060 kB
Inactive(anon):   764720 kB
Active(file):     278700 kB
Inactive(file):   542672 kB
Unevictable:       93088 kB
Mlocked:           93088 kB
SwapTotal:       8013944 kB
SwapFree:        7466708 kB
Dirty:               584 kB
Writeback:             0 kB
AnonPages:       1381644 kB
Mapped:           784172 kB
Shmem:            213416 kB
Slab:             142196 kB
SReclaimable:      61112 kB
SUnreclaim:        81084 kB
KernelStack:        5496 kB
PageTables:        73596 kB
NFS_Unstable:          0 kB
Bounce:                0 kB
WritebackTmp:          0 kB
CommitLimit:     9834748 kB
Committed_AS:    7075908 kB
VmallocTotal:   34359738367 kB
VmallocUsed:      306860 kB
VmallocChunk:   34359393992 kB
HardwareCorrupted:     0 kB
AnonHugePages:     45056 kB
HugePages_Total:       0
HugePages_Free:        0
HugePages_Rsvd:        0
HugePages_Surp:        0
Hugepagesize:       2048 kB
DirectMap4k:     2673432 kB
DirectMap2M:     1107968 kB
DirectMap1G:           0 kB


CPU:total 2 (2 cores per cpu, 1 threads per core) family 20 model 2 stepping 0, cmov, cx8, fxsr, mmx, sse, sse2, sse3, ssse3, popcnt, mmxext, lzcnt, sse4a, tsc, tscinvbit, tscinv

/proc/cpuinfo:
processor	: 0
vendor_id	: AuthenticAMD
cpu family	: 20
model		: 2
model name	: AMD E-450 APU with Radeon(tm) HD Graphics
stepping	: 0
microcode	: 0x5000101
cpu MHz		: 1650.000
cache size	: 512 KB
physical id	: 0
siblings	: 2
core id		: 0
cpu cores	: 2
apicid		: 0
initial apicid	: 0
fpu		: yes
fpu_exception	: yes
cpuid level	: 6
wp		: yes
flags		: fpu vme de pse tsc msr pae mce cx8 apic sep mtrr pge mca cmov pat pse36 clflush mmx fxsr sse sse2 ht syscall nx mmxext fxsr_opt pdpe1gb rdtscp lm constant_tsc rep_good nopl nonstop_tsc extd_apicid aperfmperf pni monitor ssse3 cx16 popcnt lahf_lm cmp_legacy svm extapic cr8_legacy abm sse4a misalignsse 3dnowprefetch ibs skinit wdt arat hw_pstate npt lbrv svm_lock nrip_save pausefilter
bogomips	: 3292.78
TLB size	: 1024 4K pages
clflush size	: 64
cache_alignment	: 64
address sizes	: 36 bits physical, 48 bits virtual
power management: ts ttp tm stc 100mhzsteps hwpstate

processor	: 1
vendor_id	: AuthenticAMD
cpu family	: 20
model		: 2
model name	: AMD E-450 APU with Radeon(tm) HD Graphics
stepping	: 0
microcode	: 0x5000101
cpu MHz		: 1650.000
cache size	: 512 KB
physical id	: 0
siblings	: 2
core id		: 1
cpu cores	: 2
apicid		: 1
initial apicid	: 1
fpu		: yes
fpu_exception	: yes
cpuid level	: 6
wp		: yes
flags		: fpu vme de pse tsc msr pae mce cx8 apic sep mtrr pge mca cmov pat pse36 clflush mmx fxsr sse sse2 ht syscall nx mmxext fxsr_opt pdpe1gb rdtscp lm constant_tsc rep_good nopl nonstop_tsc extd_apicid aperfmperf pni monitor ssse3 cx16 popcnt lahf_lm cmp_legacy svm extapic cr8_legacy abm sse4a misalignsse 3dnowprefetch ibs skinit wdt arat hw_pstate npt lbrv svm_lock nrip_save pausefilter
bogomips	: 3292.78
TLB size	: 1024 4K pages
clflush size	: 64
cache_alignment	: 64
address sizes	: 36 bits physical, 48 bits virtual
power management: ts ttp tm stc 100mhzsteps hwpstate



Memory: 4k page, physical 3641608k(237956k free), swap 8013944k(7466708k free)

vm_info: Java HotSpot(TM) 64-Bit Server VM (24.0-b56) for linux-amd64 JRE (1.7.0_40-b43), built on Aug 26 2013 23:53:33 by "java_re" with gcc 4.3.0 20080428 (Red Hat 4.3.0-8)

time: Fri Aug 28 21:21:14 2015
elapsed time: 58 seconds

