#
# A fatal error has been detected by the Java Runtime Environment:
#
#  SIGSEGV (0xb) at pc=0x00007f7a81b4e584, pid=32289, tid=140164352820992
#
# JRE version: Java(TM) SE Runtime Environment (7.0_40-b43) (build 1.7.0_40-b43)
# Java VM: Java HotSpot(TM) 64-Bit Server VM (24.0-b56 mixed mode linux-amd64 compressed oops)
# Problematic frame:
# C  [r600_dri.so+0x2a9584]  __printf_chk+0x2a9584
#
# Failed to write core dump. Core dumps have been disabled. To enable core dumping, try "ulimit -c unlimited" before starting Java again
#
# If you would like to submit a bug report, please visit:
#   http://bugreport.sun.com/bugreport/crash.jsp
# The crash happened outside the Java Virtual Machine in native code.
# See problematic frame for where to report the bug.
#

---------------  T H R E A D  ---------------

Current thread (0x00007f7acc2a9000):  JavaThread "AWT-EventQueue-0" [_thread_in_native, id=32316, stack(0x00007f7a8e65c000,0x00007f7a8e75d000)]

siginfo:si_signo=SIGSEGV: si_errno=0, si_code=1 (SEGV_MAPERR), si_addr=0x0000000000000004

Registers:
RAX=0x0000000000000000, RBX=0x00007f7a8e75a120, RCX=0x00007f7a9060ac00, RDX=0x0000000000000000
RSP=0x00007f7a8e75a008, RBP=0x00007f7a8e75a100, RSI=0x00007f7a9064ede0, RDI=0x00007f7a90247a90
R8 =0x00007f7a9026b750, R9 =0x0000000000000000, R10=0x00007f7a8e75a020, R11=0x0000000000000000
R12=0x00007f7a8e75a040, R13=0x0000000000000001, R14=0x00007f7a904dc180, R15=0x00007f7a90005970
RIP=0x00007f7a81b4e584, EFLAGS=0x0000000000010202, CSGSFS=0x0000000000000033, ERR=0x0000000000000004
  TRAPNO=0x000000000000000e

Top of Stack: (sp=0x00007f7a8e75a008)
0x00007f7a8e75a008:   00007f7a81a1cfea 00007f7a9026e650
0x00007f7a8e75a018:   ffffffff00000000 0000000000000002
0x00007f7a8e75a028:   00007f7a9064ede0 0000000000000000
0x00007f7a8e75a038:   000000008e75a0c8 0000000000000000
0x00007f7a8e75a048:   0000000000000000 0000000100000000
0x00007f7a8e75a058:   0000000000000000 00000000ffffffff
0x00007f7a8e75a068:   0000000000000000 0000000000000000
0x00007f7a8e75a078:   00007f7a81914711 000000001c100000
0x00007f7a8e75a088:   00007f7a90005970 0000000000000bb2
0x00007f7a8e75a098:   0000000000000000 00000000ffffffff
0x00007f7a8e75a0a8:   0000000000000004 00000000ffffffff
0x00007f7a8e75a0b8:   00007f7a819ef023 00000000ffffffff
0x00007f7a8e75a0c8:   0000000000000000 0000000000000000
0x00007f7a8e75a0d8:   0000000000000bb2 0000000000000000
0x00007f7a8e75a0e8:   00007f7a819f0340 00000000ffffffff
0x00007f7a8e75a0f8:   00007f7a8199ca41 0000140300000bb2
0x00007f7a8e75a108:   00007f7a9060ac00 0000000000000000
0x00007f7a8e75a118:   00007f7a81b74c24 0000000000001704
0x00007f7a8e75a128:   0000000000000bb2 0000000000000001
0x00007f7a8e75a138:   00007f7a8190bfad 00007f7a90175220
0x00007f7a8e75a148:   00007f7a90005970 0000000000000004
0x00007f7a8e75a158:   0000000000000bb2 0000000000001403
0x00007f7a8e75a168:   0000000000000000 00007f7acc2a9000
0x00007f7a8e75a178:   00007f7a819f0863 00007f7a00001403
0x00007f7a8e75a188:   0000000000000000 0000000000000000
0x00007f7a8e75a198:   00007f7a00000001 00007f7a00000000
0x00007f7a8e75a1a8:   00007f7a819c974e 00000000c40860f8
0x00007f7a8e75a1b8:   00007f7a8e75a220 0000000000000000
0x00007f7a8e75a1c8:   00000000c40860f8 00007f7a8e75a310
0x00007f7a8e75a1d8:   00007f7a87b9fa48 00000000c8817258
0x00007f7a8e75a1e8:   0000000000000000 00001403c447b301
0x00007f7a8e75a1f8:   0000000400000bb2 00007f7a8e75a310 

Instructions: (pc=0x00007f7a81b4e584)
0x00007f7a81b4e564:   ff 0f 1f 00 5b c3 66 0f 1f 44 00 00 48 85 f6 74
0x00007f7a81b4e574:   19 8b 46 50 a8 02 75 14 a8 04 74 0e 48 8b 46 40
0x00007f7a81b4e584:   8b 40 04 48 01 87 28 03 00 00 f3 c3 48 8b 46 40
0x00007f7a81b4e594:   8b 40 04 48 01 87 30 03 00 00 8b 46 50 eb d9 66 

Register to memory mapping:

RAX=0x0000000000000000 is an unknown value
RBX=0x00007f7a8e75a120 is pointing into the stack for thread: 0x00007f7acc2a9000
RCX=0x00007f7a9060ac00 is an unknown value
RDX=0x0000000000000000 is an unknown value
RSP=0x00007f7a8e75a008 is pointing into the stack for thread: 0x00007f7acc2a9000
RBP=0x00007f7a8e75a100 is pointing into the stack for thread: 0x00007f7acc2a9000
RSI=0x00007f7a9064ede0 is an unknown value
RDI=0x00007f7a90247a90 is an unknown value
R8 =0x00007f7a9026b750 is an unknown value
R9 =0x0000000000000000 is an unknown value
R10=0x00007f7a8e75a020 is pointing into the stack for thread: 0x00007f7acc2a9000
R11=0x0000000000000000 is an unknown value
R12=0x00007f7a8e75a040 is pointing into the stack for thread: 0x00007f7acc2a9000
R13=0x0000000000000001 is an unknown value
R14=0x00007f7a904dc180 is an unknown value
R15=0x00007f7a90005970 is an unknown value


Stack: [0x00007f7a8e65c000,0x00007f7a8e75d000],  sp=0x00007f7a8e75a008,  free space=1016k
Native frames: (J=compiled Java code, j=interpreted, Vv=VM code, C=native code)
C  [r600_dri.so+0x2a9584]  __printf_chk+0x2a9584

Java frames: (J=compiled Java code, j=interpreted, Vv=VM code)
j  jogamp.opengl.gl4.GL4bcImpl.dispatch_glDrawElements1(IIIJJ)V+0
J  processing.opengl.PGraphicsOpenGL.flushPolys()V
j  processing.opengl.PGraphicsOpenGL.flush()V+174
j  processing.core.PGraphics.shape(Lprocessing/core/PShape;FFFF)V+8
j  processing.opengl.PGraphics2D.shape(Lprocessing/core/PShape;FFFF)V+15
j  processing.core.PApplet.shape(Lprocessing/core/PShape;FFFF)V+32
J  gkale.draw()V
j  processing.core.PApplet.handleDraw()V+231
j  processing.opengl.PJOGL$PGLListener.display(Ljavax/media/opengl/GLAutoDrawable;)V+476
j  jogamp.opengl.GLDrawableHelper.displayImpl(Ljavax/media/opengl/GLAutoDrawable;)V+81
j  jogamp.opengl.GLDrawableHelper.display(Ljavax/media/opengl/GLAutoDrawable;)V+2
j  javax.media.opengl.awt.GLCanvas$10.run()V+118
j  jogamp.opengl.GLDrawableHelper.invokeGLImpl(Ljavax/media/opengl/GLDrawable;Ljavax/media/opengl/GLContext;Ljava/lang/Runnable;Ljava/lang/Runnable;)V+206
j  jogamp.opengl.GLDrawableHelper.invokeGL(Ljavax/media/opengl/GLDrawable;Ljavax/media/opengl/GLContext;Ljava/lang/Runnable;Ljava/lang/Runnable;)V+80
j  javax.media.opengl.awt.GLCanvas$11.run()V+73
j  java.awt.event.InvocationEvent.dispatch()V+11
j  java.awt.EventQueue.dispatchEventImpl(Ljava/awt/AWTEvent;Ljava/lang/Object;)V+21
j  java.awt.EventQueue.access$200(Ljava/awt/EventQueue;Ljava/awt/AWTEvent;Ljava/lang/Object;)V+3
j  java.awt.EventQueue$3.run()Ljava/lang/Void;+12
j  java.awt.EventQueue$3.run()Ljava/lang/Object;+1
v  ~StubRoutines::call_stub
j  java.security.AccessController.doPrivileged(Ljava/security/PrivilegedAction;Ljava/security/AccessControlContext;)Ljava/lang/Object;+0
j  java.security.ProtectionDomain$1.doIntersectionPrivilege(Ljava/security/PrivilegedAction;Ljava/security/AccessControlContext;Ljava/security/AccessControlContext;)Ljava/lang/Object;+28
j  java.awt.EventQueue.dispatchEvent(Ljava/awt/AWTEvent;)V+46
j  java.awt.EventDispatchThread.pumpOneEventForFilters(I)V+245
j  java.awt.EventDispatchThread.pumpEventsForFilter(ILjava/awt/Conditional;Ljava/awt/EventFilter;)V+35
j  java.awt.EventDispatchThread.pumpEventsForHierarchy(ILjava/awt/Conditional;Ljava/awt/Component;)V+11
j  java.awt.EventDispatchThread.pumpEvents(ILjava/awt/Conditional;)V+4
j  java.awt.EventDispatchThread.pumpEvents(Ljava/awt/Conditional;)V+3
j  java.awt.EventDispatchThread.run()V+9
v  ~StubRoutines::call_stub

---------------  P R O C E S S  ---------------

Java Threads: ( => current thread )
  0x00007f7a9803c000 JavaThread "XToolkt-Shutdown-Thread" [_thread_blocked, id=32342, stack(0x00007f7a80b6a000,0x00007f7a80c6b000)]
  0x00007f7aa8001800 JavaThread "SIGTERM handler" daemon [_thread_blocked, id=32341, stack(0x00007f7a8e85e000,0x00007f7a8e95f000)]
  0x00007f7acc00f800 JavaThread "DestroyJavaVM" [_thread_blocked, id=32291, stack(0x00007f7ad299b000,0x00007f7ad2a9c000)]
  0x00007f7acc2b3800 JavaThread "Animation Thread" [_thread_blocked, id=32317, stack(0x00007f7a8e55b000,0x00007f7a8e65c000)]
=>0x00007f7acc2a9000 JavaThread "AWT-EventQueue-0" [_thread_in_native, id=32316, stack(0x00007f7a8e65c000,0x00007f7a8e75d000)]
  0x00007f7acc2a5000 JavaThread "AWT-Shutdown" [_thread_blocked, id=32315, stack(0x00007f7a8e75d000,0x00007f7a8e85e000)]
  0x00007f7acc256800 JavaThread "AWT-XAWT" daemon [_thread_blocked, id=32313, stack(0x00007f7a8e95f000,0x00007f7a8ea60000)]
  0x00007f7acc21a800 JavaThread "Java2D Disposer" daemon [_thread_blocked, id=32312, stack(0x00007f7ac404e000,0x00007f7ac414f000)]
  0x00007f7acc0a6000 JavaThread "Service Thread" daemon [_thread_blocked, id=32310, stack(0x00007f7ac4799000,0x00007f7ac489a000)]
  0x00007f7acc0a3800 JavaThread "C2 CompilerThread1" daemon [_thread_blocked, id=32309, stack(0x00007f7ac489a000,0x00007f7ac499b000)]
  0x00007f7acc0a1000 JavaThread "C2 CompilerThread0" daemon [_thread_blocked, id=32308, stack(0x00007f7ac499b000,0x00007f7ac4a9c000)]
  0x00007f7aac001000 JavaThread "JDWP Command Reader" daemon [_thread_in_native, id=32302, stack(0x00007f7ac4a9c000,0x00007f7ac4b9d000)]
  0x00007f7acc09e800 JavaThread "JDWP Event Helper Thread" daemon [_thread_blocked, id=32299, stack(0x00007f7ac4b9d000,0x00007f7ac4c9e000)]
  0x00007f7acc09b000 JavaThread "JDWP Transport Listener: dt_socket" daemon [_thread_blocked, id=32298, stack(0x00007f7ac4c9e000,0x00007f7ac4d9f000)]
  0x00007f7acc085000 JavaThread "Signal Dispatcher" daemon [_thread_blocked, id=32297, stack(0x00007f7ac4fa3000,0x00007f7ac50a4000)]
  0x00007f7acc06f000 JavaThread "Finalizer" daemon [_thread_blocked, id=32296, stack(0x00007f7ac50a4000,0x00007f7ac51a5000)]
  0x00007f7acc06d000 JavaThread "Reference Handler" daemon [_thread_blocked, id=32295, stack(0x00007f7ac51a5000,0x00007f7ac52a6000)]

Other Threads:
  0x00007f7acc06a800 VMThread [stack: 0x00007f7ac52a6000,0x00007f7ac53a7000] [id=32294]
  0x00007f7acc0b0800 WatcherThread [stack: 0x00007f7ac4698000,0x00007f7ac4799000] [id=32311]

VM state:not at safepoint (normal execution)

VM Mutex/Monitor currently owned by a thread: None

Heap
 PSYoungGen      total 155648K, used 59719K [0x00000000ed700000, 0x00000000fd100000, 0x0000000100000000)
  eden space 155136K, 38% used [0x00000000ed700000,0x00000000f1141fb0,0x00000000f6e80000)
  from space 512K, 12% used [0x00000000fd080000,0x00000000fd090000,0x00000000fd100000)
  to   space 512K, 0% used [0x00000000fd000000,0x00000000fd000000,0x00000000fd080000)
 ParOldGen       total 37888K, used 10325K [0x00000000c8600000, 0x00000000cab00000, 0x00000000ed700000)
  object space 37888K, 27% used [0x00000000c8600000,0x00000000c90157a0,0x00000000cab00000)
 PSPermGen       total 21504K, used 17274K [0x00000000c3400000, 0x00000000c4900000, 0x00000000c8600000)
  object space 21504K, 80% used [0x00000000c3400000,0x00000000c44deb40,0x00000000c4900000)

Card table byte_map: [0x00007f7ac8302000,0x00007f7ac84e9000] byte_map_base: 0x00007f7ac7ce8000

Polling page: 0x00007f7ad2acc000

Code Cache  [0x00007f7ac84e9000, 0x00007f7ac8759000, 0x00007f7acb4e9000)
 total_blobs=1201 nmethods=344 adapters=819 free_code_cache=47370Kb largest_free_block=48475840

Compilation events (10 events):
Event: 241.611 Thread 0x00007f7acc0a1000  342             java.lang.Enum::ordinal (5 bytes)
Event: 241.613 Thread 0x00007f7acc0a1000 nmethod 342 0x00007f7ac8691050 code [0x00007f7ac8691180, 0x00007f7ac86911d8]
Event: 241.636 Thread 0x00007f7acc0a1000  343             sun.util.logging.PlatformLogger$Level::intValue (9 bytes)
Event: 241.642 Thread 0x00007f7acc0a1000 nmethod 343 0x00007f7ac868ff50 code [0x00007f7ac8690080, 0x00007f7ac86900f8]
Event: 241.670 Thread 0x00007f7acc0a3800  344             sun.util.logging.PlatformLogger$DefaultLoggerProxy::isLoggable (29 bytes)
Event: 241.678 Thread 0x00007f7acc0a3800 nmethod 344 0x00007f7ac869f290 code [0x00007f7ac869f3e0, 0x00007f7ac869f558]
Event: 241.694 Thread 0x00007f7acc0a1000  345             sun.util.logging.PlatformLogger$DefaultLoggerProxy::doLog (22 bytes)
Event: 241.702 Thread 0x00007f7acc0a3800  346             sun.util.logging.PlatformLogger::finest (12 bytes)
Event: 241.714 Thread 0x00007f7acc0a1000 nmethod 345 0x00007f7ac869ec50 code [0x00007f7ac869edc0, 0x00007f7ac869eff8]
Event: 241.722 Thread 0x00007f7acc0a3800 nmethod 346 0x00007f7ac869e510 code [0x00007f7ac869e6a0, 0x00007f7ac869e938]

GC Heap History (10 events):
Event: 266.379 GC heap before
{Heap before GC invocations=348 (full 0):
 PSYoungGen      total 123392K, used 122912K [0x00000000ed700000, 0x00000000fd100000, 0x0000000100000000)
  eden space 122880K, 100% used [0x00000000ed700000,0x00000000f4f00000,0x00000000f4f00000)
  from space 512K, 6% used [0x00000000fd000000,0x00000000fd008000,0x00000000fd080000)
  to   space 512K, 0% used [0x00000000fd080000,0x00000000fd080000,0x00000000fd100000)
 ParOldGen       total 37888K, used 10325K [0x00000000c8600000, 0x00000000cab00000, 0x00000000ed700000)
  object space 37888K, 27% used [0x00000000c8600000,0x00000000c90157a0,0x00000000cab00000)
 PSPermGen       total 21504K, used 17255K [0x00000000c3400000, 0x00000000c4900000, 0x00000000c8600000)
  object space 21504K, 80% used [0x00000000c3400000,0x00000000c44d9c00,0x00000000c4900000)
Event: 266.390 GC heap after
Heap after GC invocations=348 (full 0):
 PSYoungGen      total 147968K, used 32K [0x00000000ed700000, 0x00000000fd100000, 0x0000000100000000)
  eden space 147456K, 0% used [0x00000000ed700000,0x00000000ed700000,0x00000000f6700000)
  from space 512K, 6% used [0x00000000fd080000,0x00000000fd088000,0x00000000fd100000)
  to   space 512K, 0% used [0x00000000fd000000,0x00000000fd000000,0x00000000fd080000)
 ParOldGen       total 37888K, used 10325K [0x00000000c8600000, 0x00000000cab00000, 0x00000000ed700000)
  object space 37888K, 27% used [0x00000000c8600000,0x00000000c90157a0,0x00000000cab00000)
 PSPermGen       total 21504K, used 17255K [0x00000000c3400000, 0x00000000c4900000, 0x00000000c8600000)
  object space 21504K, 80% used [0x00000000c3400000,0x00000000c44d9c00,0x00000000c4900000)
}
Event: 267.386 GC heap before
{Heap before GC invocations=349 (full 0):
 PSYoungGen      total 147968K, used 147488K [0x00000000ed700000, 0x00000000fd100000, 0x0000000100000000)
  eden space 147456K, 100% used [0x00000000ed700000,0x00000000f6700000,0x00000000f6700000)
  from space 512K, 6% used [0x00000000fd080000,0x00000000fd088000,0x00000000fd100000)
  to   space 512K, 0% used [0x00000000fd000000,0x00000000fd000000,0x00000000fd080000)
 ParOldGen       total 37888K, used 10325K [0x00000000c8600000, 0x00000000cab00000, 0x00000000ed700000)
  object space 37888K, 27% used [0x00000000c8600000,0x00000000c90157a0,0x00000000cab00000)
 PSPermGen       total 21504K, used 17255K [0x00000000c3400000, 0x00000000c4900000, 0x00000000c8600000)
  object space 21504K, 80% used [0x00000000c3400000,0x00000000c44d9c00,0x00000000c4900000)
Event: 267.394 GC heap after
Heap after GC invocations=349 (full 0):
 PSYoungGen      total 141312K, used 32K [0x00000000ed700000, 0x00000000fd100000, 0x0000000100000000)
  eden space 140800K, 0% used [0x00000000ed700000,0x00000000ed700000,0x00000000f6080000)
  from space 512K, 6% used [0x00000000fd000000,0x00000000fd008000,0x00000000fd080000)
  to   space 512K, 0% used [0x00000000fd080000,0x00000000fd080000,0x00000000fd100000)
 ParOldGen       total 37888K, used 10325K [0x00000000c8600000, 0x00000000cab00000, 0x00000000ed700000)
  object space 37888K, 27% used [0x00000000c8600000,0x00000000c90157a0,0x00000000cab00000)
 PSPermGen       total 21504K, used 17255K [0x00000000c3400000, 0x00000000c4900000, 0x00000000c8600000)
  object space 21504K, 80% used [0x00000000c3400000,0x00000000c44d9c00,0x00000000c4900000)
}
Event: 268.101 GC heap before
{Heap before GC invocations=350 (full 0):
 PSYoungGen      total 141312K, used 140832K [0x00000000ed700000, 0x00000000fd100000, 0x0000000100000000)
  eden space 140800K, 100% used [0x00000000ed700000,0x00000000f6080000,0x00000000f6080000)
  from space 512K, 6% used [0x00000000fd000000,0x00000000fd008000,0x00000000fd080000)
  to   space 512K, 0% used [0x00000000fd080000,0x00000000fd080000,0x00000000fd100000)
 ParOldGen       total 37888K, used 10325K [0x00000000c8600000, 0x00000000cab00000, 0x00000000ed700000)
  object space 37888K, 27% used [0x00000000c8600000,0x00000000c90157a0,0x00000000cab00000)
 PSPermGen       total 21504K, used 17255K [0x00000000c3400000, 0x00000000c4900000, 0x00000000c8600000)
  object space 21504K, 80% used [0x00000000c3400000,0x00000000c44d9c00,0x00000000c4900000)
Event: 268.108 GC heap after
Heap after GC invocations=350 (full 0):
 PSYoungGen      total 135168K, used 32K [0x00000000ed700000, 0x00000000fd100000, 0x0000000100000000)
  eden space 134656K, 0% used [0x00000000ed700000,0x00000000ed700000,0x00000000f5a80000)
  from space 512K, 6% used [0x00000000fd080000,0x00000000fd088000,0x00000000fd100000)
  to   space 512K, 0% used [0x00000000fd000000,0x00000000fd000000,0x00000000fd080000)
 ParOldGen       total 37888K, used 10325K [0x00000000c8600000, 0x00000000cab00000, 0x00000000ed700000)
  object space 37888K, 27% used [0x00000000c8600000,0x00000000c90157a0,0x00000000cab00000)
 PSPermGen       total 21504K, used 17255K [0x00000000c3400000, 0x00000000c4900000, 0x00000000c8600000)
  object space 21504K, 80% used [0x00000000c3400000,0x00000000c44d9c00,0x00000000c4900000)
}
Event: 268.789 GC heap before
{Heap before GC invocations=351 (full 0):
 PSYoungGen      total 135168K, used 134688K [0x00000000ed700000, 0x00000000fd100000, 0x0000000100000000)
  eden space 134656K, 100% used [0x00000000ed700000,0x00000000f5a80000,0x00000000f5a80000)
  from space 512K, 6% used [0x00000000fd080000,0x00000000fd088000,0x00000000fd100000)
  to   space 512K, 0% used [0x00000000fd000000,0x00000000fd000000,0x00000000fd080000)
 ParOldGen       total 37888K, used 10325K [0x00000000c8600000, 0x00000000cab00000, 0x00000000ed700000)
  object space 37888K, 27% used [0x00000000c8600000,0x00000000c90157a0,0x00000000cab00000)
 PSPermGen       total 21504K, used 17255K [0x00000000c3400000, 0x00000000c4900000, 0x00000000c8600000)
  object space 21504K, 80% used [0x00000000c3400000,0x00000000c44d9c00,0x00000000c4900000)
Event: 268.795 GC heap after
Heap after GC invocations=351 (full 0):
 PSYoungGen      total 129536K, used 32K [0x00000000ed700000, 0x00000000fd100000, 0x0000000100000000)
  eden space 129024K, 0% used [0x00000000ed700000,0x00000000ed700000,0x00000000f5500000)
  from space 512K, 6% used [0x00000000fd000000,0x00000000fd008000,0x00000000fd080000)
  to   space 512K, 0% used [0x00000000fd080000,0x00000000fd080000,0x00000000fd100000)
 ParOldGen       total 37888K, used 10325K [0x00000000c8600000, 0x00000000cab00000, 0x00000000ed700000)
  object space 37888K, 27% used [0x00000000c8600000,0x00000000c90157a0,0x00000000cab00000)
 PSPermGen       total 21504K, used 17255K [0x00000000c3400000, 0x00000000c4900000, 0x00000000c8600000)
  object space 21504K, 80% used [0x00000000c3400000,0x00000000c44d9c00,0x00000000c4900000)
}
Event: 269.442 GC heap before
{Heap before GC invocations=352 (full 0):
 PSYoungGen      total 129536K, used 129056K [0x00000000ed700000, 0x00000000fd100000, 0x0000000100000000)
  eden space 129024K, 100% used [0x00000000ed700000,0x00000000f5500000,0x00000000f5500000)
  from space 512K, 6% used [0x00000000fd000000,0x00000000fd008000,0x00000000fd080000)
  to   space 512K, 0% used [0x00000000fd080000,0x00000000fd080000,0x00000000fd100000)
 ParOldGen       total 37888K, used 10325K [0x00000000c8600000, 0x00000000cab00000, 0x00000000ed700000)
  object space 37888K, 27% used [0x00000000c8600000,0x00000000c90157a0,0x00000000cab00000)
 PSPermGen       total 21504K, used 17255K [0x00000000c3400000, 0x00000000c4900000, 0x00000000c8600000)
  object space 21504K, 80% used [0x00000000c3400000,0x00000000c44d9c00,0x00000000c4900000)
Event: 269.452 GC heap after
Heap after GC invocations=352 (full 0):
 PSYoungGen      total 155648K, used 64K [0x00000000ed700000, 0x00000000fd100000, 0x0000000100000000)
  eden space 155136K, 0% used [0x00000000ed700000,0x00000000ed700000,0x00000000f6e80000)
  from space 512K, 12% used [0x00000000fd080000,0x00000000fd090000,0x00000000fd100000)
  to   space 512K, 0% used [0x00000000fd000000,0x00000000fd000000,0x00000000fd080000)
 ParOldGen       total 37888K, used 10325K [0x00000000c8600000, 0x00000000cab00000, 0x00000000ed700000)
  object space 37888K, 27% used [0x00000000c8600000,0x00000000c90157a0,0x00000000cab00000)
 PSPermGen       total 21504K, used 17255K [0x00000000c3400000, 0x00000000c4900000, 0x00000000c8600000)
  object space 21504K, 80% used [0x00000000c3400000,0x00000000c44d9c00,0x00000000c4900000)
}

Deoptimization events (7 events):
Event: 11.482 Thread 0x00007f7a9c3ad800 Uncommon trap: reason=unreached action=reinterpret pc=0x00007f7ac85b6714 method=java.lang.Class.searchFields([Ljava/lang/reflect/Field;Ljava/lang/String;)Ljava/lang/reflect/Field; @ 23
Event: 12.863 Thread 0x00007f7acc2a9000 Uncommon trap: reason=unreached action=reinterpret pc=0x00007f7ac85be578 method=com.jogamp.common.util.IntIntHashMap.get(I)I @ 19
Event: 65.377 Thread 0x00007f7acc2a9000 Uncommon trap: reason=null_check action=make_not_entrant pc=0x00007f7ac8648e80 method=gkale$Grid.query(Lgkale$Vec2;D)Ljava/util/ArrayList; @ 106
Event: 84.015 Thread 0x00007f7acc2a9000 Uncommon trap: reason=predicate action=maybe_recompile pc=0x00007f7ac8681a48 method=java.util.Arrays.fill([Ljava/lang/Object;Ljava/lang/Object;)V @ 10
Event: 97.829 Thread 0x00007f7acc2a9000 Uncommon trap: reason=array_check action=maybe_recompile pc=0x00007f7ac868a744 method=java.util.Arrays.fill([Ljava/lang/Object;Ljava/lang/Object;)V @ 13
Event: 97.829 Thread 0x00007f7acc2a9000 Uncommon trap: reason=array_check action=maybe_recompile pc=0x00007f7ac868a744 method=java.util.Arrays.fill([Ljava/lang/Object;Ljava/lang/Object;)V @ 13
Event: 215.581 Thread 0x00007f7acc2a9000 Uncommon trap: reason=predicate action=maybe_recompile pc=0x00007f7ac86919e4 method=java.util.Arrays.fill([Ljava/lang/Object;IILjava/lang/Object;)V @ 16

Internal exceptions (10 events):
Event: 14.131 Thread 0x00007f7acc2a9000 Threw 0x00000000ed8ae360 at /HUDSON/workspace/jdk7u40-2-build-linux-amd64-product/jdk7u40/hotspot/src/share/vm/prims/jvm.cpp:1244
Event: 14.134 Thread 0x00007f7acc2a9000 Threw 0x00000000ed8b1e30 at /HUDSON/workspace/jdk7u40-2-build-linux-amd64-product/jdk7u40/hotspot/src/share/vm/prims/jvm.cpp:1244
Event: 14.137 Thread 0x00007f7acc2a9000 Threw 0x00000000ed8b5140 at /HUDSON/workspace/jdk7u40-2-build-linux-amd64-product/jdk7u40/hotspot/src/share/vm/prims/jvm.cpp:1244
Event: 14.140 Thread 0x00007f7acc2a9000 Threw 0x00000000ed8b9270 at /HUDSON/workspace/jdk7u40-2-build-linux-amd64-product/jdk7u40/hotspot/src/share/vm/prims/jvm.cpp:1244
Event: 14.143 Thread 0x00007f7acc2a9000 Threw 0x00000000ed8bc158 at /HUDSON/workspace/jdk7u40-2-build-linux-amd64-product/jdk7u40/hotspot/src/share/vm/prims/jvm.cpp:1244
Event: 14.147 Thread 0x00007f7acc2a9000 Threw 0x00000000ed8bf8b8 at /HUDSON/workspace/jdk7u40-2-build-linux-amd64-product/jdk7u40/hotspot/src/share/vm/prims/jvm.cpp:1244
Event: 14.151 Thread 0x00007f7acc2a9000 Threw 0x00000000ed8c5018 at /HUDSON/workspace/jdk7u40-2-build-linux-amd64-product/jdk7u40/hotspot/src/share/vm/prims/jvm.cpp:1244
Event: 14.514 Thread 0x00007f7acc2a9000 Threw 0x00000000edb0bb58 at /HUDSON/workspace/jdk7u40-2-build-linux-amd64-product/jdk7u40/hotspot/src/share/vm/prims/jvm.cpp:1244
Event: 14.621 Thread 0x00007f7acc2a9000 Threw 0x00000000edb64e30 at /HUDSON/workspace/jdk7u40-2-build-linux-amd64-product/jdk7u40/hotspot/src/share/vm/prims/jvm.cpp:1244
Event: 15.140 Thread 0x00007f7acc2a9000 Threw 0x00000000edc4d9e8 at /HUDSON/workspace/jdk7u40-2-build-linux-amd64-product/jdk7u40/hotspot/src/share/vm/prims/jvm.cpp:1244

Events (10 events):
Event: 269.683 Thread 0x00007f7a98053000 Thread added: 0x00007f7a98053000
Event: 269.684 Thread 0x00007f7a980e8800 Thread exited: 0x00007f7a980e8800
Event: 269.687 Executing VM operation: RevokeBias
Event: 269.688 Executing VM operation: RevokeBias done
Event: 269.695 loading class 0x00007f7ad0040ef0
Event: 269.696 loading class 0x00007f7ad0040ef0 done
Event: 269.714 Executing VM operation: RevokeBias
Event: 269.719 Executing VM operation: RevokeBias done
Event: 269.719 Thread 0x00007f7a9c3ad800 Thread exited: 0x00007f7a9c3ad800
Event: 269.750 Thread 0x00007f7a98053000 Thread exited: 0x00007f7a98053000


Dynamic libraries:
00400000-00401000 r-xp 00000000 00:19 17446011                           /home/ritz/apps/processing-2.2.1/java/bin/java
00600000-00601000 rw-p 00000000 00:19 17446011                           /home/ritz/apps/processing-2.2.1/java/bin/java
018e9000-0190a000 rw-p 00000000 00:00 0                                  [heap]
c3400000-c4900000 rw-p 00000000 00:00 0 
c4900000-c8600000 rw-p 00000000 00:00 0 
c8600000-cab00000 rw-p 00000000 00:00 0 
cab00000-ed700000 rw-p 00000000 00:00 0 
ed700000-fd100000 rw-p 00000000 00:00 0 
fd100000-100000000 ---p 00000000 00:00 0 
7f7a80553000-7f7a80556000 ---p 00000000 00:00 0 
7f7a80556000-7f7a80654000 rw-p 00000000 00:00 0 
7f7a80654000-7f7a80754000 rw-s 13e898000 00:05 493                       /dev/dri/card0
7f7a807ae000-7f7a807b0000 rw-s 1306e5000 00:05 493                       /dev/dri/card0
7f7a807b0000-7f7a807b2000 rw-s 1306e3000 00:05 493                       /dev/dri/card0
7f7a807b2000-7f7a807ba000 rw-s 1306db000 00:05 493                       /dev/dri/card0
7f7a807ba000-7f7a807bc000 rw-s 1306d9000 00:05 493                       /dev/dri/card0
7f7a807bc000-7f7a807be000 rw-s 1306d7000 00:05 493                       /dev/dri/card0
7f7a807be000-7f7a807c6000 rw-s 1306cf000 00:05 493                       /dev/dri/card0
7f7a807c6000-7f7a807c8000 rw-s 1306cd000 00:05 493                       /dev/dri/card0
7f7a807c8000-7f7a807ca000 rw-s 1306cb000 00:05 493                       /dev/dri/card0
7f7a807ca000-7f7a807d2000 rw-s 1306c3000 00:05 493                       /dev/dri/card0
7f7a807d2000-7f7a807d4000 rw-s 1306c1000 00:05 493                       /dev/dri/card0
7f7a807d4000-7f7a807d6000 rw-s 1306bf000 00:05 493                       /dev/dri/card0
7f7a807d6000-7f7a807de000 rw-s 1306b7000 00:05 493                       /dev/dri/card0
7f7a807de000-7f7a807e0000 rw-s 1306b5000 00:05 493                       /dev/dri/card0
7f7a807e0000-7f7a807e2000 rw-s 1306b3000 00:05 493                       /dev/dri/card0
7f7a807e2000-7f7a807ea000 rw-s 1306ab000 00:05 493                       /dev/dri/card0
7f7a807ea000-7f7a807ec000 rw-s 1306a9000 00:05 493                       /dev/dri/card0
7f7a807ec000-7f7a807ee000 rw-s 1306a7000 00:05 493                       /dev/dri/card0
7f7a807ee000-7f7a807f6000 rw-s 13069f000 00:05 493                       /dev/dri/card0
7f7a807f6000-7f7a807f8000 rw-s 13069d000 00:05 493                       /dev/dri/card0
7f7a807f8000-7f7a807fa000 rw-s 13069b000 00:05 493                       /dev/dri/card0
7f7a807fa000-7f7a80802000 rw-s 130693000 00:05 493                       /dev/dri/card0
7f7a80802000-7f7a80804000 rw-s 130691000 00:05 493                       /dev/dri/card0
7f7a80804000-7f7a80806000 rw-s 13068f000 00:05 493                       /dev/dri/card0
7f7a80806000-7f7a8080e000 rw-s 130687000 00:05 493                       /dev/dri/card0
7f7a8080e000-7f7a80810000 rw-s 130685000 00:05 493                       /dev/dri/card0
7f7a80810000-7f7a80812000 rw-s 130683000 00:05 493                       /dev/dri/card0
7f7a80812000-7f7a8081a000 rw-s 13067b000 00:05 493                       /dev/dri/card0
7f7a8081a000-7f7a8081c000 rw-s 130679000 00:05 493                       /dev/dri/card0
7f7a8081c000-7f7a8081e000 rw-s 130677000 00:05 493                       /dev/dri/card0
7f7a8081e000-7f7a80826000 rw-s 13066f000 00:05 493                       /dev/dri/card0
7f7a80826000-7f7a80828000 rw-s 13066d000 00:05 493                       /dev/dri/card0
7f7a80828000-7f7a8082a000 rw-s 13066b000 00:05 493                       /dev/dri/card0
7f7a8082a000-7f7a80832000 rw-s 130663000 00:05 493                       /dev/dri/card0
7f7a80832000-7f7a80834000 rw-s 130661000 00:05 493                       /dev/dri/card0
7f7a80834000-7f7a80836000 rw-s 13065f000 00:05 493                       /dev/dri/card0
7f7a80836000-7f7a8083e000 rw-s 130657000 00:05 493                       /dev/dri/card0
7f7a8083e000-7f7a80840000 rw-s 130655000 00:05 493                       /dev/dri/card0
7f7a80840000-7f7a80842000 rw-s 130653000 00:05 493                       /dev/dri/card0
7f7a80842000-7f7a8084a000 rw-s 13064b000 00:05 493                       /dev/dri/card0
7f7a8084a000-7f7a8084c000 rw-s 130649000 00:05 493                       /dev/dri/card0
7f7a8084c000-7f7a8084e000 rw-s 130647000 00:05 493                       /dev/dri/card0
7f7a8084e000-7f7a80856000 rw-s 13063f000 00:05 493                       /dev/dri/card0
7f7a80856000-7f7a80858000 rw-s 1304a9000 00:05 493                       /dev/dri/card0
7f7a80858000-7f7a8085a000 rw-s 1304a7000 00:05 493                       /dev/dri/card0
7f7a8085a000-7f7a80862000 rw-s 13049f000 00:05 493                       /dev/dri/card0
7f7a80862000-7f7a80864000 rw-s 13049d000 00:05 493                       /dev/dri/card0
7f7a80864000-7f7a80866000 rw-s 13049b000 00:05 493                       /dev/dri/card0
7f7a80866000-7f7a8086e000 rw-s 130493000 00:05 493                       /dev/dri/card0
7f7a8086e000-7f7a80870000 rw-s 130491000 00:05 493                       /dev/dri/card0
7f7a80870000-7f7a80872000 rw-s 13048f000 00:05 493                       /dev/dri/card0
7f7a80872000-7f7a8087a000 rw-s 130487000 00:05 493                       /dev/dri/card0
7f7a8087a000-7f7a8087c000 rw-s 130485000 00:05 493                       /dev/dri/card0
7f7a8087c000-7f7a8087e000 rw-s 130483000 00:05 493                       /dev/dri/card0
7f7a8087e000-7f7a80886000 rw-s 13047b000 00:05 493                       /dev/dri/card0
7f7a80886000-7f7a80888000 rw-s 130479000 00:05 493                       /dev/dri/card0
7f7a80888000-7f7a8088a000 rw-s 130477000 00:05 493                       /dev/dri/card0
7f7a8088a000-7f7a80892000 rw-s 13046f000 00:05 493                       /dev/dri/card0
7f7a80892000-7f7a80894000 rw-s 13046d000 00:05 493                       /dev/dri/card0
7f7a80894000-7f7a80896000 rw-s 13046b000 00:05 493                       /dev/dri/card0
7f7a80896000-7f7a8089e000 rw-s 130463000 00:05 493                       /dev/dri/card0
7f7a8089e000-7f7a808a0000 rw-s 130461000 00:05 493                       /dev/dri/card0
7f7a808a0000-7f7a808a2000 rw-s 13045f000 00:05 493                       /dev/dri/card0
7f7a808a2000-7f7a808aa000 rw-s 130457000 00:05 493                       /dev/dri/card0
7f7a808aa000-7f7a808ac000 rw-s 13063d000 00:05 493                       /dev/dri/card0
7f7a808ac000-7f7a808ae000 rw-s 13063b000 00:05 493                       /dev/dri/card0
7f7a808ae000-7f7a808b6000 rw-s 130633000 00:05 493                       /dev/dri/card0
7f7a808b6000-7f7a808b8000 rw-s 130631000 00:05 493                       /dev/dri/card0
7f7a808b8000-7f7a808ba000 rw-s 13062f000 00:05 493                       /dev/dri/card0
7f7a808ba000-7f7a808c2000 rw-s 130627000 00:05 493                       /dev/dri/card0
7f7a808c2000-7f7a808c4000 rw-s 130625000 00:05 493                       /dev/dri/card0
7f7a808c4000-7f7a808c6000 rw-s 130623000 00:05 493                       /dev/dri/card0
7f7a808c6000-7f7a808ce000 rw-s 13061b000 00:05 493                       /dev/dri/card0
7f7a808ce000-7f7a808d0000 rw-s 130619000 00:05 493                       /dev/dri/card0
7f7a808d0000-7f7a808d2000 rw-s 130617000 00:05 493                       /dev/dri/card0
7f7a808d2000-7f7a808da000 rw-s 13060f000 00:05 493                       /dev/dri/card0
7f7a808da000-7f7a808dc000 rw-s 13060d000 00:05 493                       /dev/dri/card0
7f7a808dc000-7f7a808de000 rw-s 13060b000 00:05 493                       /dev/dri/card0
7f7a808de000-7f7a808e6000 rw-s 130603000 00:05 493                       /dev/dri/card0
7f7a808e6000-7f7a808e8000 rw-s 130601000 00:05 493                       /dev/dri/card0
7f7a808e8000-7f7a808ea000 rw-s 1305ff000 00:05 493                       /dev/dri/card0
7f7a808ea000-7f7a808f2000 rw-s 1305f5000 00:05 493                       /dev/dri/card0
7f7a808f2000-7f7a808f4000 rw-s 1305f3000 00:05 493                       /dev/dri/card0
7f7a808f4000-7f7a808f6000 rw-s 1305f1000 00:05 493                       /dev/dri/card0
7f7a808f6000-7f7a808fe000 rw-s 1305e9000 00:05 493                       /dev/dri/card0
7f7a808fe000-7f7a80900000 rw-s 1305e7000 00:05 493                       /dev/dri/card0
7f7a80900000-7f7a80902000 rw-s 1305e5000 00:05 493                       /dev/dri/card0
7f7a80902000-7f7a8090a000 rw-s 1305dd000 00:05 493                       /dev/dri/card0
7f7a8090a000-7f7a8090c000 rw-s 1305db000 00:05 493                       /dev/dri/card0
7f7a8090c000-7f7a8090e000 rw-s 1305d9000 00:05 493                       /dev/dri/card0
7f7a8090e000-7f7a80916000 rw-s 1305d1000 00:05 493                       /dev/dri/card0
7f7a80916000-7f7a80918000 rw-s 1305cf000 00:05 493                       /dev/dri/card0
7f7a80918000-7f7a8091a000 rw-s 1305cd000 00:05 493                       /dev/dri/card0
7f7a8091a000-7f7a80922000 rw-s 1305c5000 00:05 493                       /dev/dri/card0
7f7a809ad000-7f7a809b0000 ---p 00000000 00:00 0 
7f7a809b0000-7f7a80aae000 rw-p 00000000 00:00 0 
7f7a80aae000-7f7a80ab0000 rw-s 1305c3000 00:05 493                       /dev/dri/card0
7f7a80ab0000-7f7a80ab2000 rw-s 1305c1000 00:05 493                       /dev/dri/card0
7f7a80ab2000-7f7a80aba000 rw-s 1305b9000 00:05 493                       /dev/dri/card0
7f7a80aba000-7f7a80abc000 rw-s 1305b7000 00:05 493                       /dev/dri/card0
7f7a80abc000-7f7a80abe000 rw-s 1305b5000 00:05 493                       /dev/dri/card0
7f7a80abe000-7f7a80ac6000 rw-s 1305ad000 00:05 493                       /dev/dri/card0
7f7a80ac6000-7f7a80ac8000 rw-s 1305ab000 00:05 493                       /dev/dri/card0
7f7a80ac8000-7f7a80aca000 rw-s 1305a9000 00:05 493                       /dev/dri/card0
7f7a80aca000-7f7a80ad2000 rw-s 1305a1000 00:05 493                       /dev/dri/card0
7f7a80ad2000-7f7a80ad4000 rw-s 13059f000 00:05 493                       /dev/dri/card0
7f7a80ad4000-7f7a80ad6000 rw-s 13059d000 00:05 493                       /dev/dri/card0
7f7a80ad6000-7f7a80ade000 rw-s 130595000 00:05 493                       /dev/dri/card0
7f7a80af4000-7f7a80af5000 rw-s 13b51f000 00:05 493                       /dev/dri/card0
7f7a80b6a000-7f7a80b6d000 ---p 00000000 00:00 0 
7f7a80b6d000-7f7a80d60000 rw-p 00000000 00:00 0                          [stack:32342]
7f7a80e38000-7f7a80e3a000 rw-s 13056e000 00:05 493                       /dev/dri/card0
7f7a80e3a000-7f7a80e3c000 rw-s 13056c000 00:05 493                       /dev/dri/card0
7f7a80e3c000-7f7a80e44000 rw-s 130564000 00:05 493                       /dev/dri/card0
7f7a80e44000-7f7a80e46000 rw-s 130562000 00:05 493                       /dev/dri/card0
7f7a80e46000-7f7a80e48000 rw-s 130560000 00:05 493                       /dev/dri/card0
7f7a80e48000-7f7a80e50000 rw-s 130556000 00:05 493                       /dev/dri/card0
7f7a80e50000-7f7a80e52000 rw-s 13b237000 00:05 493                       /dev/dri/card0
7f7a80e52000-7f7a80e54000 rw-s 13b235000 00:05 493                       /dev/dri/card0
7f7a80e54000-7f7a80e5c000 rw-s 13b22d000 00:05 493                       /dev/dri/card0
7f7a80e5c000-7f7a80e5e000 rw-s 13b20c000 00:05 493                       /dev/dri/card0
7f7a80e5e000-7f7a80e60000 rw-s 13b20a000 00:05 493                       /dev/dri/card0
7f7a80e60000-7f7a80e68000 rw-s 13b202000 00:05 493                       /dev/dri/card0
7f7a80e68000-7f7a80e6a000 rw-s 130515000 00:05 493                       /dev/dri/card0
7f7a80e6a000-7f7a80e72000 rw-s 13050b000 00:05 493                       /dev/dri/card0
7f7a80e72000-7f7a80e7a000 rw-s 1304ff000 00:05 493                       /dev/dri/card0
7f7a80e7a000-7f7a80e7b000 ---p 00000000 00:00 0 
7f7a80e7b000-7f7a8167b000 rw-p 00000000 00:00 0                          [stack:32329]
7f7a8167b000-7f7a816a2000 r-xp 00000000 08:05 920264                     /lib/x86_64-linux-gnu/libexpat.so.1.6.0
7f7a816a2000-7f7a818a2000 ---p 00027000 08:05 920264                     /lib/x86_64-linux-gnu/libexpat.so.1.6.0
7f7a818a2000-7f7a818a4000 r--p 00027000 08:05 920264                     /lib/x86_64-linux-gnu/libexpat.so.1.6.0
7f7a818a4000-7f7a818a5000 rw-p 00029000 08:05 920264                     /lib/x86_64-linux-gnu/libexpat.so.1.6.0
7f7a818a5000-7f7a81c3e000 r-xp 00000000 08:05 262257                     /usr/lib/x86_64-linux-gnu/dri/r600_dri.so
7f7a81c3e000-7f7a81e3d000 ---p 00399000 08:05 262257                     /usr/lib/x86_64-linux-gnu/dri/r600_dri.so
7f7a81e3d000-7f7a81e7b000 r--p 00398000 08:05 262257                     /usr/lib/x86_64-linux-gnu/dri/r600_dri.so
7f7a81e7b000-7f7a81e86000 rw-p 003d6000 08:05 262257                     /usr/lib/x86_64-linux-gnu/dri/r600_dri.so
7f7a81e86000-7f7a81ea2000 rw-p 00000000 00:00 0 
7f7a81ea2000-7f7a81ee6000 r-xp 00000000 08:05 918868                     /lib/x86_64-linux-gnu/libdbus-1.so.3.7.6
7f7a81ee6000-7f7a820e5000 ---p 00044000 08:05 918868                     /lib/x86_64-linux-gnu/libdbus-1.so.3.7.6
7f7a820e5000-7f7a820e6000 r--p 00043000 08:05 918868                     /lib/x86_64-linux-gnu/libdbus-1.so.3.7.6
7f7a820e6000-7f7a820e7000 rw-p 00044000 08:05 918868                     /lib/x86_64-linux-gnu/libdbus-1.so.3.7.6
7f7a820e7000-7f7a820ef000 r-xp 00000000 08:05 920305                     /lib/x86_64-linux-gnu/libnih-dbus.so.1.0.0
7f7a820ef000-7f7a822ef000 ---p 00008000 08:05 920305                     /lib/x86_64-linux-gnu/libnih-dbus.so.1.0.0
7f7a822ef000-7f7a822f0000 r--p 00008000 08:05 920305                     /lib/x86_64-linux-gnu/libnih-dbus.so.1.0.0
7f7a822f0000-7f7a822f1000 rw-p 00009000 08:05 920305                     /lib/x86_64-linux-gnu/libnih-dbus.so.1.0.0
7f7a822f1000-7f7a82308000 r-xp 00000000 08:05 920307                     /lib/x86_64-linux-gnu/libnih.so.1.0.0
7f7a82308000-7f7a82507000 ---p 00017000 08:05 920307                     /lib/x86_64-linux-gnu/libnih.so.1.0.0
7f7a82507000-7f7a82508000 r--p 00016000 08:05 920307                     /lib/x86_64-linux-gnu/libnih.so.1.0.0
7f7a82508000-7f7a82509000 rw-p 00017000 08:05 920307                     /lib/x86_64-linux-gnu/libnih.so.1.0.0
7f7a82509000-7f7a82522000 r-xp 00000000 08:05 934232                     /lib/x86_64-linux-gnu/libcgmanager.so.0.0.0
7f7a82522000-7f7a82721000 ---p 00019000 08:05 934232                     /lib/x86_64-linux-gnu/libcgmanager.so.0.0.0
7f7a82721000-7f7a82723000 r--p 00018000 08:05 934232                     /lib/x86_64-linux-gnu/libcgmanager.so.0.0.0
7f7a82723000-7f7a82724000 rw-p 0001a000 08:05 934232                     /lib/x86_64-linux-gnu/libcgmanager.so.0.0.0
7f7a82724000-7f7a82734000 r-xp 00000000 08:05 916936                     /lib/x86_64-linux-gnu/libudev.so.1.3.5
7f7a82734000-7f7a82933000 ---p 00010000 08:05 916936                     /lib/x86_64-linux-gnu/libudev.so.1.3.5
7f7a82933000-7f7a82934000 r--p 0000f000 08:05 916936                     /lib/x86_64-linux-gnu/libudev.so.1.3.5
7f7a82934000-7f7a82935000 rw-p 00010000 08:05 916936                     /lib/x86_64-linux-gnu/libudev.so.1.3.5
7f7a82935000-7f7a82937000 r-xp 00000000 08:05 10128                      /usr/lib/x86_64-linux-gnu/libXinerama.so.1.0.0
7f7a82937000-7f7a82b36000 ---p 00002000 08:05 10128                      /usr/lib/x86_64-linux-gnu/libXinerama.so.1.0.0
7f7a82b36000-7f7a82b37000 r--p 00001000 08:05 10128                      /usr/lib/x86_64-linux-gnu/libXinerama.so.1.0.0
7f7a82b37000-7f7a82b38000 rw-p 00002000 08:05 10128                      /usr/lib/x86_64-linux-gnu/libXinerama.so.1.0.0
7f7a82b38000-7f7a82b39000 ---p 00000000 00:00 0 
7f7a82b39000-7f7a83339000 rw-p 00000000 00:00 0 
7f7a83339000-7f7a8335e000 r-xp 00000000 08:05 920387                     /lib/x86_64-linux-gnu/libtinfo.so.5.9
7f7a8335e000-7f7a8355d000 ---p 00025000 08:05 920387                     /lib/x86_64-linux-gnu/libtinfo.so.5.9
7f7a8355d000-7f7a83561000 r--p 00024000 08:05 920387                     /lib/x86_64-linux-gnu/libtinfo.so.5.9
7f7a83561000-7f7a83562000 rw-p 00028000 08:05 920387                     /lib/x86_64-linux-gnu/libtinfo.so.5.9
7f7a83562000-7f7a83578000 r-xp 00000000 08:05 918864                     /lib/x86_64-linux-gnu/libgcc_s.so.1
7f7a83578000-7f7a83777000 ---p 00016000 08:05 918864                     /lib/x86_64-linux-gnu/libgcc_s.so.1
7f7a83777000-7f7a83778000 rw-p 00015000 08:05 918864                     /lib/x86_64-linux-gnu/libgcc_s.so.1
7f7a83778000-7f7a8385e000 r-xp 00000000 08:05 5703                       /usr/lib/x86_64-linux-gnu/libstdc++.so.6.0.19
7f7a8385e000-7f7a83a5d000 ---p 000e6000 08:05 5703                       /usr/lib/x86_64-linux-gnu/libstdc++.so.6.0.19
7f7a83a5d000-7f7a83a65000 r--p 000e5000 08:05 5703                       /usr/lib/x86_64-linux-gnu/libstdc++.so.6.0.19
7f7a83a65000-7f7a83a67000 rw-p 000ed000 08:05 5703                       /usr/lib/x86_64-linux-gnu/libstdc++.so.6.0.19
7f7a83a67000-7f7a83a7c000 rw-p 00000000 00:00 0 
7f7a83a7c000-7f7a8527a000 r-xp 00000000 08:05 9968                       /usr/lib/x86_64-linux-gnu/libLLVM-3.4.so.1
7f7a8527a000-7f7a85408000 r--p 017fd000 08:05 9968                       /usr/lib/x86_64-linux-gnu/libLLVM-3.4.so.1
7f7a85408000-7f7a8540a000 rw-p 0198b000 08:05 9968                       /usr/lib/x86_64-linux-gnu/libLLVM-3.4.so.1
7f7a8540a000-7f7a8541d000 rw-p 00000000 00:00 0 
7f7a8541d000-7f7a85429000 r-xp 00000000 08:05 2335                       /usr/lib/x86_64-linux-gnu/libdrm_radeon.so.1.0.1
7f7a85429000-7f7a85628000 ---p 0000c000 08:05 2335                       /usr/lib/x86_64-linux-gnu/libdrm_radeon.so.1.0.1
7f7a85628000-7f7a85629000 r--p 0000b000 08:05 2335                       /usr/lib/x86_64-linux-gnu/libdrm_radeon.so.1.0.1
7f7a85629000-7f7a8562a000 rw-p 0000c000 08:05 2335                       /usr/lib/x86_64-linux-gnu/libdrm_radeon.so.1.0.1
7f7a8562a000-7f7a8563f000 r-xp 00000000 08:05 7484                       /usr/lib/x86_64-linux-gnu/libelf-0.158.so
7f7a8563f000-7f7a8583e000 ---p 00015000 08:05 7484                       /usr/lib/x86_64-linux-gnu/libelf-0.158.so
7f7a8583e000-7f7a8583f000 r--p 00014000 08:05 7484                       /usr/lib/x86_64-linux-gnu/libelf-0.158.so
7f7a8583f000-7f7a85840000 rw-p 00015000 08:05 7484                       /usr/lib/x86_64-linux-gnu/libelf-0.158.so
7f7a85840000-7f7a85846000 r-xp 00000000 08:05 10383                      /usr/lib/x86_64-linux-gnu/libdrm_nouveau.so.2.0.0
7f7a85846000-7f7a85a45000 ---p 00006000 08:05 10383                      /usr/lib/x86_64-linux-gnu/libdrm_nouveau.so.2.0.0
7f7a85a45000-7f7a85a46000 r--p 00005000 08:05 10383                      /usr/lib/x86_64-linux-gnu/libdrm_nouveau.so.2.0.0
7f7a85a46000-7f7a85a47000 rw-p 00006000 08:05 10383                      /usr/lib/x86_64-linux-gnu/libdrm_nouveau.so.2.0.0
7f7a85a47000-7f7a85a4e000 r-xp 00000000 08:05 263262                     /usr/lib/x86_64-linux-gnu/mesa-egl/libOpenVG.so.1.0.0
7f7a85a4e000-7f7a85c4d000 ---p 00007000 08:05 263262                     /usr/lib/x86_64-linux-gnu/mesa-egl/libOpenVG.so.1.0.0
7f7a85c4d000-7f7a85c4e000 r--p 00006000 08:05 263262                     /usr/lib/x86_64-linux-gnu/mesa-egl/libOpenVG.so.1.0.0
7f7a85c4e000-7f7a85c4f000 rw-p 00007000 08:05 263262                     /usr/lib/x86_64-linux-gnu/mesa-egl/libOpenVG.so.1.0.0
7f7a85c4f000-7f7a85c51000 rw-p 00000000 00:00 0 
7f7a85c51000-7f7a85e3a000 r-xp 00000000 08:05 7496                       /usr/lib/x86_64-linux-gnu/libgallium.so.0.0.0
7f7a85e3a000-7f7a8603a000 ---p 001e9000 08:05 7496                       /usr/lib/x86_64-linux-gnu/libgallium.so.0.0.0
7f7a8603a000-7f7a8604a000 r--p 001e9000 08:05 7496                       /usr/lib/x86_64-linux-gnu/libgallium.so.0.0.0
7f7a8604a000-7f7a8604c000 rw-p 001f9000 08:05 7496                       /usr/lib/x86_64-linux-gnu/libgallium.so.0.0.0
7f7a8604c000-7f7a86214000 rw-p 00000000 00:00 0 
7f7a86214000-7f7a86834000 r-xp 00000000 08:05 263086                     /usr/lib/x86_64-linux-gnu/egl/egl_gallium.so
7f7a86834000-7f7a86a33000 ---p 00620000 08:05 263086                     /usr/lib/x86_64-linux-gnu/egl/egl_gallium.so
7f7a86a33000-7f7a86a74000 r--p 0061f000 08:05 263086                     /usr/lib/x86_64-linux-gnu/egl/egl_gallium.so
7f7a86a74000-7f7a86a82000 rw-p 00660000 08:05 263086                     /usr/lib/x86_64-linux-gnu/egl/egl_gallium.so
7f7a86a82000-7f7a86aa2000 rw-p 00000000 00:00 0 
7f7a86aa2000-7f7a86aa8000 r-xp 00000000 08:05 263256                     /usr/lib/x86_64-linux-gnu/mesa-egl/libGLESv2.so.2.0.0
7f7a86aa8000-7f7a86ca8000 ---p 00006000 08:05 263256                     /usr/lib/x86_64-linux-gnu/mesa-egl/libGLESv2.so.2.0.0
7f7a86ca8000-7f7a86ca9000 r--p 00006000 08:05 263256                     /usr/lib/x86_64-linux-gnu/mesa-egl/libGLESv2.so.2.0.0
7f7a86ca9000-7f7a86caa000 rw-p 00007000 08:05 263256                     /usr/lib/x86_64-linux-gnu/mesa-egl/libGLESv2.so.2.0.0
7f7a86caa000-7f7a86cf0000 r-xp 00000000 08:05 263673                     /tmp/jogamp_0000/file_cache/jln526205454532008762/jln6428839996536423736/libjogl_mobile.so
7f7a86cf0000-7f7a86ef0000 ---p 00046000 08:05 263673                     /tmp/jogamp_0000/file_cache/jln526205454532008762/jln6428839996536423736/libjogl_mobile.so
7f7a86ef0000-7f7a86ef1000 rw-p 00046000 08:05 263673                     /tmp/jogamp_0000/file_cache/jln526205454532008762/jln6428839996536423736/libjogl_mobile.so
7f7a86ef1000-7f7a86ef8000 r-xp 00000000 08:05 10432                      /usr/lib/x86_64-linux-gnu/libffi.so.6.0.1
7f7a86ef8000-7f7a870f7000 ---p 00007000 08:05 10432                      /usr/lib/x86_64-linux-gnu/libffi.so.6.0.1
7f7a870f7000-7f7a870f8000 r--p 00006000 08:05 10432                      /usr/lib/x86_64-linux-gnu/libffi.so.6.0.1
7f7a870f8000-7f7a870f9000 rw-p 00007000 08:05 10432                      /usr/lib/x86_64-linux-gnu/libffi.so.6.0.1
7f7a870f9000-7f7a87100000 r-xp 00000000 08:05 15470                      /usr/lib/x86_64-linux-gnu/libgbm.so.1.0.0
7f7a87100000-7f7a872ff000 ---p 00007000 08:05 15470                      /usr/lib/x86_64-linux-gnu/libgbm.so.1.0.0
7f7a872ff000-7f7a87300000 r--p 00006000 08:05 15470                      /usr/lib/x86_64-linux-gnu/libgbm.so.1.0.0
7f7a87300000-7f7a87301000 rw-p 00007000 08:05 15470                      /usr/lib/x86_64-linux-gnu/libgbm.so.1.0.0
7f7a87301000-7f7a87310000 r-xp 00000000 08:05 11272                      /usr/lib/x86_64-linux-gnu/libwayland-server.so.0.1.0
7f7a87310000-7f7a8750f000 ---p 0000f000 08:05 11272                      /usr/lib/x86_64-linux-gnu/libwayland-server.so.0.1.0
7f7a8750f000-7f7a87511000 r--p 0000e000 08:05 11272                      /usr/lib/x86_64-linux-gnu/libwayland-server.so.0.1.0
7f7a87511000-7f7a87512000 rw-p 00010000 08:05 11272                      /usr/lib/x86_64-linux-gnu/libwayland-server.so.0.1.0
7f7a87512000-7f7a8751d000 r-xp 00000000 08:05 11266                      /usr/lib/x86_64-linux-gnu/libwayland-client.so.0.2.0
7f7a8751d000-7f7a8771c000 ---p 0000b000 08:05 11266                      /usr/lib/x86_64-linux-gnu/libwayland-client.so.0.2.0
7f7a8771c000-7f7a8771e000 r--p 0000a000 08:05 11266                      /usr/lib/x86_64-linux-gnu/libwayland-client.so.0.2.0
7f7a8771e000-7f7a8771f000 rw-p 0000c000 08:05 11266                      /usr/lib/x86_64-linux-gnu/libwayland-client.so.0.2.0
7f7a8771f000-7f7a87724000 r-xp 00000000 08:05 11329                      /usr/lib/x86_64-linux-gnu/libxcb-xfixes.so.0.0.0
7f7a87724000-7f7a87924000 ---p 00005000 08:05 11329                      /usr/lib/x86_64-linux-gnu/libxcb-xfixes.so.0.0.0
7f7a87924000-7f7a87925000 r--p 00005000 08:05 11329                      /usr/lib/x86_64-linux-gnu/libxcb-xfixes.so.0.0.0
7f7a87925000-7f7a87926000 rw-p 00006000 08:05 11329                      /usr/lib/x86_64-linux-gnu/libxcb-xfixes.so.0.0.0
7f7a87926000-7f7a87949000 r-xp 00000000 08:05 263544                     /usr/lib/x86_64-linux-gnu/mesa-egl/libEGL.so.1.0.0
7f7a87949000-7f7a87b49000 ---p 00023000 08:05 263544                     /usr/lib/x86_64-linux-gnu/mesa-egl/libEGL.so.1.0.0
7f7a87b49000-7f7a87b4a000 r--p 00023000 08:05 263544                     /usr/lib/x86_64-linux-gnu/mesa-egl/libEGL.so.1.0.0
7f7a87b4a000-7f7a87b4b000 rw-p 00024000 08:05 263544                     /usr/lib/x86_64-linux-gnu/mesa-egl/libEGL.so.1.0.0
7f7a87b4b000-7f7a87bf3000 r-xp 00000000 08:05 263091                     /tmp/jogamp_0000/file_cache/jln526205454532008762/jln6428839996536423736/libjogl_desktop.so
7f7a87bf3000-7f7a87df3000 ---p 000a8000 08:05 263091                     /tmp/jogamp_0000/file_cache/jln526205454532008762/jln6428839996536423736/libjogl_desktop.so
7f7a87df3000-7f7a87df4000 rw-p 000a8000 08:05 263091                     /tmp/jogamp_0000/file_cache/jln526205454532008762/jln6428839996536423736/libjogl_desktop.so
7f7a87df4000-7f7a87dff000 r-xp 00000000 08:05 18861                      /usr/lib/x86_64-linux-gnu/libdrm.so.2.4.0
7f7a87dff000-7f7a87ffe000 ---p 0000b000 08:05 18861                      /usr/lib/x86_64-linux-gnu/libdrm.so.2.4.0
7f7a87ffe000-7f7a87fff000 r--p 0000a000 08:05 18861                      /usr/lib/x86_64-linux-gnu/libdrm.so.2.4.0
7f7a87fff000-7f7a88000000 rw-p 0000b000 08:05 18861                      /usr/lib/x86_64-linux-gnu/libdrm.so.2.4.0
7f7a88000000-7f7a88049000 rw-p 00000000 00:00 0 
7f7a88049000-7f7a8c000000 ---p 00000000 00:00 0 
7f7a8c000000-7f7a8c002000 rw-s 130513000 00:05 493                       /dev/dri/card0
7f7a8c002000-7f7a8c004000 rw-s 130509000 00:05 493                       /dev/dri/card0
7f7a8c004000-7f7a8c006000 rw-s 130507000 00:05 493                       /dev/dri/card0
7f7a8c006000-7f7a8c008000 rw-s 1304fd000 00:05 493                       /dev/dri/card0
7f7a8c008000-7f7a8c00a000 rw-s 1304fb000 00:05 493                       /dev/dri/card0
7f7a8c00a000-7f7a8c012000 rw-s 1304f3000 00:05 493                       /dev/dri/card0
7f7a8c012000-7f7a8c022000 rw-s 13ba22000 00:05 493                       /dev/dri/card0
7f7a8c022000-7f7a8c024000 rw-s 1304f1000 00:05 493                       /dev/dri/card0
7f7a8c024000-7f7a8c026000 rw-s 1304ef000 00:05 493                       /dev/dri/card0
7f7a8c026000-7f7a8c02e000 rw-s 1304e7000 00:05 493                       /dev/dri/card0
7f7a8c02e000-7f7a8c030000 rw-s 1304e5000 00:05 493                       /dev/dri/card0
7f7a8c030000-7f7a8c032000 rw-s 1304e3000 00:05 493                       /dev/dri/card0
7f7a8c032000-7f7a8c03a000 rw-s 1304db000 00:05 493                       /dev/dri/card0
7f7a8c03a000-7f7a8c03c000 rw-s 1304d9000 00:05 493                       /dev/dri/card0
7f7a8c03c000-7f7a8c03e000 rw-s 1304d7000 00:05 493                       /dev/dri/card0
7f7a8c03e000-7f7a8c046000 rw-s 1304cf000 00:05 493                       /dev/dri/card0
7f7a8c046000-7f7a8c048000 rw-s 1304cd000 00:05 493                       /dev/dri/card0
7f7a8c048000-7f7a8c04a000 rw-s 1304cb000 00:05 493                       /dev/dri/card0
7f7a8c04a000-7f7a8c052000 rw-s 1304c3000 00:05 493                       /dev/dri/card0
7f7a8c052000-7f7a8c054000 rw-s 1304c1000 00:05 493                       /dev/dri/card0
7f7a8c054000-7f7a8c056000 rw-s 1304bf000 00:05 493                       /dev/dri/card0
7f7a8c056000-7f7a8c05e000 rw-s 1304b7000 00:05 493                       /dev/dri/card0
7f7a8c05e000-7f7a8c06e000 rw-s 13b2aa000 00:05 493                       /dev/dri/card0
7f7a8c06f000-7f7a8c077000 rw-s 1304ab000 00:05 493                       /dev/dri/card0
7f7a8c077000-7f7a8c078000 rw-s 13b3f4000 00:05 493                       /dev/dri/card0
7f7a8c078000-7f7a8c079000 rw-s 13b3f3000 00:05 493                       /dev/dri/card0
7f7a8c079000-7f7a8c07a000 rw-s 13b3f2000 00:05 493                       /dev/dri/card0
7f7a8c07a000-7f7a8c07b000 rw-s 13b3f1000 00:05 493                       /dev/dri/card0
7f7a8c07b000-7f7a8c07c000 rw-s 13b3f0000 00:05 493                       /dev/dri/card0
7f7a8c07c000-7f7a8c07d000 rw-s 13b3ef000 00:05 493                       /dev/dri/card0
7f7a8c07d000-7f7a8c07e000 rw-s 13b3ee000 00:05 493                       /dev/dri/card0
7f7a8c08e000-7f7a8c09e000 rw-s 13b296000 00:05 493                       /dev/dri/card0
7f7a8c09e000-7f7a8c0ae000 rw-s 13b286000 00:05 493                       /dev/dri/card0
7f7a8c0ae000-7f7a8c0af000 r-xp 00000000 08:05 11345                      /usr/lib/x86_64-linux-gnu/libxshmfence.so.1.0.0
7f7a8c0af000-7f7a8c2ae000 ---p 00001000 08:05 11345                      /usr/lib/x86_64-linux-gnu/libxshmfence.so.1.0.0
7f7a8c2ae000-7f7a8c2af000 r--p 00000000 08:05 11345                      /usr/lib/x86_64-linux-gnu/libxshmfence.so.1.0.0
7f7a8c2af000-7f7a8c2b0000 rw-p 00001000 08:05 11345                      /usr/lib/x86_64-linux-gnu/libxshmfence.so.1.0.0
7f7a8c2b0000-7f7a8c2b5000 r-xp 00000000 08:05 11323                      /usr/lib/x86_64-linux-gnu/libxcb-sync.so.1.0.0
7f7a8c2b5000-7f7a8c4b4000 ---p 00005000 08:05 11323                      /usr/lib/x86_64-linux-gnu/libxcb-sync.so.1.0.0
7f7a8c4b4000-7f7a8c4b5000 r--p 00004000 08:05 11323                      /usr/lib/x86_64-linux-gnu/libxcb-sync.so.1.0.0
7f7a8c4b5000-7f7a8c4b6000 rw-p 00005000 08:05 11323                      /usr/lib/x86_64-linux-gnu/libxcb-sync.so.1.0.0
7f7a8c4b6000-7f7a8c4b8000 r-xp 00000000 08:05 11311                      /usr/lib/x86_64-linux-gnu/libxcb-present.so.0.0.0
7f7a8c4b8000-7f7a8c6b7000 ---p 00002000 08:05 11311                      /usr/lib/x86_64-linux-gnu/libxcb-present.so.0.0.0
7f7a8c6b7000-7f7a8c6b8000 r--p 00001000 08:05 11311                      /usr/lib/x86_64-linux-gnu/libxcb-present.so.0.0.0
7f7a8c6b8000-7f7a8c6b9000 rw-p 00002000 08:05 11311                      /usr/lib/x86_64-linux-gnu/libxcb-present.so.0.0.0
7f7a8c6b9000-7f7a8c6bb000 r-xp 00000000 08:05 11301                      /usr/lib/x86_64-linux-gnu/libxcb-dri3.so.0.0.0
7f7a8c6bb000-7f7a8c8ba000 ---p 00002000 08:05 11301                      /usr/lib/x86_64-linux-gnu/libxcb-dri3.so.0.0.0
7f7a8c8ba000-7f7a8c8bb000 r--p 00001000 08:05 11301                      /usr/lib/x86_64-linux-gnu/libxcb-dri3.so.0.0.0
7f7a8c8bb000-7f7a8c8bc000 rw-p 00002000 08:05 11301                      /usr/lib/x86_64-linux-gnu/libxcb-dri3.so.0.0.0
7f7a8c8bc000-7f7a8c8bf000 r-xp 00000000 08:05 11299                      /usr/lib/x86_64-linux-gnu/libxcb-dri2.so.0.0.0
7f7a8c8bf000-7f7a8cabf000 ---p 00003000 08:05 11299                      /usr/lib/x86_64-linux-gnu/libxcb-dri2.so.0.0.0
7f7a8cabf000-7f7a8cac0000 r--p 00003000 08:05 11299                      /usr/lib/x86_64-linux-gnu/libxcb-dri2.so.0.0.0
7f7a8cac0000-7f7a8cac1000 rw-p 00004000 08:05 11299                      /usr/lib/x86_64-linux-gnu/libxcb-dri2.so.0.0.0
7f7a8cac1000-7f7a8cad6000 r-xp 00000000 08:05 11303                      /usr/lib/x86_64-linux-gnu/libxcb-glx.so.0.0.0
7f7a8cad6000-7f7a8ccd5000 ---p 00015000 08:05 11303                      /usr/lib/x86_64-linux-gnu/libxcb-glx.so.0.0.0
7f7a8ccd5000-7f7a8ccd7000 r--p 00014000 08:05 11303                      /usr/lib/x86_64-linux-gnu/libxcb-glx.so.0.0.0
7f7a8ccd7000-7f7a8ccd8000 rw-p 00016000 08:05 11303                      /usr/lib/x86_64-linux-gnu/libxcb-glx.so.0.0.0
7f7a8ccd8000-7f7a8ccd9000 r-xp 00000000 08:05 10093                      /usr/lib/x86_64-linux-gnu/libX11-xcb.so.1.0.0
7f7a8ccd9000-7f7a8ced8000 ---p 00001000 08:05 10093                      /usr/lib/x86_64-linux-gnu/libX11-xcb.so.1.0.0
7f7a8ced8000-7f7a8ced9000 r--p 00000000 08:05 10093                      /usr/lib/x86_64-linux-gnu/libX11-xcb.so.1.0.0
7f7a8ced9000-7f7a8ceda000 rw-p 00001000 08:05 10093                      /usr/lib/x86_64-linux-gnu/libX11-xcb.so.1.0.0
7f7a8ceda000-7f7a8cedc000 r-xp 00000000 08:05 10112                      /usr/lib/x86_64-linux-gnu/libXdamage.so.1.1.0
7f7a8cedc000-7f7a8d0db000 ---p 00002000 08:05 10112                      /usr/lib/x86_64-linux-gnu/libXdamage.so.1.1.0
7f7a8d0db000-7f7a8d0dc000 r--p 00001000 08:05 10112                      /usr/lib/x86_64-linux-gnu/libXdamage.so.1.1.0
7f7a8d0dc000-7f7a8d0dd000 rw-p 00002000 08:05 10112                      /usr/lib/x86_64-linux-gnu/libXdamage.so.1.1.0
7f7a8d0dd000-7f7a8d0ff000 r-xp 00000000 08:05 7523                       /usr/lib/x86_64-linux-gnu/libglapi.so.0.0.0
7f7a8d0ff000-7f7a8d2ff000 ---p 00022000 08:05 7523                       /usr/lib/x86_64-linux-gnu/libglapi.so.0.0.0
7f7a8d2ff000-7f7a8d302000 r--p 00022000 08:05 7523                       /usr/lib/x86_64-linux-gnu/libglapi.so.0.0.0
7f7a8d302000-7f7a8d303000 rw-p 00025000 08:05 7523                       /usr/lib/x86_64-linux-gnu/libglapi.so.0.0.0
7f7a8d303000-7f7a8d304000 rw-p 00000000 00:00 0 
7f7a8d304000-7f7a8d366000 r-xp 00000000 08:05 263027                     /usr/lib/x86_64-linux-gnu/mesa/libGL.so.1.2.0
7f7a8d366000-7f7a8d565000 ---p 00062000 08:05 263027                     /usr/lib/x86_64-linux-gnu/mesa/libGL.so.1.2.0
7f7a8d565000-7f7a8d568000 r--p 00061000 08:05 263027                     /usr/lib/x86_64-linux-gnu/mesa/libGL.so.1.2.0
7f7a8d568000-7f7a8d569000 rw-p 00064000 08:05 263027                     /usr/lib/x86_64-linux-gnu/mesa/libGL.so.1.2.0
7f7a8d569000-7f7a8d56a000 rw-p 00000000 00:00 0 
7f7a8d56a000-7f7a8d571000 r-xp 00000000 08:05 263708                     /tmp/jogamp_0000/file_cache/jln526205454532008762/jln6428839996536423736/libnativewindow_x11.so
7f7a8d571000-7f7a8d770000 ---p 00007000 08:05 263708                     /tmp/jogamp_0000/file_cache/jln526205454532008762/jln6428839996536423736/libnativewindow_x11.so
7f7a8d770000-7f7a8d771000 rw-p 00006000 08:05 263708                     /tmp/jogamp_0000/file_cache/jln526205454532008762/jln6428839996536423736/libnativewindow_x11.so
7f7a8d771000-7f7a8d775000 r-xp 00000000 08:05 10154                      /usr/lib/x86_64-linux-gnu/libXxf86vm.so.1.0.0
7f7a8d775000-7f7a8d975000 ---p 00004000 08:05 10154                      /usr/lib/x86_64-linux-gnu/libXxf86vm.so.1.0.0
7f7a8d975000-7f7a8d976000 r--p 00004000 08:05 10154                      /usr/lib/x86_64-linux-gnu/libXxf86vm.so.1.0.0
7f7a8d976000-7f7a8d977000 rw-p 00005000 08:05 10154                      /usr/lib/x86_64-linux-gnu/libXxf86vm.so.1.0.0
7f7a8d977000-7f7a8d978000 rw-s 13b3ed000 00:05 493                       /dev/dri/card0
7f7a8d978000-7f7a8d979000 rw-s 13b3ec000 00:05 493                       /dev/dri/card0
7f7a8d979000-7f7a8d97a000 rw-s 13b3eb000 00:05 493                       /dev/dri/card0
7f7a8d97a000-7f7a8d97b000 rw-s 13b3ea000 00:05 493                       /dev/dri/card0
7f7a8d97b000-7f7a8d97d000 rw-s 1304b5000 00:05 493                       /dev/dri/card0
7f7a8d97d000-7f7a8d97f000 rw-s 1304b3000 00:05 493                       /dev/dri/card0
7f7a8d97f000-7f7a8d980000 rw-s 134c35000 00:05 493                       /dev/dri/card0
7f7a8d980000-7f7a8d981000 rw-s 132b7c000 00:05 493                       /dev/dri/card0
7f7a8d981000-7f7a8d982000 rw-s 132b7b000 00:05 493                       /dev/dri/card0
7f7a8d982000-7f7a8d983000 rw-s 132b7a000 00:05 493                       /dev/dri/card0
7f7a8d9a4000-7f7a8d9a6000 r-xp 00000000 08:05 263703                     /tmp/jogamp_0000/file_cache/jln526205454532008762/jln6428839996536423736/libnativewindow_awt.so
7f7a8d9a6000-7f7a8dba5000 ---p 00002000 08:05 263703                     /tmp/jogamp_0000/file_cache/jln526205454532008762/jln6428839996536423736/libnativewindow_awt.so
7f7a8dba5000-7f7a8dba6000 rw-p 00001000 08:05 263703                     /tmp/jogamp_0000/file_cache/jln526205454532008762/jln6428839996536423736/libnativewindow_awt.so
7f7a8dba6000-7f7a8dba7000 r-xp 00000000 00:19 17447406                   /home/ritz/apps/processing-2.2.1/java/lib/amd64/libjawt.so
7f7a8dba7000-7f7a8dda6000 ---p 00001000 00:19 17447406                   /home/ritz/apps/processing-2.2.1/java/lib/amd64/libjawt.so
7f7a8dda6000-7f7a8dda7000 rw-p 00000000 00:19 17447406                   /home/ritz/apps/processing-2.2.1/java/lib/amd64/libjawt.so
7f7a8dda7000-7f7a8dda9000 r-xp 00000000 08:05 263088                     /tmp/jogamp_0000/file_cache/jln526205454532008762/jln6428839996536423736/libgluegen-rt.so
7f7a8dda9000-7f7a8dfa9000 ---p 00002000 08:05 263088                     /tmp/jogamp_0000/file_cache/jln526205454532008762/jln6428839996536423736/libgluegen-rt.so
7f7a8dfa9000-7f7a8dfaa000 rw-p 00002000 08:05 263088                     /tmp/jogamp_0000/file_cache/jln526205454532008762/jln6428839996536423736/libgluegen-rt.so
7f7a8dfaa000-7f7a8dfad000 ---p 00000000 00:00 0 
7f7a8dfad000-7f7a8e0ab000 rw-p 00000000 00:00 0 
7f7a8e0ab000-7f7a8e0bb000 r-xp 00000000 00:19 17447441                   /home/ritz/apps/processing-2.2.1/java/lib/amd64/libnio.so
7f7a8e0bb000-7f7a8e2bb000 ---p 00010000 00:19 17447441                   /home/ritz/apps/processing-2.2.1/java/lib/amd64/libnio.so
7f7a8e2bb000-7f7a8e2bc000 rw-p 00010000 00:19 17447441                   /home/ritz/apps/processing-2.2.1/java/lib/amd64/libnio.so
7f7a8e2bc000-7f7a8e2d1000 r-xp 00000000 00:19 17447403                   /home/ritz/apps/processing-2.2.1/java/lib/amd64/libnet.so
7f7a8e2d1000-7f7a8e4d1000 ---p 00015000 00:19 17447403                   /home/ritz/apps/processing-2.2.1/java/lib/amd64/libnet.so
7f7a8e4d1000-7f7a8e4d2000 rw-p 00015000 00:19 17447403                   /home/ritz/apps/processing-2.2.1/java/lib/amd64/libnet.so
7f7a8e4d2000-7f7a8e4d5000 ---p 00000000 00:00 0 
7f7a8e4d5000-7f7a8e50b000 rw-p 00000000 00:00 0 
7f7a8e50b000-7f7a8e51f000 r--s 00141000 00:19 17445999                   /home/ritz/apps/processing-2.2.1/lib/org.eclipse.osgi_3.8.1.v20120830-144521.jar
7f7a8e51f000-7f7a8e55b000 r--s 00629000 00:19 17445966                   /home/ritz/apps/processing-2.2.1/lib/com.ibm.icu_4.4.2.v20110823.jar
7f7a8e55b000-7f7a8e55e000 ---p 00000000 00:00 0 
7f7a8e55e000-7f7a8e65c000 rw-p 00000000 00:00 0                          [stack:32317]
7f7a8e65c000-7f7a8e65f000 ---p 00000000 00:00 0 
7f7a8e65f000-7f7a8e75d000 rw-p 00000000 00:00 0                          [stack:32316]
7f7a8e75d000-7f7a8e760000 ---p 00000000 00:00 0 
7f7a8e760000-7f7a8e85e000 rw-p 00000000 00:00 0                          [stack:32315]
7f7a8e85e000-7f7a8e861000 ---p 00000000 00:00 0 
7f7a8e861000-7f7a8e95f000 rw-p 00000000 00:00 0                          [stack:32341]
7f7a8e95f000-7f7a8e962000 ---p 00000000 00:00 0 
7f7a8e962000-7f7a8ea60000 rw-p 00000000 00:00 0                          [stack:32313]
7f7a8ea60000-7f7a8ea65000 r-xp 00000000 08:05 11030                      /usr/lib/x86_64-linux-gnu/libXfixes.so.3.1.0
7f7a8ea65000-7f7a8ec64000 ---p 00005000 08:05 11030                      /usr/lib/x86_64-linux-gnu/libXfixes.so.3.1.0
7f7a8ec64000-7f7a8ec65000 r--p 00004000 08:05 11030                      /usr/lib/x86_64-linux-gnu/libXfixes.so.3.1.0
7f7a8ec65000-7f7a8ec66000 rw-p 00005000 08:05 11030                      /usr/lib/x86_64-linux-gnu/libXfixes.so.3.1.0
7f7a8ec66000-7f7a8ec6f000 r-xp 00000000 08:05 10110                      /usr/lib/x86_64-linux-gnu/libXcursor.so.1.0.2
7f7a8ec6f000-7f7a8ee6e000 ---p 00009000 08:05 10110                      /usr/lib/x86_64-linux-gnu/libXcursor.so.1.0.2
7f7a8ee6e000-7f7a8ee6f000 r--p 00008000 08:05 10110                      /usr/lib/x86_64-linux-gnu/libXcursor.so.1.0.2
7f7a8ee6f000-7f7a8ee70000 rw-p 00009000 08:05 10110                      /usr/lib/x86_64-linux-gnu/libXcursor.so.1.0.2
7f7a8ee70000-7f7a8ee75000 r-xp 00000000 08:05 10116                      /usr/lib/x86_64-linux-gnu/libXdmcp.so.6.0.0
7f7a8ee75000-7f7a8f074000 ---p 00005000 08:05 10116                      /usr/lib/x86_64-linux-gnu/libXdmcp.so.6.0.0
7f7a8f074000-7f7a8f075000 r--p 00004000 08:05 10116                      /usr/lib/x86_64-linux-gnu/libXdmcp.so.6.0.0
7f7a8f075000-7f7a8f076000 rw-p 00005000 08:05 10116                      /usr/lib/x86_64-linux-gnu/libXdmcp.so.6.0.0
7f7a8f076000-7f7a8f078000 r-xp 00000000 08:05 10103                      /usr/lib/x86_64-linux-gnu/libXau.so.6.0.0
7f7a8f078000-7f7a8f278000 ---p 00002000 08:05 10103                      /usr/lib/x86_64-linux-gnu/libXau.so.6.0.0
7f7a8f278000-7f7a8f279000 r--p 00002000 08:05 10103                      /usr/lib/x86_64-linux-gnu/libXau.so.6.0.0
7f7a8f279000-7f7a8f27a000 rw-p 00003000 08:05 10103                      /usr/lib/x86_64-linux-gnu/libXau.so.6.0.0
7f7a8f27a000-7f7a8f297000 r-xp 00000000 08:05 11337                      /usr/lib/x86_64-linux-gnu/libxcb.so.1.1.0
7f7a8f297000-7f7a8f497000 ---p 0001d000 08:05 11337                      /usr/lib/x86_64-linux-gnu/libxcb.so.1.1.0
7f7a8f497000-7f7a8f498000 r--p 0001d000 08:05 11337                      /usr/lib/x86_64-linux-gnu/libxcb.so.1.1.0
7f7a8f498000-7f7a8f499000 rw-p 0001e000 08:05 11337                      /usr/lib/x86_64-linux-gnu/libxcb.so.1.1.0
7f7a8f499000-7f7a8f4a8000 r-xp 00000000 08:05 13084                      /usr/lib/x86_64-linux-gnu/libXi.so.6.1.0
7f7a8f4a8000-7f7a8f6a7000 ---p 0000f000 08:05 13084                      /usr/lib/x86_64-linux-gnu/libXi.so.6.1.0
7f7a8f6a7000-7f7a8f6a8000 r--p 0000e000 08:05 13084                      /usr/lib/x86_64-linux-gnu/libXi.so.6.1.0
7f7a8f6a8000-7f7a8f6a9000 rw-p 0000f000 08:05 13084                      /usr/lib/x86_64-linux-gnu/libXi.so.6.1.0
7f7a8f6a9000-7f7a8f6ae000 r-xp 00000000 08:05 10144                      /usr/lib/x86_64-linux-gnu/libXtst.so.6.1.0
7f7a8f6ae000-7f7a8f8ad000 ---p 00005000 08:05 10144                      /usr/lib/x86_64-linux-gnu/libXtst.so.6.1.0
7f7a8f8ad000-7f7a8f8ae000 r--p 00004000 08:05 10144                      /usr/lib/x86_64-linux-gnu/libXtst.so.6.1.0
7f7a8f8ae000-7f7a8f8af000 rw-p 00005000 08:05 10144                      /usr/lib/x86_64-linux-gnu/libXtst.so.6.1.0
7f7a8f8af000-7f7a8f8b8000 r-xp 00000000 08:05 13087                      /usr/lib/x86_64-linux-gnu/libXrender.so.1.3.0
7f7a8f8b8000-7f7a8fab7000 ---p 00009000 08:05 13087                      /usr/lib/x86_64-linux-gnu/libXrender.so.1.3.0
7f7a8fab7000-7f7a8fab8000 r--p 00008000 08:05 13087                      /usr/lib/x86_64-linux-gnu/libXrender.so.1.3.0
7f7a8fab8000-7f7a8fab9000 rw-p 00009000 08:05 13087                      /usr/lib/x86_64-linux-gnu/libXrender.so.1.3.0
7f7a8fab9000-7f7a8fbe9000 r-xp 00000000 08:05 10097                      /usr/lib/x86_64-linux-gnu/libX11.so.6.3.0
7f7a8fbe9000-7f7a8fde9000 ---p 00130000 08:05 10097                      /usr/lib/x86_64-linux-gnu/libX11.so.6.3.0
7f7a8fde9000-7f7a8fdea000 r--p 00130000 08:05 10097                      /usr/lib/x86_64-linux-gnu/libX11.so.6.3.0
7f7a8fdea000-7f7a8fdee000 rw-p 00131000 08:05 10097                      /usr/lib/x86_64-linux-gnu/libX11.so.6.3.0
7f7a8fdee000-7f7a8fdff000 r-xp 00000000 08:05 8428                       /usr/lib/x86_64-linux-gnu/libXext.so.6.4.0
7f7a8fdff000-7f7a8fffe000 ---p 00011000 08:05 8428                       /usr/lib/x86_64-linux-gnu/libXext.so.6.4.0
7f7a8fffe000-7f7a8ffff000 r--p 00010000 08:05 8428                       /usr/lib/x86_64-linux-gnu/libXext.so.6.4.0
7f7a8ffff000-7f7a90000000 rw-p 00011000 08:05 8428                       /usr/lib/x86_64-linux-gnu/libXext.so.6.4.0
7f7a90000000-7f7a906ab000 rw-p 00000000 00:00 0 
7f7a906ab000-7f7a94000000 ---p 00000000 00:00 0 
7f7a94000000-7f7a94021000 rw-p 00000000 00:00 0 
7f7a94021000-7f7a98000000 ---p 00000000 00:00 0 
7f7a98000000-7f7a988a6000 rw-p 00000000 00:00 0 
7f7a988a6000-7f7a9c000000 ---p 00000000 00:00 0 
7f7a9c000000-7f7a9ccce000 rw-p 00000000 00:00 0 
7f7a9ccce000-7f7aa0000000 ---p 00000000 00:00 0 
7f7aa0000000-7f7aa0021000 rw-p 00000000 00:00 0 
7f7aa0021000-7f7aa4000000 ---p 00000000 00:00 0 
7f7aa4000000-7f7aa4402000 rw-p 00000000 00:00 0 
7f7aa4402000-7f7aa8000000 ---p 00000000 00:00 0 
7f7aa8000000-7f7aa8021000 rw-p 00000000 00:00 0 
7f7aa8021000-7f7aac000000 ---p 00000000 00:00 0 
7f7aac000000-7f7aac021000 rw-p 00000000 00:00 0 
7f7aac021000-7f7ab0000000 ---p 00000000 00:00 0 
7f7ab0000000-7f7ab0021000 rw-p 00000000 00:00 0 
7f7ab0021000-7f7ab4000000 ---p 00000000 00:00 0 
7f7ab4000000-7f7ab4021000 rw-p 00000000 00:00 0 
7f7ab4021000-7f7ab8000000 ---p 00000000 00:00 0 
7f7ab8000000-7f7ab8021000 rw-p 00000000 00:00 0 
7f7ab8021000-7f7abc000000 ---p 00000000 00:00 0 
7f7abc000000-7f7abc021000 rw-p 00000000 00:00 0 
7f7abc021000-7f7ac0000000 ---p 00000000 00:00 0 
7f7ac0000000-7f7ac0021000 rw-p 00000000 00:00 0 
7f7ac0021000-7f7ac4000000 ---p 00000000 00:00 0 
7f7ac4000000-7f7ac4001000 rw-s 13232f000 00:05 493                       /dev/dri/card0
7f7ac4001000-7f7ac4002000 rw-p 00000000 00:00 0 
7f7ac4002000-7f7ac4006000 r--s 0007d000 00:19 17447445                   /home/ritz/apps/processing-2.2.1/java/lib/jsse.jar
7f7ac4006000-7f7ac400f000 r--s 0009f000 00:19 17445964                   /home/ritz/apps/processing-2.2.1/lib/pde.jar
7f7ac400f000-7f7ac4023000 r--s 00127000 00:19 17445969                   /home/ritz/apps/processing-2.2.1/lib/jna.jar
7f7ac4023000-7f7ac4030000 r--s 000c6000 00:19 17445971                   /home/ritz/apps/processing-2.2.1/lib/jdimodel.jar
7f7ac4030000-7f7ac404e000 r--s 001bb000 00:19 17445986                   /home/ritz/apps/processing-2.2.1/lib/ant.jar
7f7ac404e000-7f7ac4051000 ---p 00000000 00:00 0 
7f7ac4051000-7f7ac414f000 rw-p 00000000 00:00 0                          [stack:32312]
7f7ac414f000-7f7ac419f000 r-xp 00000000 00:19 17447420                   /home/ritz/apps/processing-2.2.1/java/lib/amd64/xawt/libmawt.so
7f7ac419f000-7f7ac439f000 ---p 00050000 00:19 17447420                   /home/ritz/apps/processing-2.2.1/java/lib/amd64/xawt/libmawt.so
7f7ac439f000-7f7ac43a3000 rw-p 00050000 00:19 17447420                   /home/ritz/apps/processing-2.2.1/java/lib/amd64/xawt/libmawt.so
7f7ac43a3000-7f7ac43a4000 rw-p 00000000 00:00 0 
7f7ac43a4000-7f7ac4447000 r-xp 00000000 00:19 17447421                   /home/ritz/apps/processing-2.2.1/java/lib/amd64/libawt.so
7f7ac4447000-7f7ac4647000 ---p 000a3000 00:19 17447421                   /home/ritz/apps/processing-2.2.1/java/lib/amd64/libawt.so
7f7ac4647000-7f7ac4653000 rw-p 000a3000 00:19 17447421                   /home/ritz/apps/processing-2.2.1/java/lib/amd64/libawt.so
7f7ac4653000-7f7ac4677000 rw-p 00000000 00:00 0 
7f7ac4677000-7f7ac4698000 r--s 002d0000 00:19 17445718                   /home/ritz/apps/processing-2.2.1/core/library/jogl-all.jar
7f7ac4698000-7f7ac4699000 ---p 00000000 00:00 0 
7f7ac4699000-7f7ac4799000 rw-p 00000000 00:00 0                          [stack:32311]
7f7ac4799000-7f7ac479c000 ---p 00000000 00:00 0 
7f7ac479c000-7f7ac489a000 rw-p 00000000 00:00 0                          [stack:32310]
7f7ac489a000-7f7ac489d000 ---p 00000000 00:00 0 
7f7ac489d000-7f7ac499b000 rw-p 00000000 00:00 0                          [stack:32309]
7f7ac499b000-7f7ac499e000 ---p 00000000 00:00 0 
7f7ac499e000-7f7ac4a9c000 rw-p 00000000 00:00 0                          [stack:32308]
7f7ac4a9c000-7f7ac4a9f000 ---p 00000000 00:00 0 
7f7ac4a9f000-7f7ac4b9d000 rw-p 00000000 00:00 0                          [stack:32353]
7f7ac4b9d000-7f7ac4ba0000 ---p 00000000 00:00 0 
7f7ac4ba0000-7f7ac4c9e000 rw-p 00000000 00:00 0                          [stack:32299]
7f7ac4c9e000-7f7ac4ca1000 ---p 00000000 00:00 0 
7f7ac4ca1000-7f7ac4d9f000 rw-p 00000000 00:00 0 
7f7ac4d9f000-7f7ac4da3000 r-xp 00000000 00:19 17447422                   /home/ritz/apps/processing-2.2.1/java/lib/amd64/libdt_socket.so
7f7ac4da3000-7f7ac4fa2000 ---p 00004000 00:19 17447422                   /home/ritz/apps/processing-2.2.1/java/lib/amd64/libdt_socket.so
7f7ac4fa2000-7f7ac4fa3000 rw-p 00003000 00:19 17447422                   /home/ritz/apps/processing-2.2.1/java/lib/amd64/libdt_socket.so
7f7ac4fa3000-7f7ac4fa6000 ---p 00000000 00:00 0 
7f7ac4fa6000-7f7ac50a4000 rw-p 00000000 00:00 0                          [stack:32297]
7f7ac50a4000-7f7ac50a7000 ---p 00000000 00:00 0 
7f7ac50a7000-7f7ac51a5000 rw-p 00000000 00:00 0                          [stack:32296]
7f7ac51a5000-7f7ac51a8000 ---p 00000000 00:00 0 
7f7ac51a8000-7f7ac52a6000 rw-p 00000000 00:00 0                          [stack:32295]
7f7ac52a6000-7f7ac52a7000 ---p 00000000 00:00 0 
7f7ac52a7000-7f7ac5d5e000 rw-p 00000000 00:00 0                          [stack:32294]
7f7ac5d5e000-7f7ac5f1b000 r--s 031b5000 00:19 17446081                   /home/ritz/apps/processing-2.2.1/java/lib/rt.jar
7f7ac5f1b000-7f7ac7fd7000 rw-p 00000000 00:00 0 
7f7ac7fd7000-7f7ac7fd8000 ---p 00000000 00:00 0 
7f7ac7fd8000-7f7ac80d8000 rw-p 00000000 00:00 0                          [stack:32293]
7f7ac80d8000-7f7ac80d9000 ---p 00000000 00:00 0 
7f7ac80d9000-7f7ac81ec000 rw-p 00000000 00:00 0                          [stack:32292]
7f7ac81ec000-7f7ac8302000 rw-p 00000000 00:00 0 
7f7ac8302000-7f7ac830d000 rw-p 00000000 00:00 0 
7f7ac830d000-7f7ac832b000 rw-p 00000000 00:00 0 
7f7ac832b000-7f7ac833e000 rw-p 00000000 00:00 0 
7f7ac833e000-7f7ac8453000 rw-p 00000000 00:00 0 
7f7ac8453000-7f7ac84d1000 rw-p 00000000 00:00 0 
7f7ac84d1000-7f7ac84e8000 ---p 00000000 00:00 0 
7f7ac84e8000-7f7ac84e9000 rw-p 00000000 00:00 0 
7f7ac84e9000-7f7ac8759000 rwxp 00000000 00:00 0 
7f7ac8759000-7f7acb4e9000 rw-p 00000000 00:00 0 
7f7acb4e9000-7f7acb503000 r-xp 00000000 00:19 17447431                   /home/ritz/apps/processing-2.2.1/java/lib/amd64/libzip.so
7f7acb503000-7f7acb703000 ---p 0001a000 00:19 17447431                   /home/ritz/apps/processing-2.2.1/java/lib/amd64/libzip.so
7f7acb703000-7f7acb704000 rw-p 0001a000 00:19 17447431                   /home/ritz/apps/processing-2.2.1/java/lib/amd64/libzip.so
7f7acb704000-7f7acb70f000 r-xp 00000000 08:05 917059                     /lib/x86_64-linux-gnu/libnss_files-2.19.so
7f7acb70f000-7f7acb90e000 ---p 0000b000 08:05 917059                     /lib/x86_64-linux-gnu/libnss_files-2.19.so
7f7acb90e000-7f7acb90f000 r--p 0000a000 08:05 917059                     /lib/x86_64-linux-gnu/libnss_files-2.19.so
7f7acb90f000-7f7acb910000 rw-p 0000b000 08:05 917059                     /lib/x86_64-linux-gnu/libnss_files-2.19.so
7f7acb910000-7f7acb91b000 r-xp 00000000 08:05 920032                     /lib/x86_64-linux-gnu/libnss_nis-2.19.so
7f7acb91b000-7f7acbb1a000 ---p 0000b000 08:05 920032                     /lib/x86_64-linux-gnu/libnss_nis-2.19.so
7f7acbb1a000-7f7acbb1b000 r--p 0000a000 08:05 920032                     /lib/x86_64-linux-gnu/libnss_nis-2.19.so
7f7acbb1b000-7f7acbb1c000 rw-p 0000b000 08:05 920032                     /lib/x86_64-linux-gnu/libnss_nis-2.19.so
7f7acbb1c000-7f7acbb33000 r-xp 00000000 08:05 917077                     /lib/x86_64-linux-gnu/libnsl-2.19.so
7f7acbb33000-7f7acbd32000 ---p 00017000 08:05 917077                     /lib/x86_64-linux-gnu/libnsl-2.19.so
7f7acbd32000-7f7acbd33000 r--p 00016000 08:05 917077                     /lib/x86_64-linux-gnu/libnsl-2.19.so
7f7acbd33000-7f7acbd34000 rw-p 00017000 08:05 917077                     /lib/x86_64-linux-gnu/libnsl-2.19.so
7f7acbd34000-7f7acbd36000 rw-p 00000000 00:00 0 
7f7acbd36000-7f7acc000000 r--p 00000000 08:05 8530                       /usr/lib/locale/locale-archive
7f7acc000000-7f7acc2bb000 rw-p 00000000 00:00 0 
7f7acc2bb000-7f7ad0000000 ---p 00000000 00:00 0 
7f7ad0000000-7f7ad0001000 rw-s 13b63b000 00:05 493                       /dev/dri/card0
7f7ad0001000-7f7ad0002000 rwxp 00000000 00:00 0 
7f7ad0002000-7f7ad0005000 r--s 00041000 00:19 17445968                   /home/ritz/apps/processing-2.2.1/lib/org-netbeans-swing-outline.jar
7f7ad0005000-7f7ad0009000 r--s 0000e000 00:19 17445967                   /home/ritz/apps/processing-2.2.1/lib/jdi.jar
7f7ad0009000-7f7ad000e000 r--s 00068000 00:19 17445997                   /home/ritz/apps/processing-2.2.1/lib/antlr.jar
7f7ad000e000-7f7ad0010000 r--s 00002000 00:19 17445985                   /home/ritz/apps/processing-2.2.1/lib/ant-launcher.jar
7f7ad0010000-7f7ad009e000 rw-p 00000000 00:00 0 
7f7ad009e000-7f7ad00bc000 rw-p 00000000 00:00 0 
7f7ad00bc000-7f7ad00c5000 r-xp 00000000 08:05 917075                     /lib/x86_64-linux-gnu/libnss_compat-2.19.so
7f7ad00c5000-7f7ad02c4000 ---p 00009000 08:05 917075                     /lib/x86_64-linux-gnu/libnss_compat-2.19.so
7f7ad02c4000-7f7ad02c5000 r--p 00008000 08:05 917075                     /lib/x86_64-linux-gnu/libnss_compat-2.19.so
7f7ad02c5000-7f7ad02c6000 rw-p 00009000 08:05 917075                     /lib/x86_64-linux-gnu/libnss_compat-2.19.so
7f7ad02c6000-7f7ad02c9000 r-xp 00000000 00:19 17447416                   /home/ritz/apps/processing-2.2.1/java/lib/amd64/libnpt.so
7f7ad02c9000-7f7ad04c8000 ---p 00003000 00:19 17447416                   /home/ritz/apps/processing-2.2.1/java/lib/amd64/libnpt.so
7f7ad04c8000-7f7ad04c9000 rw-p 00002000 00:19 17447416                   /home/ritz/apps/processing-2.2.1/java/lib/amd64/libnpt.so
7f7ad04c9000-7f7ad0502000 r-xp 00000000 00:19 17447429                   /home/ritz/apps/processing-2.2.1/java/lib/amd64/libjdwp.so
7f7ad0502000-7f7ad0702000 ---p 00039000 00:19 17447429                   /home/ritz/apps/processing-2.2.1/java/lib/amd64/libjdwp.so
7f7ad0702000-7f7ad0703000 rw-p 00039000 00:19 17447429                   /home/ritz/apps/processing-2.2.1/java/lib/amd64/libjdwp.so
7f7ad0703000-7f7ad0704000 rw-p 00000000 00:00 0 
7f7ad0704000-7f7ad072d000 r-xp 00000000 00:19 17447442                   /home/ritz/apps/processing-2.2.1/java/lib/amd64/libjava.so
7f7ad072d000-7f7ad092d000 ---p 00029000 00:19 17447442                   /home/ritz/apps/processing-2.2.1/java/lib/amd64/libjava.so
7f7ad092d000-7f7ad092f000 rw-p 00029000 00:19 17447442                   /home/ritz/apps/processing-2.2.1/java/lib/amd64/libjava.so
7f7ad092f000-7f7ad093c000 r-xp 00000000 00:19 17447401                   /home/ritz/apps/processing-2.2.1/java/lib/amd64/libverify.so
7f7ad093c000-7f7ad0b3b000 ---p 0000d000 00:19 17447401                   /home/ritz/apps/processing-2.2.1/java/lib/amd64/libverify.so
7f7ad0b3b000-7f7ad0b3d000 rw-p 0000c000 00:19 17447401                   /home/ritz/apps/processing-2.2.1/java/lib/amd64/libverify.so
7f7ad0b3d000-7f7ad0b44000 r-xp 00000000 08:05 919103                     /lib/x86_64-linux-gnu/librt-2.19.so
7f7ad0b44000-7f7ad0d43000 ---p 00007000 08:05 919103                     /lib/x86_64-linux-gnu/librt-2.19.so
7f7ad0d43000-7f7ad0d44000 r--p 00006000 08:05 919103                     /lib/x86_64-linux-gnu/librt-2.19.so
7f7ad0d44000-7f7ad0d45000 rw-p 00007000 08:05 919103                     /lib/x86_64-linux-gnu/librt-2.19.so
7f7ad0d45000-7f7ad0e4a000 r-xp 00000000 08:05 917058                     /lib/x86_64-linux-gnu/libm-2.19.so
7f7ad0e4a000-7f7ad1049000 ---p 00105000 08:05 917058                     /lib/x86_64-linux-gnu/libm-2.19.so
7f7ad1049000-7f7ad104a000 r--p 00104000 08:05 917058                     /lib/x86_64-linux-gnu/libm-2.19.so
7f7ad104a000-7f7ad104b000 rw-p 00105000 08:05 917058                     /lib/x86_64-linux-gnu/libm-2.19.so
7f7ad104b000-7f7ad1bad000 r-xp 00000000 00:19 17447414                   /home/ritz/apps/processing-2.2.1/java/lib/amd64/server/libjvm.so
7f7ad1bad000-7f7ad1dad000 ---p 00b62000 00:19 17447414                   /home/ritz/apps/processing-2.2.1/java/lib/amd64/server/libjvm.so
7f7ad1dad000-7f7ad1e70000 rw-p 00b62000 00:19 17447414                   /home/ritz/apps/processing-2.2.1/java/lib/amd64/server/libjvm.so
7f7ad1e70000-7f7ad1eb1000 rw-p 00000000 00:00 0 
7f7ad1eb1000-7f7ad206c000 r-xp 00000000 08:05 917088                     /lib/x86_64-linux-gnu/libc-2.19.so
7f7ad206c000-7f7ad226b000 ---p 001bb000 08:05 917088                     /lib/x86_64-linux-gnu/libc-2.19.so
7f7ad226b000-7f7ad226f000 r--p 001ba000 08:05 917088                     /lib/x86_64-linux-gnu/libc-2.19.so
7f7ad226f000-7f7ad2271000 rw-p 001be000 08:05 917088                     /lib/x86_64-linux-gnu/libc-2.19.so
7f7ad2271000-7f7ad2276000 rw-p 00000000 00:00 0 
7f7ad2276000-7f7ad2279000 r-xp 00000000 08:05 917065                     /lib/x86_64-linux-gnu/libdl-2.19.so
7f7ad2279000-7f7ad2478000 ---p 00003000 08:05 917065                     /lib/x86_64-linux-gnu/libdl-2.19.so
7f7ad2478000-7f7ad2479000 r--p 00002000 08:05 917065                     /lib/x86_64-linux-gnu/libdl-2.19.so
7f7ad2479000-7f7ad247a000 rw-p 00003000 08:05 917065                     /lib/x86_64-linux-gnu/libdl-2.19.so
7f7ad247a000-7f7ad2490000 r-xp 00000000 00:19 17447398                   /home/ritz/apps/processing-2.2.1/java/lib/amd64/jli/libjli.so
7f7ad2490000-7f7ad2690000 ---p 00016000 00:19 17447398                   /home/ritz/apps/processing-2.2.1/java/lib/amd64/jli/libjli.so
7f7ad2690000-7f7ad2691000 rw-p 00016000 00:19 17447398                   /home/ritz/apps/processing-2.2.1/java/lib/amd64/jli/libjli.so
7f7ad2691000-7f7ad26aa000 r-xp 00000000 08:05 917931                     /lib/x86_64-linux-gnu/libpthread-2.19.so
7f7ad26aa000-7f7ad28a9000 ---p 00019000 08:05 917931                     /lib/x86_64-linux-gnu/libpthread-2.19.so
7f7ad28a9000-7f7ad28aa000 r--p 00018000 08:05 917931                     /lib/x86_64-linux-gnu/libpthread-2.19.so
7f7ad28aa000-7f7ad28ab000 rw-p 00019000 08:05 917931                     /lib/x86_64-linux-gnu/libpthread-2.19.so
7f7ad28ab000-7f7ad28af000 rw-p 00000000 00:00 0 
7f7ad28af000-7f7ad28d2000 r-xp 00000000 08:05 917081                     /lib/x86_64-linux-gnu/ld-2.19.so
7f7ad28d2000-7f7ad28d3000 r--p 00000000 00:00 0 
7f7ad28d3000-7f7ad28d4000 r--s 00000000 00:19 17445719                   /home/ritz/apps/processing-2.2.1/core/library/gluegen-rt-natives-linux-armv6hf.jar
7f7ad28d4000-7f7ad28d6000 r--s 00030000 00:19 17445710                   /home/ritz/apps/processing-2.2.1/core/library/jogl-all-natives-linux-i586.jar
7f7ad28d6000-7f7ad28d7000 r--s 00001000 00:19 17445720                   /home/ritz/apps/processing-2.2.1/core/library/gluegen-rt-natives-windows-i586.jar
7f7ad28d7000-7f7ad28db000 r--s 00097000 00:19 17445712                   /home/ritz/apps/processing-2.2.1/core/library/core.jar
7f7ad28db000-7f7ad28e5000 rw-p 00000000 00:00 0 
7f7ad28e5000-7f7ad299b000 rw-p 00000000 00:00 0 
7f7ad299b000-7f7ad299e000 ---p 00000000 00:00 0 
7f7ad299e000-7f7ad2aa0000 rw-p 00000000 00:00 0                          [stack:32291]
7f7ad2aa0000-7f7ad2aa1000 r--s 00063000 00:19 17445677                   /home/ritz/apps/processing-2.2.1/core/library/jogl-all-natives-macosx-universal.jar
7f7ad2aa1000-7f7ad2aa2000 r--s 0002d000 00:19 17445676                   /home/ritz/apps/processing-2.2.1/core/library/jogl-all-natives-windows-i586.jar
7f7ad2aa2000-7f7ad2aa8000 r--s 00041000 00:19 17445698                   /home/ritz/apps/processing-2.2.1/core/library/gluegen-rt.jar
7f7ad2aa8000-7f7ad2aa9000 r--s 00001000 00:19 17445717                   /home/ritz/apps/processing-2.2.1/core/library/gluegen-rt-natives-macosx-universal.jar
7f7ad2aa9000-7f7ad2aaa000 r--s 00000000 00:19 17445711                   /home/ritz/apps/processing-2.2.1/core/library/gluegen-rt-natives-linux-amd64.jar
7f7ad2aaa000-7f7ad2aab000 r--s 00001000 00:19 17445705                   /home/ritz/apps/processing-2.2.1/core/library/gluegen-rt-natives-windows-amd64.jar
7f7ad2aab000-7f7ad2aac000 r--s 00000000 00:19 17445709                   /home/ritz/apps/processing-2.2.1/core/library/gluegen-rt-natives-linux-i586.jar
7f7ad2aac000-7f7ad2aad000 r--s 00031000 00:19 17445715                   /home/ritz/apps/processing-2.2.1/core/library/jogl-all-natives-linux-amd64.jar
7f7ad2aad000-7f7ad2aae000 r--s 00034000 00:19 17445716                   /home/ritz/apps/processing-2.2.1/core/library/jogl-all-natives-windows-amd64.jar
7f7ad2aae000-7f7ad2aaf000 r--s 00022000 00:19 17445713                   /home/ritz/apps/processing-2.2.1/core/library/jogl-all-natives-linux-armv6hf.jar
7f7ad2aaf000-7f7ad2ac3000 rw-p 00000000 00:00 0 
7f7ad2ac3000-7f7ad2acb000 rw-s 00000000 08:05 264354                     /tmp/hsperfdata_ritz/32289
7f7ad2acb000-7f7ad2acc000 rw-p 00000000 00:00 0 
7f7ad2acc000-7f7ad2acd000 r--p 00000000 00:00 0 
7f7ad2acd000-7f7ad2acf000 rw-p 00000000 00:00 0 
7f7ad2acf000-7f7ad2ad1000 r-xp 00000000 00:00 0                          [vdso]
7f7ad2ad1000-7f7ad2ad2000 r--p 00022000 08:05 917081                     /lib/x86_64-linux-gnu/ld-2.19.so
7f7ad2ad2000-7f7ad2ad3000 rw-p 00023000 08:05 917081                     /lib/x86_64-linux-gnu/ld-2.19.so
7f7ad2ad3000-7f7ad2ad4000 rw-p 00000000 00:00 0 
7fffc9d67000-7fffc9d89000 rw-p 00000000 00:00 0                          [stack]
ffffffffff600000-ffffffffff601000 r-xp 00000000 00:00 0                  [vsyscall]

VM Arguments:
jvm_args: -agentlib:jdwp=transport=dt_socket,address=8318,server=y,suspend=y -Djava.library.path=:/usr/java/packages/lib/amd64:/usr/lib64:/lib64:/lib:/usr/lib -ea 
java_command: processing.core.PApplet --display=1 gkale --sketch-path=/home/ritz/git/tripzilch/processing/gkale
Launcher Type: SUN_STANDARD

Environment Variables:
CLASSPATH=/home/ritz/apps/processing-2.2.1/java/lib/rt.jar:/home/ritz/apps/processing-2.2.1/lib/ant-launcher.jar:/home/ritz/apps/processing-2.2.1/lib/ant.jar:/home/ritz/apps/processing-2.2.1/lib/antlr.jar:/home/ritz/apps/processing-2.2.1/lib/com.ibm.icu_4.4.2.v20110823.jar:/home/ritz/apps/processing-2.2.1/lib/jdi.jar:/home/ritz/apps/processing-2.2.1/lib/jdimodel.jar:/home/ritz/apps/processing-2.2.1/lib/jna.jar:/home/ritz/apps/processing-2.2.1/lib/org-netbeans-swing-outline.jar:/home/ritz/apps/processing-2.2.1/lib/org.eclipse.osgi_3.8.1.v20120830-144521.jar:/home/ritz/apps/processing-2.2.1/lib/pde.jar:/home/ritz/apps/processing-2.2.1/core/library/core.jar:/home/ritz/apps/processing-2.2.1/core/library/gluegen-rt-natives-linux-amd64.jar:/home/ritz/apps/processing-2.2.1/core/library/gluegen-rt-natives-linux-armv6hf.jar:/home/ritz/apps/processing-2.2.1/core/library/gluegen-rt-natives-linux-i586.jar:/home/ritz/apps/processing-2.2.1/core/library/gluegen-rt-natives-macosx-universal.jar:/home/ritz/apps/processing-2.2.1/core/library/gluegen-rt-natives-windows-amd64.jar:/home/ritz/apps/processing-2.2.1/core/library/gluegen-rt-natives-windows-i586.jar:/home/ritz/apps/processing-2.2.1/core/library/gluegen-rt.jar:/home/ritz/apps/processing-2.2.1/core/library/jogl-all-natives-linux-amd64.jar:/home/ritz/apps/processing-2.2.1/core/library/jogl-all-natives-linux-armv6hf.jar:/home/ritz/apps/processing-2.2.1/core/library/jogl-all-natives-linux-i586.jar:/home/ritz/apps/processing-2.2.1/core/library/jogl-all-natives-macosx-universal.jar:/home/ritz/apps/processing-2.2.1/core/library/jogl-all-natives-windows-amd64.jar:/home/ritz/apps/processing-2.2.1/core/library/jogl-all-natives-windows-i586.jar:/home/ritz/apps/processing-2.2.1/core/library/jogl-all.jar
PATH=/home/ritz/apps/processing-2.2.1/java/bin:/home/ritz/bin:/usr/local/sbin:/usr/local/bin:/usr/sbin:/usr/bin:/sbin:/bin:/usr/games:/usr/local/games:/home/ritz/apps/processing-2.2.1
USERNAME=ritz
SHELL=/usr/bin/zsh
DISPLAY=:0.0

Signal Handlers:
SIGSEGV: [libjvm.so+0x992d50], sa_mask[0]=0x7ffbfeff, sa_flags=0x10000004
SIGBUS: [libjvm.so+0x992d50], sa_mask[0]=0x7ffbfeff, sa_flags=0x10000004
SIGFPE: [libjvm.so+0x80fb00], sa_mask[0]=0x7ffbfeff, sa_flags=0x10000004
SIGPIPE: [libjvm.so+0x80fb00], sa_mask[0]=0x7ffbfeff, sa_flags=0x10000004
SIGXFSZ: [libjvm.so+0x80fb00], sa_mask[0]=0x7ffbfeff, sa_flags=0x10000004
SIGILL: [libjvm.so+0x80fb00], sa_mask[0]=0x7ffbfeff, sa_flags=0x10000004
SIGUSR1: SIG_DFL, sa_mask[0]=0x00000000, sa_flags=0x00000000
SIGUSR2: [libjvm.so+0x810ff0], sa_mask[0]=0x00000004, sa_flags=0x10000004
SIGHUP: [libjvm.so+0x811f60], sa_mask[0]=0x7ffbfeff, sa_flags=0x10000004
SIGINT: [libjvm.so+0x811f60], sa_mask[0]=0x7ffbfeff, sa_flags=0x10000004
SIGTERM: [libjvm.so+0x811f60], sa_mask[0]=0x7ffbfeff, sa_flags=0x10000004
SIGQUIT: [libjvm.so+0x811f60], sa_mask[0]=0x7ffbfeff, sa_flags=0x10000004


---------------  S Y S T E M  ---------------

OS:jessie/sid

uname:Linux 3.13.0-24-generic #47-Ubuntu SMP Fri May 2 23:30:00 UTC 2014 x86_64
libc:glibc 2.19 NPTL 2.19 
rlimit: STACK 8192k, CORE 0k, NPROC 28207, NOFILE 4096, AS infinity
load average:1.68 1.72 1.47

/proc/meminfo:
MemTotal:        3641608 kB
MemFree:          273460 kB
Buffers:           34960 kB
Cached:           879908 kB
SwapCached:       112644 kB
Active:          1707944 kB
Inactive:        1088796 kB
Active(anon):    1436824 kB
Inactive(anon):   807492 kB
Active(file):     271120 kB
Inactive(file):   281304 kB
Unevictable:       85908 kB
Mlocked:           85908 kB
SwapTotal:       8013944 kB
SwapFree:        7516576 kB
Dirty:               132 kB
Writeback:             0 kB
AnonPages:       1897012 kB
Mapped:           482708 kB
Shmem:            358896 kB
Slab:             161236 kB
SReclaimable:      82656 kB
SUnreclaim:        78580 kB
KernelStack:        5688 kB
PageTables:        74232 kB
NFS_Unstable:          0 kB
Bounce:                0 kB
WritebackTmp:          0 kB
CommitLimit:     9834748 kB
Committed_AS:    8650900 kB
VmallocTotal:   34359738367 kB
VmallocUsed:      301384 kB
VmallocChunk:   34359371976 kB
HardwareCorrupted:     0 kB
AnonHugePages:     65536 kB
HugePages_Total:       0
HugePages_Free:        0
HugePages_Rsvd:        0
HugePages_Surp:        0
Hugepagesize:       2048 kB
DirectMap4k:       86808 kB
DirectMap2M:     2646016 kB
DirectMap1G:     1048576 kB


CPU:total 2 (2 cores per cpu, 1 threads per core) family 20 model 2 stepping 0, cmov, cx8, fxsr, mmx, sse, sse2, sse3, ssse3, popcnt, mmxext, lzcnt, sse4a, tsc, tscinvbit, tscinv

/proc/cpuinfo:
processor	: 0
vendor_id	: AuthenticAMD
cpu family	: 20
model		: 2
model name	: AMD E-450 APU with Radeon(tm) HD Graphics
stepping	: 0
microcode	: 0x5000101
cpu MHz		: 1320.000
cache size	: 512 KB
physical id	: 0
siblings	: 2
core id		: 0
cpu cores	: 2
apicid		: 0
initial apicid	: 0
fpu		: yes
fpu_exception	: yes
cpuid level	: 6
wp		: yes
flags		: fpu vme de pse tsc msr pae mce cx8 apic sep mtrr pge mca cmov pat pse36 clflush mmx fxsr sse sse2 ht syscall nx mmxext fxsr_opt pdpe1gb rdtscp lm constant_tsc rep_good nopl nonstop_tsc extd_apicid aperfmperf pni monitor ssse3 cx16 popcnt lahf_lm cmp_legacy svm extapic cr8_legacy abm sse4a misalignsse 3dnowprefetch ibs skinit wdt arat hw_pstate npt lbrv svm_lock nrip_save pausefilter
bogomips	: 3292.79
TLB size	: 1024 4K pages
clflush size	: 64
cache_alignment	: 64
address sizes	: 36 bits physical, 48 bits virtual
power management: ts ttp tm stc 100mhzsteps hwpstate

processor	: 1
vendor_id	: AuthenticAMD
cpu family	: 20
model		: 2
model name	: AMD E-450 APU with Radeon(tm) HD Graphics
stepping	: 0
microcode	: 0x5000101
cpu MHz		: 1650.000
cache size	: 512 KB
physical id	: 0
siblings	: 2
core id		: 1
cpu cores	: 2
apicid		: 1
initial apicid	: 1
fpu		: yes
fpu_exception	: yes
cpuid level	: 6
wp		: yes
flags		: fpu vme de pse tsc msr pae mce cx8 apic sep mtrr pge mca cmov pat pse36 clflush mmx fxsr sse sse2 ht syscall nx mmxext fxsr_opt pdpe1gb rdtscp lm constant_tsc rep_good nopl nonstop_tsc extd_apicid aperfmperf pni monitor ssse3 cx16 popcnt lahf_lm cmp_legacy svm extapic cr8_legacy abm sse4a misalignsse 3dnowprefetch ibs skinit wdt arat hw_pstate npt lbrv svm_lock nrip_save pausefilter
bogomips	: 3292.79
TLB size	: 1024 4K pages
clflush size	: 64
cache_alignment	: 64
address sizes	: 36 bits physical, 48 bits virtual
power management: ts ttp tm stc 100mhzsteps hwpstate



Memory: 4k page, physical 3641608k(273460k free), swap 8013944k(7516576k free)

vm_info: Java HotSpot(TM) 64-Bit Server VM (24.0-b56) for linux-amd64 JRE (1.7.0_40-b43), built on Aug 26 2013 23:53:33 by "java_re" with gcc 4.3.0 20080428 (Red Hat 4.3.0-8)

time: Wed Sep  9 14:27:42 2015
elapsed time: 270 seconds

